2025-01-27 06:42:13.239 [info] [main] Log level: Info
2025-01-27 06:42:13.239 [info] [main] Validating found git in: "git"
2025-01-27 06:42:13.239 [info] [main] Using git "2.43.0" from "git"
2025-01-27 06:42:13.239 [info] [Model][doInitialScan] Initial repository scan started
2025-01-27 06:42:13.239 [info] > git rev-parse --show-toplevel [1154ms]
2025-01-27 06:42:13.239 [info] [Model][doInitialScan] Initial repository scan completed - repositories (0), closed repositories (0), parent repositories (1), unsafe repositories (0)
2025-01-27 06:42:13.240 [info] > git rev-parse --show-toplevel [2ms]
2025-01-27 06:42:15.958 [info] > git rev-parse --show-toplevel [95ms]
2025-01-27 06:42:24.809 [info] > git rev-parse --show-toplevel [30ms]
2025-01-27 06:42:24.825 [info] > git rev-parse --git-dir --git-common-dir [2ms]
2025-01-27 06:42:24.839 [info] [Model][openRepository] Opened repository: /home/stevenlagadapati1012
2025-01-27 06:42:24.871 [info] > git config --get commit.template [16ms]
2025-01-27 06:42:24.872 [info] > git for-each-ref --format=%(refname)%00%(upstream:short)%00%(objectname)%00%(upstream:track)%00%(upstream:remotename)%00%(upstream:remoteref) refs/heads/main refs/remotes/main [4ms]
2025-01-27 06:42:24.913 [info] > git for-each-ref --sort -committerdate --format %(refname) %(objectname) %(*objectname) [8ms]
2025-01-27 06:42:24.916 [info] > git status -z -uall [29ms]
2025-01-27 06:42:25.028 [info] > git for-each-ref --format=%(refname)%00%(upstream:short)%00%(objectname)%00%(upstream:track)%00%(upstream:remotename)%00%(upstream:remoteref) refs/heads/main refs/remotes/main [66ms]
2025-01-27 06:42:25.157 [info] > git config --get commit.template [130ms]
2025-01-27 06:42:25.159 [info] > git config --local branch.main.vscode-merge-base [106ms]
2025-01-27 06:42:25.159 [warning] [Git][config] git config failed: Failed to execute git
2025-01-27 06:42:25.387 [info] > git for-each-ref --format=%(refname)%00%(upstream:short)%00%(objectname)%00%(upstream:track)%00%(upstream:remotename)%00%(upstream:remoteref) refs/heads/main refs/remotes/main [160ms]
2025-01-27 06:42:25.414 [info] > git reflog main --grep-reflog=branch: Created from *. [213ms]
2025-01-27 06:42:25.456 [info] > git status -z -uall [55ms]
2025-01-27 06:42:25.457 [info] > git check-ignore -v -z --stdin [8ms]
2025-01-27 06:42:25.459 [info] > git symbolic-ref --short refs/remotes/origin/HEAD [23ms]
2025-01-27 06:42:25.459 [info] fatal: ref refs/remotes/origin/HEAD is not a symbolic ref
2025-01-27 06:42:25.459 [warning] [Repository][getDefaultBranch] Failed to get default branch details: Failed to execute git.
2025-01-27 06:42:25.461 [info] > git for-each-ref --sort -committerdate --format %(refname) %(objectname) %(*objectname) [46ms]
2025-01-27 06:42:25.518 [info] > git show --textconv :templates/index.html [14ms]
2025-01-27 06:42:25.520 [info] > git ls-files --stage -- /home/stevenlagadapati1012/templates/index.html [4ms]
2025-01-27 06:42:25.534 [info] > git cat-file -s 95cf2d46530cd0efcba7b7cd0b6b59bacb65ca62 [3ms]
2025-01-27 06:42:40.613 [info] > git show --textconv :templates/templates [11ms]
2025-01-27 06:42:40.614 [info] > git ls-files --stage -- /home/stevenlagadapati1012/templates/templates [4ms]
2025-01-27 06:42:40.798 [info] > git check-ignore -v -z --stdin [2ms]
2025-01-27 06:42:44.770 [info] > git show --textconv :templates/index.html [8ms]
2025-01-27 06:42:44.772 [info] > git ls-files --stage -- /home/stevenlagadapati1012/templates/index.html [3ms]
2025-01-27 06:42:44.781 [info] > git cat-file -s 95cf2d46530cd0efcba7b7cd0b6b59bacb65ca62 [1ms]
2025-01-27 06:42:55.638 [info] > git show --textconv :templates/templates/index.html [8ms]
2025-01-27 06:42:55.639 [info] > git ls-files --stage -- /home/stevenlagadapati1012/templates/templates/index.html [2ms]
2025-01-27 06:42:55.831 [info] > git check-ignore -v -z --stdin [2ms]
2025-01-27 06:43:36.594 [info] > git config --get commit.template [3ms]
2025-01-27 06:43:36.606 [info] > git for-each-ref --format=%(refname)%00%(upstream:short)%00%(objectname)%00%(upstream:track)%00%(upstream:remotename)%00%(upstream:remoteref) refs/heads/main refs/remotes/main [3ms]
2025-01-27 06:43:36.632 [info] > git for-each-ref --sort -committerdate --format %(refname) %(objectname) %(*objectname) [4ms]
2025-01-27 06:43:36.634 [info] > git status -z -uall [17ms]
2025-01-27 06:44:09.760 [info] > git config --get commit.template [9ms]
2025-01-27 06:44:09.761 [info] > git for-each-ref --format=%(refname)%00%(upstream:short)%00%(objectname)%00%(upstream:track)%00%(upstream:remotename)%00%(upstream:remoteref) refs/heads/main refs/remotes/main [2ms]
2025-01-27 06:44:09.778 [info] > git for-each-ref --sort -committerdate --format %(refname) %(objectname) %(*objectname) [2ms]
2025-01-27 06:44:09.785 [info] > git status -z -uall [17ms]
2025-01-27 06:44:37.726 [info] > git check-ignore -v -z --stdin [3ms]
2025-01-27 06:45:32.849 [info] > git check-ignore -v -z --stdin [5ms]
2025-01-27 06:45:41.380 [info] > git config --get commit.template [8ms]
2025-01-27 06:45:41.382 [info] > git for-each-ref --format=%(refname)%00%(upstream:short)%00%(objectname)%00%(upstream:track)%00%(upstream:remotename)%00%(upstream:remoteref) refs/heads/main refs/remotes/main [3ms]
2025-01-27 06:45:41.398 [info] > git for-each-ref --sort -committerdate --format %(refname) %(objectname) %(*objectname) [3ms]
2025-01-27 06:45:41.407 [info] > git status -z -uall [19ms]
2025-01-27 06:45:43.343 [info] > git show --textconv :templates/script.js [14ms]
2025-01-27 06:45:43.345 [info] > git ls-files --stage -- /home/stevenlagadapati1012/templates/script.js [4ms]
2025-01-27 06:45:46.428 [info] > git config --get commit.template [8ms]
2025-01-27 06:45:46.429 [info] > git for-each-ref --format=%(refname)%00%(upstream:short)%00%(objectname)%00%(upstream:track)%00%(upstream:remotename)%00%(upstream:remoteref) refs/heads/main refs/remotes/main [2ms]
2025-01-27 06:45:46.445 [info] > git for-each-ref --sort -committerdate --format %(refname) %(objectname) %(*objectname) [2ms]
2025-01-27 06:45:46.454 [info] > git status -z -uall [18ms]
2025-01-27 06:45:55.444 [info] > git config --get commit.template [7ms]
2025-01-27 06:45:55.446 [info] > git for-each-ref --format=%(refname)%00%(upstream:short)%00%(objectname)%00%(upstream:track)%00%(upstream:remotename)%00%(upstream:remoteref) refs/heads/main refs/remotes/main [2ms]
2025-01-27 06:45:55.461 [info] > git for-each-ref --sort -committerdate --format %(refname) %(objectname) %(*objectname) [2ms]
2025-01-27 06:45:55.470 [info] > git status -z -uall [18ms]
2025-01-27 06:46:14.702 [info] > git check-ignore -v -z --stdin [2ms]
2025-01-27 06:46:48.715 [info] > git check-ignore -v -z --stdin [2ms]
2025-01-27 06:47:08.658 [info] > git check-ignore -v -z --stdin [2ms]
