Initializing document watcher...
Document watcher initialized
stevenlagadapati1012/app.py: {}
stevenlagadapati1012/app.py: {}
stevenlagadapati1012/index.html : {}
stevenlagadapati1012/index.html : {}
stevenlagadapati1012/index.html : {}
stevenlagadapati1012/script.js : {}
stevenlagadapati1012/script.js : {}
stevenlagadapati1012/script.js : {}
stevenlagadapati1012/script.js : {}
stevenlagadapati1012/script.js : {}
stevenlagadapati1012/Procfile: {}
stevenlagadapati1012/README-cloudshell.txt: {}
stevenlagadapati1012/script.js : {}
stevenlagadapati1012/index.html : {}
stevenlagadapati1012/app.py: {}
stevenlagadapati1012/README-cloudshell.txt: {}
stevenlagadapati1012/script.js : {}
stevenlagadapati1012/script.js : {}
stevenlagadapati1012/requirements.txt: {}
stevenlagadapati1012/requirements.txt: {}
stevenlagadapati1012/requirements.txt: {}
stevenlagadapati1012/requirements.txt: {}
stevenlagadapati1012/procfile: {}
stevenlagadapati1012/procfile: Using EditorConfig core...
stevenlagadapati1012/procfile: {}
stevenlagadapati1012/procfile: {}
stevenlagadapati1012/requirements.txt: {}
stevenlagadapati1012/requirements.txt: Using EditorConfig core...
stevenlagadapati1012/README-cloudshell.txt: {}
stevenlagadapati1012/README-cloudshell.txt: {}
stevenlagadapati1012/README-cloudshell.txt: {}
stevenlagadapati1012/README-cloudshell.txt: {}
stevenlagadapati1012/index.html : {}
stevenlagadapati1012/script.js : {}
stevenlagadapati1012/script.js : Using EditorConfig core...
stevenlagadapati1012/script.js : {}
stevenlagadapati1012/script.js : {}
stevenlagadapati1012/index.html : {}
stevenlagadapati1012/index.html : Using EditorConfig core...
stevenlagadapati1012/app.py: {}
stevenlagadapati1012/procfile: {}
stevenlagadapati1012/app.py: {}
stevenlagadapati1012/app.py: {}
stevenlagadapati1012/app.py: {}
stevenlagadapati1012/app.py: Using EditorConfig core...
stevenlagadapati1012/app.py: {}
stevenlagadapati1012/app.py: {}
stevenlagadapati1012/app.py: {}
stevenlagadapati1012/app.py: {}
stevenlagadapati1012/app.py: {}
stevenlagadapati1012/app.py: {}
stevenlagadapati1012/app.py: {}
stevenlagadapati1012/app.py: {}
stevenlagadapati1012/app.py: Using EditorConfig core...
stevenlagadapati1012/app.py: Using EditorConfig core...
stevenlagadapati1012/app.py: {}
stevenlagadapati1012/app.py: Using EditorConfig core...
stevenlagadapati1012/app.py: {}
stevenlagadapati1012/app.py: {}
stevenlagadapati1012/app.py: Using EditorConfig core...
stevenlagadapati1012/app.py: Using EditorConfig core...
stevenlagadapati1012/app.py: Using EditorConfig core...
stevenlagadapati1012/app.py: {}
stevenlagadapati1012/app.py: Using EditorConfig core...
stevenlagadapati1012/app.py: Using EditorConfig core...
stevenlagadapati1012/app.py: Using EditorConfig core...
stevenlagadapati1012/app.py: {}
stevenlagadapati1012/app.py: {}
stevenlagadapati1012/app.py: Using EditorConfig core...
stevenlagadapati1012/app.py: Using EditorConfig core...
stevenlagadapati1012/app.py: {}
stevenlagadapati1012/app.py: Using EditorConfig core...
stevenlagadapati1012/app.py: Using EditorConfig core...
stevenlagadapati1012/app.py: Using EditorConfig core...
stevenlagadapati1012/app.py: Using EditorConfig core...
stevenlagadapati1012/app.py: Using EditorConfig core...
stevenlagadapati1012/app.py: Using EditorConfig core...
stevenlagadapati1012/app.py: Using EditorConfig core...
stevenlagadapati1012/app.py: Using EditorConfig core...
stevenlagadapati1012/app.py: Using EditorConfig core...
stevenlagadapati1012/app.py: Using EditorConfig core...
stevenlagadapati1012/app.py: Using EditorConfig core...
stevenlagadapati1012/app.py: Using EditorConfig core...
stevenlagadapati1012/app.py: Using EditorConfig core...
stevenlagadapati1012/app.py: Using EditorConfig core...
stevenlagadapati1012/app.py: Using EditorConfig core...
stevenlagadapati1012/app.py: Using EditorConfig core...
stevenlagadapati1012/app.py: Using EditorConfig core...
stevenlagadapati1012/app.py: Using EditorConfig core...
stevenlagadapati1012/app.py: Using EditorConfig core...
stevenlagadapati1012/app.py: Using EditorConfig core...
stevenlagadapati1012/app.py: {}
stevenlagadapati1012/app.py: {}
stevenlagadapati1012/app.py: {}
stevenlagadapati1012/app.py: {}
stevenlagadapati1012/app.py: {}
stevenlagadapati1012/app.py: {}
stevenlagadapati1012/app.py: {}
stevenlagadapati1012/app.py: Using EditorConfig core...
stevenlagadapati1012/app.py: Using EditorConfig core...
stevenlagadapati1012/app.py: Using EditorConfig core...
stevenlagadapati1012/app.py: Using EditorConfig core...
stevenlagadapati1012/app.py: Using EditorConfig core...
stevenlagadapati1012/app.py: Using EditorConfig core...
stevenlagadapati1012/app.py: Using EditorConfig core...
stevenlagadapati1012/app.py: Using EditorConfig core...
stevenlagadapati1012/app.py: Using EditorConfig core...
stevenlagadapati1012/app.py: Using EditorConfig core...
stevenlagadapati1012/app.py: Using EditorConfig core...
stevenlagadapati1012/app.py: Using EditorConfig core...
stevenlagadapati1012/app.py: Using EditorConfig core...
stevenlagadapati1012/app.py: Using EditorConfig core...
stevenlagadapati1012/app.py: Using EditorConfig core...
stevenlagadapati1012/app.py: Using EditorConfig core...
stevenlagadapati1012/app.py: Using EditorConfig core...
stevenlagadapati1012/app.py: Using EditorConfig core...
stevenlagadapati1012/app.py: Using EditorConfig core...
stevenlagadapati1012/app.py: Using EditorConfig core...
stevenlagadapati1012/app.py: Using EditorConfig core...
stevenlagadapati1012/app.py: Using EditorConfig core...
stevenlagadapati1012/app.py: Using EditorConfig core...
stevenlagadapati1012/app.py: Using EditorConfig core...
stevenlagadapati1012/app.py: Using EditorConfig core...
stevenlagadapati1012/app.py: Using EditorConfig core...
stevenlagadapati1012/app.py: Using EditorConfig core...
stevenlagadapati1012/app.py: Using EditorConfig core...
stevenlagadapati1012/app.py: Using EditorConfig core...
stevenlagadapati1012/app.py: Using EditorConfig core...
stevenlagadapati1012/app.py: Using EditorConfig core...
stevenlagadapati1012/app.py: Using EditorConfig core...
stevenlagadapati1012/app.py: Using EditorConfig core...
stevenlagadapati1012/app.py: Using EditorConfig core...
stevenlagadapati1012/app.py: Using EditorConfig core...
stevenlagadapati1012/app.py: Using EditorConfig core...
stevenlagadapati1012/app.py: Using EditorConfig core...
stevenlagadapati1012/app.py: Using EditorConfig core...
stevenlagadapati1012/app.py: Using EditorConfig core...
stevenlagadapati1012/app.py: Using EditorConfig core...
stevenlagadapati1012/app.py: Using EditorConfig core...
stevenlagadapati1012/app.py: Using EditorConfig core...
stevenlagadapati1012/app.py: Using EditorConfig core...
stevenlagadapati1012/app.py: Using EditorConfig core...
stevenlagadapati1012/app.py: Using EditorConfig core...
stevenlagadapati1012/app.py: Using EditorConfig core...
stevenlagadapati1012/app.py: Using EditorConfig core...
stevenlagadapati1012/app.py: Using EditorConfig core...
stevenlagadapati1012/app.py: Using EditorConfig core...
stevenlagadapati1012/app.py: {}
stevenlagadapati1012/index.html : {}
stevenlagadapati1012/script.js : {}
stevenlagadapati1012/app.py: {}
stevenlagadapati1012/app.py: {}
stevenlagadapati1012/app.py: {}
stevenlagadapati1012/index.html : {}
stevenlagadapati1012/procfile: {}
stevenlagadapati1012/README-cloudshell.txt: {}
stevenlagadapati1012/app.py: {}
stevenlagadapati1012/app.py: {}
