Initializing document watcher...
Document watcher initialized
stevenlagadapati1012/app1.py: {}
stevenlagadapati1012/app1.py: {}
stevenlagadapati1012/app1.py: {}
stevenlagadapati1012/app1.py: {}
stevenlagadapati1012/app1.py: Using EditorConfig core...
stevenlagadapati1012/app1.py: Using EditorConfig core...
stevenlagadapati1012/app1.py: Using EditorConfig core...
stevenlagadapati1012/app1.py: Using EditorConfig core...
stevenlagadapati1012/app1.py: {}
stevenlagadapati1012/app1.py: {}
stevenlagadapati1012/templates/index.html : {}
stevenlagadapati1012/index.html : {}
stevenlagadapati1012/templates/index.html : {}
stevenlagadapati1012/README-cloudshell.txt: {}
stevenlagadapati1012/requirements.txt: {}
stevenlagadapati1012/script.js : {}
stevenlagadapati1012/procfile: {}
stevenlagadapati1012/app.py: {}
stevenlagadapati1012/app.py: {}
stevenlagadapati1012/app.py: {}
stevenlagadapati1012/procfile: {}
stevenlagadapati1012/app1.py: {}
stevenlagadapati1012/app1.py: {}
stevenlagadapati1012/templates/index.html : {}
stevenlagadapati1012/templates/index.html : Using EditorConfig core...
stevenlagadapati1012/templates/index.html : Using EditorConfig core...
stevenlagadapati1012/templates/index.html : {}
stevenlagadapati1012/app1.py: {}
stevenlagadapati1012/app1.py: {}
stevenlagadapati1012/app1.py: {}
stevenlagadapati1012/app1.py: {}
stevenlagadapati1012/app1.py: {}
stevenlagadapati1012/app.py: {}
stevenlagadapati1012/templates/app1.py: {}
stevenlagadapati1012/app1.py: {}
stevenlagadapati1012/app1.py: {}
stevenlagadapati1012/app1.py: {}
stevenlagadapati1012/app1.py: {}
stevenlagadapati1012/app1.py: {}
stevenlagadapati1012/app1.py: {}
stevenlagadapati1012/app1.py: {}
stevenlagadapati1012/app1.py: {}
stevenlagadapati1012/app1.py: {}
stevenlagadapati1012/app1.py: Using EditorConfig core...
stevenlagadapati1012/app1.py: {}
stevenlagadapati1012/app1.py: {}
stevenlagadapati1012/app1.py: {}
stevenlagadapati1012/app1.py: {}
stevenlagadapati1012/templates/index.html : {}
stevenlagadapati1012/templates/index.html : {}
stevenlagadapati1012/templates/index.html : {}
stevenlagadapati1012/templates/index.html : Using EditorConfig core...
stevenlagadapati1012/templates/index.html : {}
stevenlagadapati1012/templates/index.html : {}
stevenlagadapati1012/templates/index.html : {}
stevenlagadapati1012/templates/index.html : {}
stevenlagadapati1012/app.py: {}
stevenlagadapati1012/app.py: {}
stevenlagadapati1012/app.py: {}
stevenlagadapati1012/app.py: {}
stevenlagadapati1012/app.py: {}
stevenlagadapati1012/templates/index.html : {}
stevenlagadapati1012/templates/index.html : {}
stevenlagadapati1012/templates/index.html : {}
stevenlagadapati1012/templates/index.html : {}
stevenlagadapati1012/templates/index.html : {}
stevenlagadapati1012/templates/index.html : {}
stevenlagadapati1012/templates/index.html : Using EditorConfig core...
stevenlagadapati1012/templates/index.html : Using EditorConfig core...
stevenlagadapati1012/templates/index.html : {}
stevenlagadapati1012/app1.py: {}
stevenlagadapati1012/app1.py: Using EditorConfig core...
stevenlagadapati1012/app1.py: {}
stevenlagadapati1012/app1.py: {}
stevenlagadapati1012/app1.py: Using EditorConfig core...
stevenlagadapati1012/app1.py: {}
stevenlagadapati1012/app1.py: {}
stevenlagadapati1012/templates/index.html : {}
stevenlagadapati1012/templates/index.html: {}
stevenlagadapati1012/templates/index.html: {}
stevenlagadapati1012/templates/index.html: {}
stevenlagadapati1012/app1.py: {}
stevenlagadapati1012/app1.py: {}
stevenlagadapati1012/app1.py: Using EditorConfig core...
stevenlagadapati1012/app1.py: Using EditorConfig core...
stevenlagadapati1012/app1.py: Using EditorConfig core...
stevenlagadapati1012/app1.py: Using EditorConfig core...
stevenlagadapati1012/app1.py: {}
stevenlagadapati1012/app1.py: Using EditorConfig core...
stevenlagadapati1012/app1.py: Using EditorConfig core...
stevenlagadapati1012/app1.py: Using EditorConfig core...
stevenlagadapati1012/app1.py: Using EditorConfig core...
stevenlagadapati1012/app1.py: {}
stevenlagadapati1012/app1.py: Using EditorConfig core...
stevenlagadapati1012/app1.py: {}
stevenlagadapati1012/app1.py: {}
stevenlagadapati1012/app1.py: Using EditorConfig core...
stevenlagadapati1012/app1.py: {}
stevenlagadapati1012/app1.py: {}
stevenlagadapati1012/tts/tts_20250126-112642PM.wav.txt: {}
stevenlagadapati1012/tts/tts_20250126-112620PM.wav.txt: {}
stevenlagadapati1012/tts/tts_20250126-112559PM.wav.txt: {}
stevenlagadapati1012/tts/tts_20250126-112642PM.wav.txt: {}
No more open editors.
stevenlagadapati1012/app1.py: {}
stevenlagadapati1012/app1.py: {}
stevenlagadapati1012/app1.py: {}
stevenlagadapati1012/tts/tts_20250126-112559PM.wav.txt: {}
stevenlagadapati1012/app1.py: {}
stevenlagadapati1012/app1.py: {}
stevenlagadapati1012/tts/tts_20250126-112620PM.wav.txt: {}
stevenlagadapati1012/tts/tts_20250126-112620PM.wav.txt: Using EditorConfig core...
stevenlagadapati1012/app1.py: {}
stevenlagadapati1012/app1.py: {}
stevenlagadapati1012/tts/tts_20250126-112642PM.wav.txt: {}
stevenlagadapati1012/tts/tts_20250126-112642PM.wav.txt: Using EditorConfig core...
stevenlagadapati1012/app1.py: {}
stevenlagadapati1012/app1.py: Using EditorConfig core...
stevenlagadapati1012/app1.py: {}
stevenlagadapati1012/app1.py: {}
stevenlagadapati1012/app1.py: Using EditorConfig core...
stevenlagadapati1012/app1.py: {}
stevenlagadapati1012/app1.py: Using EditorConfig core...
stevenlagadapati1012/app1.py: {}
stevenlagadapati1012/app1.py: {}
stevenlagadapati1012/app1.py: {}
stevenlagadapati1012/app1.py: {}
stevenlagadapati1012/app1.py: {}
stevenlagadapati1012/app1.py: {}
stevenlagadapati1012/app1.py: Using EditorConfig core...
stevenlagadapati1012/app1.py: Using EditorConfig core...
stevenlagadapati1012/app1.py: {}
stevenlagadapati1012/app1.py: {}
stevenlagadapati1012/app1.py: Using EditorConfig core...
stevenlagadapati1012/app1.py: Using EditorConfig core...
stevenlagadapati1012/app1.py: Using EditorConfig core...
stevenlagadapati1012/app1.py: Using EditorConfig core...
stevenlagadapati1012/app1.py: {}
stevenlagadapati1012/app1.py: Using EditorConfig core...
stevenlagadapati1012/app1.py: Using EditorConfig core...
stevenlagadapati1012/app1.py: {}
stevenlagadapati1012/tts/tts_20250126-113628PM.wav.txt: {}
stevenlagadapati1012/templates/index.html: {}
stevenlagadapati1012/app.py: {}
stevenlagadapati1012/app1.py: {}
stevenlagadapati1012/app1.py: {}
stevenlagadapati1012/app1.py: {}
stevenlagadapati1012/app.py: {}
stevenlagadapati1012/app.py: Using EditorConfig core...
stevenlagadapati1012/app.py: {}
stevenlagadapati1012/app.py: {}
stevenlagadapati1012/app.py: {}
stevenlagadapati1012/app.py: {}
stevenlagadapati1012/main.py: {}
stevenlagadapati1012/main.py: Using EditorConfig core...
stevenlagadapati1012/main.py: Using EditorConfig core...
stevenlagadapati1012/main.py: Using EditorConfig core...
stevenlagadapati1012/main.py: Using EditorConfig core...
stevenlagadapati1012/main.py: Using EditorConfig core...
stevenlagadapati1012/main.py: Using EditorConfig core...
stevenlagadapati1012/main.py: Using EditorConfig core...
stevenlagadapati1012/main.py: Using EditorConfig core...
stevenlagadapati1012/main.py: Using EditorConfig core...
stevenlagadapati1012/main.py: Using EditorConfig core...
stevenlagadapati1012/main.py: Using EditorConfig core...
stevenlagadapati1012/main.py: Using EditorConfig core...
stevenlagadapati1012/app1.py: {}
stevenlagadapati1012/app1.py: {}
stevenlagadapati1012/app1.py: {}
stevenlagadapati1012/app1.py: {}
stevenlagadapati1012/tts/tts_20250126-113628PM.wav.txt: {}
stevenlagadapati1012/tts/tts_20250126-114343PM.wav.txt: {}
stevenlagadapati1012/app1.py: {}
stevenlagadapati1012/app1.py: {}
stevenlagadapati1012/app1.py: {}
stevenlagadapati1012/app1.py: {}
stevenlagadapati1012/app1.py: {}
stevenlagadapati1012/app1.py: {}
stevenlagadapati1012/app.py: {}
stevenlagadapati1012/app.py: {}
stevenlagadapati1012/app.py: {}
stevenlagadapati1012/gpt.py: {}
stevenlagadapati1012/gpt.py: Using EditorConfig core...
stevenlagadapati1012/gpt.py: Using EditorConfig core...
stevenlagadapati1012/app1.py: {}
stevenlagadapati1012/gpt.py: {}
stevenlagadapati1012/gpt.py: Using EditorConfig core...
stevenlagadapati1012/gpt.py: {}
stevenlagadapati1012/tts/tts_20250126-115040PM.wav.txt: {}
stevenlagadapati1012/gpt.py: {}
stevenlagadapati1012/tts/tts_20250126-113628PM.wav.txt: {}
stevenlagadapati1012/gpt.py: {}
stevenlagadapati1012/gpt.py: {}
stevenlagadapati1012/tts/tts_20250126-114343PM.wav.txt: {}
stevenlagadapati1012/tts/tts_20250126-114343PM.wav.txt: Using EditorConfig core...
stevenlagadapati1012/gpt.py: {}
stevenlagadapati1012/gpt.py: {}
stevenlagadapati1012/tts/tts_20250126-115040PM.wav.txt: {}
stevenlagadapati1012/gpt.py: {}
stevenlagadapati1012/script.js : {}
stevenlagadapati1012/script.js: {}
stevenlagadapati1012/requirements.txt: {}
stevenlagadapati1012/requirements.txt: {}
stevenlagadapati1012/tts/tts_20250126-115219PM.wav.txt: {}
stevenlagadapati1012/tts/tts_20250126-115157PM.wav.txt: {}
stevenlagadapati1012/script.js: {}
stevenlagadapati1012/README-cloudshell.txt: {}
stevenlagadapati1012/main.py: {}
stevenlagadapati1012/README-cloudshell.txt: {}
stevenlagadapati1012/app1.py: {}
stevenlagadapati1012/gpt.py: {}
stevenlagadapati1012/app.py: {}
stevenlagadapati1012/app.py: {}
stevenlagadapati1012/app.py: {}
