2025-01-27 22:11:02.232 [info] [main] Log level: Info
2025-01-27 22:11:02.232 [info] [main] Validating found git in: "git"
2025-01-27 22:11:02.232 [info] [main] Using git "2.43.0" from "git"
2025-01-27 22:11:02.232 [info] [Model][doInitialScan] Initial repository scan started
2025-01-27 22:11:02.232 [info] > git rev-parse --show-toplevel [253ms]
2025-01-27 22:11:02.232 [info] > git rev-parse --git-dir --git-common-dir [1599ms]
2025-01-27 22:11:02.232 [info] [Model][openRepository] Opened repository: /home/stevenlagadapati1012
2025-01-27 22:11:02.232 [info] > git config --get commit.template [29ms]
2025-01-27 22:11:02.389 [info] > git for-each-ref --format=%(refname)%00%(upstream:short)%00%(objectname)%00%(upstream:track)%00%(upstream:remotename)%00%(upstream:remoteref) refs/heads/master refs/remotes/master [150ms]
2025-01-27 22:11:02.848 [info] > git rev-parse --show-toplevel [405ms]
2025-01-27 22:11:05.500 [info] > git check-ignore -v -z --stdin [2644ms]
2025-01-27 22:11:05.501 [info] > git status -z -uall [2633ms]
2025-01-27 22:11:05.502 [info] > git rev-parse --show-toplevel [2591ms]
2025-01-27 22:11:05.503 [info] > git for-each-ref --sort -committerdate --format %(refname) %(objectname) %(*objectname) [2609ms]
2025-01-27 22:11:05.569 [info] > git for-each-ref --format=%(refname)%00%(upstream:short)%00%(objectname)%00%(upstream:track)%00%(upstream:remotename)%00%(upstream:remoteref) refs/heads/master refs/remotes/master [47ms]
2025-01-27 22:11:05.581 [info] > git config --get commit.template [37ms]
2025-01-27 22:11:05.582 [info] > git rev-parse --show-toplevel [44ms]
2025-01-27 22:11:05.609 [info] > git config --local branch.master.vscode-merge-base [31ms]
2025-01-27 22:11:05.609 [warning] [Git][config] git config failed: Failed to execute git
2025-01-27 22:11:05.888 [info] > git reflog master --grep-reflog=branch: Created from *. [272ms]
2025-01-27 22:11:05.896 [info] > git rev-parse --show-toplevel [305ms]
2025-01-27 22:11:05.924 [info] > git for-each-ref --format=%(refname)%00%(upstream:short)%00%(objectname)%00%(upstream:track)%00%(upstream:remotename)%00%(upstream:remoteref) refs/heads/master refs/remotes/master [268ms]
2025-01-27 22:11:05.948 [info] > git rev-parse --show-toplevel [26ms]
2025-01-27 22:11:05.949 [info] > git symbolic-ref --short refs/remotes/origin/HEAD [52ms]
2025-01-27 22:11:05.949 [info] fatal: ref refs/remotes/origin/HEAD is not a symbolic ref
2025-01-27 22:11:05.949 [warning] [Repository][getDefaultBranch] Failed to get default branch details: Failed to execute git.
2025-01-27 22:11:06.065 [info] > git rev-parse --show-toplevel [27ms]
2025-01-27 22:11:06.067 [info] > git merge-base refs/heads/master refs/remotes/origin/master [106ms]
2025-01-27 22:11:06.166 [info] > git status -z -uall [72ms]
2025-01-27 22:11:06.200 [info] > git rev-parse --show-toplevel [59ms]
2025-01-27 22:11:06.201 [info] > git for-each-ref --sort -committerdate --format %(refname) %(objectname) %(*objectname) [71ms]
2025-01-27 22:11:06.224 [info] > git diff --name-status -z --diff-filter=ADMR 271cf86ca150f482a31158953cd053692e2f3e87...refs/remotes/origin/master [143ms]
2025-01-27 22:11:06.304 [info] > git merge-base refs/heads/master refs/remotes/origin/master [82ms]
2025-01-27 22:11:06.479 [info] > git diff --name-status -z --diff-filter=ADMR 271cf86ca150f482a31158953cd053692e2f3e87...refs/remotes/origin/master [160ms]
2025-01-27 22:11:06.480 [info] > git rev-parse --show-toplevel [232ms]
2025-01-27 22:11:06.499 [info] > git rev-parse --show-toplevel [6ms]
2025-01-27 22:11:06.642 [info] > git rev-parse --show-toplevel [131ms]
2025-01-27 22:11:06.658 [info] > git rev-parse --show-toplevel [4ms]
2025-01-27 22:11:06.658 [info] [Model][doInitialScan] Initial repository scan completed - repositories (1), closed repositories (0), parent repositories (0), unsafe repositories (0)
2025-01-27 22:11:06.695 [info] > git show --textconv :main.py [23ms]
2025-01-27 22:11:06.702 [info] > git ls-files --stage -- /home/stevenlagadapati1012/main.py [21ms]
2025-01-27 22:11:12.115 [info] > git config --get commit.template [30ms]
2025-01-27 22:11:12.133 [info] > git for-each-ref --format=%(refname)%00%(upstream:short)%00%(objectname)%00%(upstream:track)%00%(upstream:remotename)%00%(upstream:remoteref) refs/heads/master refs/remotes/master [3ms]
2025-01-27 22:11:12.169 [info] > git for-each-ref --sort -committerdate --format %(refname) %(objectname) %(*objectname) [10ms]
2025-01-27 22:11:12.176 [info] > git status -z -uall [30ms]
2025-01-27 22:11:15.660 [info] > git ls-files --stage -- /home/stevenlagadapati1012/main.py [12ms]
2025-01-27 22:11:15.710 [info] > git show --textconv :main.py [3ms]
2025-01-27 22:11:18.319 [info] > git ls-files --stage -- /home/stevenlagadapati1012/main.py [5ms]
2025-01-27 22:11:18.369 [info] > git show --textconv :main.py [3ms]
2025-01-27 22:12:15.793 [info] > git config --get commit.template [11ms]
2025-01-27 22:12:15.794 [info] > git for-each-ref --format=%(refname)%00%(upstream:short)%00%(objectname)%00%(upstream:track)%00%(upstream:remotename)%00%(upstream:remoteref) refs/heads/master refs/remotes/master [3ms]
2025-01-27 22:12:15.822 [info] > git for-each-ref --sort -committerdate --format %(refname) %(objectname) %(*objectname) [5ms]
2025-01-27 22:12:15.826 [info] > git status -z -uall [21ms]
2025-01-27 22:12:20.858 [info] > git config --get commit.template [11ms]
2025-01-27 22:12:20.859 [info] > git for-each-ref --format=%(refname)%00%(upstream:short)%00%(objectname)%00%(upstream:track)%00%(upstream:remotename)%00%(upstream:remoteref) refs/heads/master refs/remotes/master [2ms]
2025-01-27 22:12:20.883 [info] > git for-each-ref --sort -committerdate --format %(refname) %(objectname) %(*objectname) [3ms]
2025-01-27 22:12:20.889 [info] > git status -z -uall [20ms]
2025-01-27 22:12:21.985 [info] > git check-ignore -v -z --stdin [3ms]
2025-01-27 22:12:44.327 [info] > git ls-files --stage -- /home/stevenlagadapati1012/main.py [3ms]
2025-01-27 22:12:44.366 [info] > git show --textconv :main.py [3ms]
