2025-01-27 04:28:17.342 [info] Extension host with pid 5128 started
2025-01-27 04:28:17.342 [error] Error: EEXIST: file already exists, open '/home/stevenlagadapati1012/.codeoss/data/User/workspaceStorage/-5ddd7367/vscode.lock'
2025-01-27 04:28:17.348 [info] Lock '/home/stevenlagadapati1012/.codeoss/data/User/workspaceStorage/-5ddd7367/vscode.lock': Could not acquire lock, checking if the file is stale.
2025-01-27 04:28:17.356 [info] Lock '/home/stevenlagadapati1012/.codeoss/data/User/workspaceStorage/-5ddd7367/vscode.lock': The lock does not look stale, elapsed: 114 ms, giving up.
2025-01-27 04:28:17.370 [info] Lock '/home/stevenlagadapati1012/.codeoss/data/User/workspaceStorage/-5ddd7367-1/vscode.lock': Lock acquired.
2025-01-27 04:28:17.482 [info] ExtensionService#_doActivateExtension vscode.emmet, startup: false, activationEvent: 'onLanguage'
2025-01-27 04:28:17.570 [info] ExtensionService#_doActivateExtension vscode.git-base, startup: true, activationEvent: '*', root cause: vscode.git
2025-01-27 04:28:17.578 [info] ExtensionService#_doActivateExtension ms-python.python, startup: true, activationEvent: 'workspaceContains:requirements.txt'
2025-01-27 04:28:17.873 [info] ExtensionService#_doActivateExtension vscode.git, startup: true, activationEvent: '*'
2025-01-27 04:28:17.874 [info] ExtensionService#_doActivateExtension vscode.github, startup: true, activationEvent: '*'
2025-01-27 04:28:18.060 [error] Error: spawn /google/devshell/editor/code-oss-for-cloud-shell/extensions/ms-python.python/python-env-tools/bin/pet ENOENT
	at ChildProcess._handle.onexit (node:internal/child_process:286:19)
	at onErrorNT (node:internal/child_process:484:16)
	at process.processTicksAndRejections (node:internal/process/task_queues:82:21)
2025-01-27 04:28:18.247 [warning] [Decorations] CAPPING events from decorations provider vscode.git 823
2025-01-27 04:28:18.348 [warning] [Decorations] CAPPING events from decorations provider vscode.git 823
2025-01-27 04:28:18.891 [info] ExtensionService#_doActivateExtension redhat.fabric8-analytics, startup: true, activationEvent: 'workspaceContains:**/package.json,**/pom.xml,**/go.mod,**/requirements.txt,**/build.gradle,**/Dockerfile,**/Containerfile'
2025-01-27 04:28:19.187 [info] Eager extensions activated
2025-01-27 04:28:19.188 [info] ExtensionService#_doActivateExtension EditorConfig.EditorConfig, startup: false, activationEvent: 'onStartupFinished'
2025-01-27 04:28:19.189 [info] ExtensionService#_doActivateExtension google.cloud-shell, startup: false, activationEvent: 'onStartupFinished'
2025-01-27 04:28:19.190 [info] ExtensionService#_doActivateExtension google.geminicodeassist, startup: false, activationEvent: 'onStartupFinished', root cause: googlecloudtools.cloudcode
2025-01-27 04:28:19.191 [info] ExtensionService#_doActivateExtension vscode.debug-auto-launch, startup: false, activationEvent: 'onStartupFinished'
2025-01-27 04:28:19.196 [info] ExtensionService#_doActivateExtension vscode.merge-conflict, startup: false, activationEvent: 'onStartupFinished'
2025-01-27 04:28:21.390 [info] ExtensionService#_doActivateExtension googlecloudtools.cloudcode, startup: false, activationEvent: 'onStartupFinished'
2025-01-27 04:28:23.489 [info] ExtensionService#_doActivateExtension vscode.configuration-editing, startup: false, activationEvent: 'onLanguage:jsonc'
2025-01-27 04:28:23.489 [info] ExtensionService#_doActivateExtension vscode.json-language-features, startup: false, activationEvent: 'onLanguage:jsonc'
2025-01-27 04:28:23.490 [info] ExtensionService#_doActivateExtension vscode.typescript-language-features, startup: false, activationEvent: 'onLanguage:jsonc'
2025-01-27 04:28:23.664 [warning] [Decorations] CAPPING events from decorations provider vscode.git 828
2025-01-27 04:28:29.060 [warning] [Decorations] CAPPING events from decorations provider vscode.git 832
2025-01-27 04:28:34.132 [warning] [Decorations] CAPPING events from decorations provider vscode.git 833
2025-01-27 04:30:21.396 [warning] [Decorations] CAPPING events from decorations provider vscode.git 834
2025-01-27 04:30:26.464 [warning] [Decorations] CAPPING events from decorations provider vscode.git 834
2025-01-27 04:30:31.524 [warning] [Decorations] CAPPING events from decorations provider vscode.git 834
2025-01-27 04:31:18.679 [warning] [Decorations] CAPPING events from decorations provider vscode.git 834
2025-01-27 04:31:23.735 [warning] [Decorations] CAPPING events from decorations provider vscode.git 834
2025-01-27 04:31:56.374 [warning] [Decorations] CAPPING events from decorations provider vscode.git 834
2025-01-27 04:32:01.429 [warning] [Decorations] CAPPING events from decorations provider vscode.git 835
2025-01-27 04:33:37.076 [warning] [Decorations] CAPPING events from decorations provider vscode.git 836
2025-01-27 04:36:52.787 [info] ExtensionService#_doActivateExtension vscode.github-authentication, startup: false, activationEvent: 'onAuthenticationRequest:github'
2025-01-27 04:41:25.790 [info] ExtensionService#_doActivateExtension vscode.extension-editing, startup: false, activationEvent: 'onLanguage:json'
2025-01-27 04:41:25.790 [info] ExtensionService#_doActivateExtension vscode.npm, startup: false, activationEvent: 'onLanguage:json'
2025-01-27 04:52:02.002 [info] ExtensionService#_doActivateExtension vscode.media-preview, startup: false, activationEvent: 'onCustomEditor:vscode.audioPreview'
