2025-01-27 18:23:37.046 [info] [main] Log level: Info
2025-01-27 18:23:37.046 [info] [main] Validating found git in: "git"
2025-01-27 18:23:37.046 [info] [main] Using git "2.43.0" from "git"
2025-01-27 18:23:37.046 [info] [Model][doInitialScan] Initial repository scan started
2025-01-27 18:23:37.499 [info] > git rev-parse --show-toplevel [456ms]
2025-01-27 18:23:39.308 [info] > git rev-parse --git-dir --git-common-dir [1789ms]
2025-01-27 18:23:39.326 [info] [Model][openRepository] Opened repository: /home/stevenlagadapati1012
2025-01-27 18:23:39.359 [info] > git config --get commit.template [22ms]
2025-01-27 18:23:39.372 [info] > git rev-parse --show-toplevel [31ms]
2025-01-27 18:23:41.860 [info] > git check-ignore -v -z --stdin [47ms]
2025-01-27 18:23:41.862 [info] > git rev-parse --show-toplevel [2476ms]
2025-01-27 18:23:41.862 [info] > git for-each-ref --format=%(refname)%00%(upstream:short)%00%(objectname)%00%(upstream:track)%00%(upstream:remotename)%00%(upstream:remoteref) refs/heads/main refs/remotes/main [2485ms]
2025-01-27 18:23:41.957 [info] > git status -z -uall [87ms]
2025-01-27 18:23:41.973 [info] > git rev-parse --show-toplevel [82ms]
2025-01-27 18:23:42.002 [info] > git for-each-ref --sort -committerdate --format %(refname) %(objectname) %(*objectname) [121ms]
2025-01-27 18:23:42.060 [info] > git for-each-ref --format=%(refname)%00%(upstream:short)%00%(objectname)%00%(upstream:track)%00%(upstream:remotename)%00%(upstream:remoteref) refs/heads/main refs/remotes/main [33ms]
2025-01-27 18:23:42.072 [info] > git rev-parse --show-toplevel [87ms]
2025-01-27 18:23:42.087 [info] > git config --local branch.main.vscode-merge-base [15ms]
2025-01-27 18:23:42.087 [warning] [Git][config] git config failed: Failed to execute git
2025-01-27 18:23:42.097 [info] > git config --get commit.template [46ms]
2025-01-27 18:23:42.102 [info] > git rev-parse --show-toplevel [17ms]
2025-01-27 18:23:42.272 [info] > git rev-parse --show-toplevel [76ms]
2025-01-27 18:23:42.273 [info] > git for-each-ref --format=%(refname)%00%(upstream:short)%00%(objectname)%00%(upstream:track)%00%(upstream:remotename)%00%(upstream:remoteref) refs/heads/main refs/remotes/main [86ms]
2025-01-27 18:23:42.291 [info] > git reflog main --grep-reflog=branch: Created from *. [194ms]
2025-01-27 18:23:42.312 [info] > git status -z -uall [31ms]
2025-01-27 18:23:42.313 [info] > git for-each-ref --sort -committerdate --format %(refname) %(objectname) %(*objectname) [21ms]
2025-01-27 18:23:42.325 [info] > git rev-parse --show-toplevel [15ms]
2025-01-27 18:23:42.342 [info] > git symbolic-ref --short refs/remotes/origin/HEAD [40ms]
2025-01-27 18:23:42.342 [info] fatal: ref refs/remotes/origin/HEAD is not a symbolic ref
2025-01-27 18:23:42.342 [warning] [Repository][getDefaultBranch] Failed to get default branch details: Failed to execute git.
2025-01-27 18:23:42.378 [info] > git for-each-ref --format=%(refname)%00%(upstream:short)%00%(objectname)%00%(upstream:track)%00%(upstream:remotename)%00%(upstream:remoteref) refs/heads/main refs/remotes/main [38ms]
2025-01-27 18:23:42.389 [info] > git rev-parse --show-toplevel [14ms]
2025-01-27 18:23:42.391 [info] > git config --local branch.main.vscode-merge-base [4ms]
2025-01-27 18:23:42.391 [warning] [Git][config] git config failed: Failed to execute git
2025-01-27 18:23:42.485 [info] > git rev-parse --show-toplevel [72ms]
2025-01-27 18:23:42.485 [info] > git reflog main --grep-reflog=branch: Created from *. [82ms]
2025-01-27 18:23:42.580 [info] > git symbolic-ref --short refs/remotes/origin/HEAD [88ms]
2025-01-27 18:23:42.580 [info] fatal: ref refs/remotes/origin/HEAD is not a symbolic ref
2025-01-27 18:23:42.580 [warning] [Repository][getDefaultBranch] Failed to get default branch details: Failed to execute git.
2025-01-27 18:23:42.582 [info] > git rev-parse --show-toplevel [35ms]
2025-01-27 18:23:42.607 [info] > git rev-parse --git-dir --git-common-dir [15ms]
2025-01-27 18:23:42.610 [info] [Model][openRepository] Opened repository: /home/stevenlagadapati1012/templates
2025-01-27 18:23:42.662 [info] > git config --get commit.template [25ms]
2025-01-27 18:23:42.663 [info] > git rev-parse --show-toplevel [19ms]
2025-01-27 18:23:42.664 [info] [Model][doInitialScan] Initial repository scan completed - repositories (2), closed repositories (0), parent repositories (0), unsafe repositories (0)
2025-01-27 18:23:42.810 [info] > git show --textconv :app.py [134ms]
2025-01-27 18:23:42.810 [info] > git for-each-ref --format=%(refname)%00%(upstream:short)%00%(objectname)%00%(upstream:track)%00%(upstream:remotename)%00%(upstream:remoteref) refs/heads/master refs/remotes/master [115ms]
2025-01-27 18:23:42.812 [info] > git ls-files --stage -- /home/stevenlagadapati1012/app.py [126ms]
2025-01-27 18:23:42.839 [info] > git cat-file -s 0e3b9118c8636c6f64424fb8248208af4d3820bc [16ms]
2025-01-27 18:23:42.885 [info] > git status -z -uall [36ms]
2025-01-27 18:23:42.887 [info] > git for-each-ref --sort -committerdate --format %(refname) %(objectname) %(*objectname) [28ms]
2025-01-27 18:23:42.915 [info] > git config --get commit.template [4ms]
2025-01-27 18:23:42.915 [info] > git for-each-ref --format=%(refname)%00%(upstream:short)%00%(objectname)%00%(upstream:track)%00%(upstream:remotename)%00%(upstream:remoteref) refs/heads/master refs/remotes/master [14ms]
2025-01-27 18:23:42.933 [info] > git config --local branch.master.vscode-merge-base [11ms]
2025-01-27 18:23:42.933 [warning] [Git][config] git config failed: Failed to execute git
2025-01-27 18:23:42.943 [info] > git for-each-ref --format=%(refname)%00%(upstream:short)%00%(objectname)%00%(upstream:track)%00%(upstream:remotename)%00%(upstream:remoteref) refs/heads/master refs/remotes/master [10ms]
2025-01-27 18:23:42.962 [info] > git status -z -uall [11ms]
2025-01-27 18:23:42.965 [info] > git reflog master --grep-reflog=branch: Created from *. [24ms]
2025-01-27 18:23:42.975 [info] > git for-each-ref --sort -committerdate --format %(refname) %(objectname) %(*objectname) [13ms]
2025-01-27 18:23:43.010 [info] > git symbolic-ref --short refs/remotes/origin/HEAD [35ms]
2025-01-27 18:23:43.010 [info] fatal: ref refs/remotes/origin/HEAD is not a symbolic ref
2025-01-27 18:23:43.010 [warning] [Repository][getDefaultBranch] Failed to get default branch details: Failed to execute git.
2025-01-27 18:23:43.026 [info] > git for-each-ref --format=%(refname)%00%(upstream:short)%00%(objectname)%00%(upstream:track)%00%(upstream:remotename)%00%(upstream:remoteref) refs/heads/master refs/remotes/master [37ms]
2025-01-27 18:23:43.040 [info] > git merge-base refs/heads/master refs/remotes/origin/master [19ms]
2025-01-27 18:23:43.052 [info] > git config --local branch.master.vscode-merge-base [17ms]
2025-01-27 18:23:43.052 [warning] [Git][config] git config failed: Failed to execute git
2025-01-27 18:23:43.064 [info] > git diff --name-status -z --diff-filter=ADMR 4788a2d93969a576a019644d302787870306c678...refs/remotes/origin/master [14ms]
2025-01-27 18:23:43.071 [info] > git reflog master --grep-reflog=branch: Created from *. [8ms]
2025-01-27 18:23:43.091 [info] > git symbolic-ref --short refs/remotes/origin/HEAD [10ms]
2025-01-27 18:23:43.091 [info] fatal: ref refs/remotes/origin/HEAD is not a symbolic ref
2025-01-27 18:23:43.091 [warning] [Repository][getDefaultBranch] Failed to get default branch details: Failed to execute git.
2025-01-27 18:23:43.229 [info] > git check-ignore -v -z --stdin [19ms]
2025-01-27 18:23:43.240 [info] > git check-ignore -v -z --stdin [14ms]
2025-01-27 18:23:47.955 [info] > git config --get commit.template [9ms]
2025-01-27 18:23:47.956 [info] > git for-each-ref --format=%(refname)%00%(upstream:short)%00%(objectname)%00%(upstream:track)%00%(upstream:remotename)%00%(upstream:remoteref) refs/heads/main refs/remotes/main [2ms]
2025-01-27 18:23:47.976 [info] > git for-each-ref --sort -committerdate --format %(refname) %(objectname) %(*objectname) [2ms]
2025-01-27 18:23:47.984 [info] > git status -z -uall [20ms]
2025-01-27 18:23:53.007 [info] > git config --get commit.template [9ms]
2025-01-27 18:23:53.008 [info] > git for-each-ref --format=%(refname)%00%(upstream:short)%00%(objectname)%00%(upstream:track)%00%(upstream:remotename)%00%(upstream:remoteref) refs/heads/main refs/remotes/main [2ms]
2025-01-27 18:23:53.026 [info] > git for-each-ref --sort -committerdate --format %(refname) %(objectname) %(*objectname) [2ms]
2025-01-27 18:23:53.036 [info] > git status -z -uall [19ms]
2025-01-27 18:23:58.058 [info] > git config --get commit.template [9ms]
2025-01-27 18:23:58.060 [info] > git for-each-ref --format=%(refname)%00%(upstream:short)%00%(objectname)%00%(upstream:track)%00%(upstream:remotename)%00%(upstream:remoteref) refs/heads/main refs/remotes/main [3ms]
2025-01-27 18:23:58.078 [info] > git for-each-ref --sort -committerdate --format %(refname) %(objectname) %(*objectname) [2ms]
2025-01-27 18:23:58.088 [info] > git status -z -uall [21ms]
2025-01-27 18:24:03.113 [info] > git config --get commit.template [10ms]
2025-01-27 18:24:03.114 [info] > git for-each-ref --format=%(refname)%00%(upstream:short)%00%(objectname)%00%(upstream:track)%00%(upstream:remotename)%00%(upstream:remoteref) refs/heads/main refs/remotes/main [2ms]
2025-01-27 18:24:03.133 [info] > git for-each-ref --sort -committerdate --format %(refname) %(objectname) %(*objectname) [2ms]
2025-01-27 18:24:03.141 [info] > git status -z -uall [19ms]
2025-01-27 18:24:04.703 [info] > git ls-files --stage -- /home/stevenlagadapati1012/templates/script.js [2ms]
2025-01-27 18:24:04.741 [info] > git show --textconv :script.js [51ms]
2025-01-27 18:24:04.741 [info] > git cat-file -s 78609e9e288e57d8aa75b117ca20c0ea4b2b77a3 [28ms]
2025-01-27 18:24:11.658 [info] > git show --textconv :app.py [10ms]
2025-01-27 18:24:11.660 [info] > git ls-files --stage -- /home/stevenlagadapati1012/app.py [4ms]
2025-01-27 18:24:11.671 [info] > git cat-file -s 0e3b9118c8636c6f64424fb8248208af4d3820bc [2ms]
2025-01-27 18:24:12.452 [info] > git config --get commit.template [9ms]
2025-01-27 18:24:12.453 [info] > git for-each-ref --format=%(refname)%00%(upstream:short)%00%(objectname)%00%(upstream:track)%00%(upstream:remotename)%00%(upstream:remoteref) refs/heads/master refs/remotes/master [2ms]
2025-01-27 18:24:12.471 [info] > git status -z -uall [10ms]
2025-01-27 18:24:12.472 [info] > git for-each-ref --sort -committerdate --format %(refname) %(objectname) %(*objectname) [2ms]
2025-01-27 18:24:15.977 [info] > git config --get commit.template [10ms]
2025-01-27 18:24:15.978 [info] > git for-each-ref --format=%(refname)%00%(upstream:short)%00%(objectname)%00%(upstream:track)%00%(upstream:remotename)%00%(upstream:remoteref) refs/heads/main refs/remotes/main [2ms]
2025-01-27 18:24:15.998 [info] > git for-each-ref --sort -committerdate --format %(refname) %(objectname) %(*objectname) [3ms]
2025-01-27 18:24:16.006 [info] > git status -z -uall [19ms]
2025-01-27 18:24:21.033 [info] > git config --get commit.template [10ms]
2025-01-27 18:24:21.034 [info] > git for-each-ref --format=%(refname)%00%(upstream:short)%00%(objectname)%00%(upstream:track)%00%(upstream:remotename)%00%(upstream:remoteref) refs/heads/main refs/remotes/main [2ms]
2025-01-27 18:24:21.054 [info] > git for-each-ref --sort -committerdate --format %(refname) %(objectname) %(*objectname) [3ms]
2025-01-27 18:24:21.061 [info] > git status -z -uall [19ms]
2025-01-27 18:24:26.085 [info] > git config --get commit.template [9ms]
2025-01-27 18:24:26.086 [info] > git for-each-ref --format=%(refname)%00%(upstream:short)%00%(objectname)%00%(upstream:track)%00%(upstream:remotename)%00%(upstream:remoteref) refs/heads/main refs/remotes/main [2ms]
2025-01-27 18:24:26.105 [info] > git for-each-ref --sort -committerdate --format %(refname) %(objectname) %(*objectname) [2ms]
2025-01-27 18:24:26.114 [info] > git status -z -uall [20ms]
2025-01-27 18:24:30.076 [info] > git check-ignore -v -z --stdin [2ms]
2025-01-27 18:24:30.620 [info] > git config --get commit.template [10ms]
2025-01-27 18:24:30.621 [info] > git for-each-ref --format=%(refname)%00%(upstream:short)%00%(objectname)%00%(upstream:track)%00%(upstream:remotename)%00%(upstream:remoteref) refs/heads/master refs/remotes/master [2ms]
2025-01-27 18:24:30.639 [info] > git status -z -uall [8ms]
2025-01-27 18:24:30.640 [info] > git for-each-ref --sort -committerdate --format %(refname) %(objectname) %(*objectname) [2ms]
2025-01-27 18:24:31.131 [info] > git config --get commit.template [3ms]
2025-01-27 18:24:31.141 [info] > git for-each-ref --format=%(refname)%00%(upstream:short)%00%(objectname)%00%(upstream:track)%00%(upstream:remotename)%00%(upstream:remoteref) refs/heads/main refs/remotes/main [2ms]
2025-01-27 18:24:31.159 [info] > git for-each-ref --sort -committerdate --format %(refname) %(objectname) %(*objectname) [2ms]
2025-01-27 18:24:31.167 [info] > git status -z -uall [18ms]
2025-01-27 18:24:36.191 [info] > git config --get commit.template [9ms]
2025-01-27 18:24:36.193 [info] > git for-each-ref --format=%(refname)%00%(upstream:short)%00%(objectname)%00%(upstream:track)%00%(upstream:remotename)%00%(upstream:remoteref) refs/heads/main refs/remotes/main [1ms]
2025-01-27 18:24:36.212 [info] > git for-each-ref --sort -committerdate --format %(refname) %(objectname) %(*objectname) [3ms]
2025-01-27 18:24:36.221 [info] > git status -z -uall [19ms]
2025-01-27 18:24:36.512 [warning] [Git][getHEAD] Failed to parse HEAD file: ENOENT: no such file or directory, open '/home/stevenlagadapati1012/templates/.git/HEAD'
2025-01-27 18:24:36.527 [warning] [Git][getRemotes] Error: ENOENT: no such file or directory, open '/home/stevenlagadapati1012/templates/.git/config'
2025-01-27 18:24:36.545 [warning] [Git][getHEAD] Failed to parse HEAD file: ENOENT: no such file or directory, open '/home/stevenlagadapati1012/templates/.git/HEAD'
2025-01-27 18:24:36.559 [warning] [Git][getRemotes] Error: ENOENT: no such file or directory, open '/home/stevenlagadapati1012/templates/.git/config'
2025-01-27 18:24:37.239 [info] > git check-ignore -v -z --stdin [3ms]
2025-01-27 18:24:43.916 [info] > git config --get commit.template [3ms]
2025-01-27 18:24:44.055 [info] > git for-each-ref --format=%(refname)%00%(upstream:short)%00%(objectname)%00%(upstream:track)%00%(upstream:remotename)%00%(upstream:remoteref) refs/heads/main refs/remotes/main [130ms]
2025-01-27 18:24:44.074 [info] > git for-each-ref --sort -committerdate --format %(refname) %(objectname) %(*objectname) [3ms]
2025-01-27 18:24:44.083 [info] > git status -z -uall [21ms]
2025-01-27 18:24:49.106 [info] > git config --get commit.template [9ms]
2025-01-27 18:24:49.107 [info] > git for-each-ref --format=%(refname)%00%(upstream:short)%00%(objectname)%00%(upstream:track)%00%(upstream:remotename)%00%(upstream:remoteref) refs/heads/main refs/remotes/main [2ms]
2025-01-27 18:24:49.126 [info] > git for-each-ref --sort -committerdate --format %(refname) %(objectname) %(*objectname) [3ms]
2025-01-27 18:24:49.134 [info] > git status -z -uall [19ms]
2025-01-27 18:24:51.830 [info] > git check-ignore -v -z --stdin [2ms]
2025-01-27 18:24:54.158 [info] > git config --get commit.template [9ms]
2025-01-27 18:24:54.159 [info] > git for-each-ref --format=%(refname)%00%(upstream:short)%00%(objectname)%00%(upstream:track)%00%(upstream:remotename)%00%(upstream:remoteref) refs/heads/main refs/remotes/main [2ms]
2025-01-27 18:24:54.179 [info] > git for-each-ref --sort -committerdate --format %(refname) %(objectname) %(*objectname) [2ms]
2025-01-27 18:24:54.187 [info] > git status -z -uall [19ms]
2025-01-27 18:24:54.982 [info] > git ls-files --stage -- /home/stevenlagadapati1012/templates/index.html [3ms]
2025-01-27 18:24:55.017 [info] > git cat-file -s 95cf2d46530cd0efcba7b7cd0b6b59bacb65ca62 [26ms]
2025-01-27 18:24:55.018 [info] > git show --textconv :templates/index.html [47ms]
2025-01-27 18:24:59.209 [info] > git config --get commit.template [8ms]
2025-01-27 18:24:59.210 [info] > git for-each-ref --format=%(refname)%00%(upstream:short)%00%(objectname)%00%(upstream:track)%00%(upstream:remotename)%00%(upstream:remoteref) refs/heads/main refs/remotes/main [2ms]
2025-01-27 18:24:59.228 [info] > git for-each-ref --sort -committerdate --format %(refname) %(objectname) %(*objectname) [3ms]
2025-01-27 18:24:59.236 [info] > git status -z -uall [19ms]
2025-01-27 18:25:04.259 [info] > git config --get commit.template [9ms]
2025-01-27 18:25:04.260 [info] > git for-each-ref --format=%(refname)%00%(upstream:short)%00%(objectname)%00%(upstream:track)%00%(upstream:remotename)%00%(upstream:remoteref) refs/heads/main refs/remotes/main [2ms]
2025-01-27 18:25:04.282 [info] > git for-each-ref --sort -committerdate --format %(refname) %(objectname) %(*objectname) [5ms]
2025-01-27 18:25:04.288 [info] > git status -z -uall [20ms]
2025-01-27 18:25:09.311 [info] > git config --get commit.template [9ms]
2025-01-27 18:25:09.312 [info] > git for-each-ref --format=%(refname)%00%(upstream:short)%00%(objectname)%00%(upstream:track)%00%(upstream:remotename)%00%(upstream:remoteref) refs/heads/main refs/remotes/main [2ms]
2025-01-27 18:25:09.331 [info] > git for-each-ref --sort -committerdate --format %(refname) %(objectname) %(*objectname) [3ms]
2025-01-27 18:25:09.339 [info] > git status -z -uall [19ms]
2025-01-27 18:25:14.366 [info] > git config --get commit.template [11ms]
2025-01-27 18:25:14.367 [info] > git for-each-ref --format=%(refname)%00%(upstream:short)%00%(objectname)%00%(upstream:track)%00%(upstream:remotename)%00%(upstream:remoteref) refs/heads/main refs/remotes/main [2ms]
2025-01-27 18:25:14.389 [info] > git for-each-ref --sort -committerdate --format %(refname) %(objectname) %(*objectname) [2ms]
2025-01-27 18:25:14.395 [info] > git status -z -uall [20ms]
2025-01-27 18:25:16.417 [info] > git ls-files --stage -- /home/stevenlagadapati1012/procfile [3ms]
2025-01-27 18:25:16.442 [info] > git show --textconv :procfile [36ms]
2025-01-27 18:25:16.442 [info] > git cat-file -s 1ba043977def09b463bc26405ba8108eec86caf4 [17ms]
2025-01-27 18:25:17.777 [info] > git show --textconv :app.py [10ms]
2025-01-27 18:25:17.778 [info] > git ls-files --stage -- /home/stevenlagadapati1012/app.py [3ms]
2025-01-27 18:25:17.790 [info] > git cat-file -s 0e3b9118c8636c6f64424fb8248208af4d3820bc [2ms]
2025-01-27 18:25:19.420 [info] > git config --get commit.template [9ms]
2025-01-27 18:25:19.421 [info] > git for-each-ref --format=%(refname)%00%(upstream:short)%00%(objectname)%00%(upstream:track)%00%(upstream:remotename)%00%(upstream:remoteref) refs/heads/main refs/remotes/main [2ms]
2025-01-27 18:25:19.441 [info] > git for-each-ref --sort -committerdate --format %(refname) %(objectname) %(*objectname) [3ms]
2025-01-27 18:25:19.450 [info] > git status -z -uall [20ms]
2025-01-27 18:25:19.604 [info] > git ls-files --stage -- /home/stevenlagadapati1012/script.js [6ms]
2025-01-27 18:25:19.658 [info] > git show --textconv :script.js [69ms]
2025-01-27 18:25:19.659 [info] > git cat-file -s 78609e9e288e57d8aa75b117ca20c0ea4b2b77a3 [47ms]
2025-01-27 18:25:24.474 [info] > git config --get commit.template [9ms]
2025-01-27 18:25:24.476 [info] > git for-each-ref --format=%(refname)%00%(upstream:short)%00%(objectname)%00%(upstream:track)%00%(upstream:remotename)%00%(upstream:remoteref) refs/heads/main refs/remotes/main [3ms]
2025-01-27 18:25:24.494 [info] > git for-each-ref --sort -committerdate --format %(refname) %(objectname) %(*objectname) [2ms]
2025-01-27 18:25:24.502 [info] > git status -z -uall [18ms]
2025-01-27 18:25:29.526 [info] > git config --get commit.template [9ms]
2025-01-27 18:25:29.528 [info] > git for-each-ref --format=%(refname)%00%(upstream:short)%00%(objectname)%00%(upstream:track)%00%(upstream:remotename)%00%(upstream:remoteref) refs/heads/main refs/remotes/main [1ms]
2025-01-27 18:25:29.548 [info] > git for-each-ref --sort -committerdate --format %(refname) %(objectname) %(*objectname) [2ms]
2025-01-27 18:25:29.558 [info] > git status -z -uall [22ms]
2025-01-27 18:25:34.584 [info] > git config --get commit.template [10ms]
2025-01-27 18:25:34.585 [info] > git for-each-ref --format=%(refname)%00%(upstream:short)%00%(objectname)%00%(upstream:track)%00%(upstream:remotename)%00%(upstream:remoteref) refs/heads/main refs/remotes/main [2ms]
2025-01-27 18:25:34.605 [info] > git for-each-ref --sort -committerdate --format %(refname) %(objectname) %(*objectname) [3ms]
2025-01-27 18:25:34.615 [info] > git status -z -uall [22ms]
2025-01-27 18:25:39.639 [info] > git config --get commit.template [9ms]
2025-01-27 18:25:39.640 [info] > git for-each-ref --format=%(refname)%00%(upstream:short)%00%(objectname)%00%(upstream:track)%00%(upstream:remotename)%00%(upstream:remoteref) refs/heads/main refs/remotes/main [3ms]
2025-01-27 18:25:39.662 [info] > git for-each-ref --sort -committerdate --format %(refname) %(objectname) %(*objectname) [2ms]
2025-01-27 18:25:39.671 [info] > git status -z -uall [23ms]
2025-01-27 18:26:04.879 [info] > git config --get commit.template [9ms]
2025-01-27 18:26:04.880 [info] > git for-each-ref --format=%(refname)%00%(upstream:short)%00%(objectname)%00%(upstream:track)%00%(upstream:remotename)%00%(upstream:remoteref) refs/heads/main refs/remotes/main [2ms]
2025-01-27 18:26:04.899 [info] > git for-each-ref --sort -committerdate --format %(refname) %(objectname) %(*objectname) [2ms]
2025-01-27 18:26:04.907 [info] > git status -z -uall [19ms]
2025-01-27 18:26:09.932 [info] > git config --get commit.template [9ms]
2025-01-27 18:26:09.933 [info] > git for-each-ref --format=%(refname)%00%(upstream:short)%00%(objectname)%00%(upstream:track)%00%(upstream:remotename)%00%(upstream:remoteref) refs/heads/main refs/remotes/main [2ms]
2025-01-27 18:26:09.951 [info] > git for-each-ref --sort -committerdate --format %(refname) %(objectname) %(*objectname) [2ms]
2025-01-27 18:26:09.960 [info] > git status -z -uall [20ms]
2025-01-27 18:26:14.984 [info] > git config --get commit.template [9ms]
2025-01-27 18:26:14.985 [info] > git for-each-ref --format=%(refname)%00%(upstream:short)%00%(objectname)%00%(upstream:track)%00%(upstream:remotename)%00%(upstream:remoteref) refs/heads/main refs/remotes/main [2ms]
2025-01-27 18:26:15.003 [info] > git for-each-ref --sort -committerdate --format %(refname) %(objectname) %(*objectname) [2ms]
2025-01-27 18:26:15.011 [info] > git status -z -uall [19ms]
2025-01-27 18:26:20.035 [info] > git config --get commit.template [10ms]
2025-01-27 18:26:20.036 [info] > git for-each-ref --format=%(refname)%00%(upstream:short)%00%(objectname)%00%(upstream:track)%00%(upstream:remotename)%00%(upstream:remoteref) refs/heads/main refs/remotes/main [2ms]
2025-01-27 18:26:20.056 [info] > git for-each-ref --sort -committerdate --format %(refname) %(objectname) %(*objectname) [2ms]
2025-01-27 18:26:20.064 [info] > git status -z -uall [19ms]
2025-01-27 18:26:25.089 [info] > git config --get commit.template [9ms]
2025-01-27 18:26:25.090 [info] > git for-each-ref --format=%(refname)%00%(upstream:short)%00%(objectname)%00%(upstream:track)%00%(upstream:remotename)%00%(upstream:remoteref) refs/heads/main refs/remotes/main [2ms]
2025-01-27 18:26:25.109 [info] > git for-each-ref --sort -committerdate --format %(refname) %(objectname) %(*objectname) [3ms]
2025-01-27 18:26:25.117 [info] > git status -z -uall [19ms]
2025-01-27 18:26:30.141 [info] > git config --get commit.template [8ms]
2025-01-27 18:26:30.143 [info] > git for-each-ref --format=%(refname)%00%(upstream:short)%00%(objectname)%00%(upstream:track)%00%(upstream:remotename)%00%(upstream:remoteref) refs/heads/main refs/remotes/main [2ms]
2025-01-27 18:26:30.162 [info] > git for-each-ref --sort -committerdate --format %(refname) %(objectname) %(*objectname) [2ms]
2025-01-27 18:26:30.172 [info] > git status -z -uall [21ms]
2025-01-27 18:26:35.198 [info] > git config --get commit.template [9ms]
2025-01-27 18:26:35.199 [info] > git for-each-ref --format=%(refname)%00%(upstream:short)%00%(objectname)%00%(upstream:track)%00%(upstream:remotename)%00%(upstream:remoteref) refs/heads/main refs/remotes/main [2ms]
2025-01-27 18:26:35.218 [info] > git for-each-ref --sort -committerdate --format %(refname) %(objectname) %(*objectname) [2ms]
2025-01-27 18:26:35.226 [info] > git status -z -uall [19ms]
2025-01-27 18:26:40.250 [info] > git config --get commit.template [9ms]
2025-01-27 18:26:40.251 [info] > git for-each-ref --format=%(refname)%00%(upstream:short)%00%(objectname)%00%(upstream:track)%00%(upstream:remotename)%00%(upstream:remoteref) refs/heads/main refs/remotes/main [2ms]
2025-01-27 18:26:40.272 [info] > git for-each-ref --sort -committerdate --format %(refname) %(objectname) %(*objectname) [3ms]
2025-01-27 18:26:40.278 [info] > git status -z -uall [19ms]
2025-01-27 18:26:45.303 [info] > git config --get commit.template [9ms]
2025-01-27 18:26:45.304 [info] > git for-each-ref --format=%(refname)%00%(upstream:short)%00%(objectname)%00%(upstream:track)%00%(upstream:remotename)%00%(upstream:remoteref) refs/heads/main refs/remotes/main [3ms]
2025-01-27 18:26:45.321 [info] > git for-each-ref --sort -committerdate --format %(refname) %(objectname) %(*objectname) [2ms]
2025-01-27 18:26:45.330 [info] > git status -z -uall [19ms]
2025-01-27 18:26:48.004 [info] > git show --textconv :procfile [10ms]
2025-01-27 18:26:48.006 [info] > git ls-files --stage -- /home/stevenlagadapati1012/procfile [2ms]
2025-01-27 18:26:48.015 [info] > git cat-file -s 1ba043977def09b463bc26405ba8108eec86caf4 [2ms]
2025-01-27 18:26:48.890 [info] > git show --textconv :app.py [10ms]
2025-01-27 18:26:48.891 [info] > git ls-files --stage -- /home/stevenlagadapati1012/app.py [2ms]
2025-01-27 18:26:48.902 [info] > git cat-file -s 0e3b9118c8636c6f64424fb8248208af4d3820bc [3ms]
2025-01-27 18:26:50.355 [info] > git config --get commit.template [10ms]
2025-01-27 18:26:50.356 [info] > git for-each-ref --format=%(refname)%00%(upstream:short)%00%(objectname)%00%(upstream:track)%00%(upstream:remotename)%00%(upstream:remoteref) refs/heads/main refs/remotes/main [2ms]
2025-01-27 18:26:50.375 [info] > git for-each-ref --sort -committerdate --format %(refname) %(objectname) %(*objectname) [2ms]
2025-01-27 18:26:50.384 [info] > git status -z -uall [20ms]
2025-01-27 18:26:58.624 [info] > git config --get commit.template [9ms]
2025-01-27 18:26:58.625 [info] > git for-each-ref --format=%(refname)%00%(upstream:short)%00%(objectname)%00%(upstream:track)%00%(upstream:remotename)%00%(upstream:remoteref) refs/heads/main refs/remotes/main [2ms]
2025-01-27 18:26:58.643 [info] > git for-each-ref --sort -committerdate --format %(refname) %(objectname) %(*objectname) [2ms]
2025-01-27 18:26:58.651 [info] > git status -z -uall [18ms]
2025-01-27 18:27:35.544 [info] > git config --get commit.template [9ms]
2025-01-27 18:27:35.546 [info] > git for-each-ref --format=%(refname)%00%(upstream:short)%00%(objectname)%00%(upstream:track)%00%(upstream:remotename)%00%(upstream:remoteref) refs/heads/main refs/remotes/main [3ms]
2025-01-27 18:27:35.565 [info] > git for-each-ref --sort -committerdate --format %(refname) %(objectname) %(*objectname) [3ms]
2025-01-27 18:27:35.574 [info] > git status -z -uall [19ms]
2025-01-27 18:27:40.603 [info] > git config --get commit.template [10ms]
2025-01-27 18:27:40.604 [info] > git for-each-ref --format=%(refname)%00%(upstream:short)%00%(objectname)%00%(upstream:track)%00%(upstream:remotename)%00%(upstream:remoteref) refs/heads/main refs/remotes/main [2ms]
2025-01-27 18:27:40.622 [info] > git for-each-ref --sort -committerdate --format %(refname) %(objectname) %(*objectname) [3ms]
2025-01-27 18:27:40.630 [info] > git status -z -uall [18ms]
2025-01-27 18:27:47.050 [info] > git config --get commit.template [3ms]
2025-01-27 18:27:47.060 [info] > git for-each-ref --format=%(refname)%00%(upstream:short)%00%(objectname)%00%(upstream:track)%00%(upstream:remotename)%00%(upstream:remoteref) refs/heads/main refs/remotes/main [2ms]
2025-01-27 18:27:47.079 [info] > git for-each-ref --sort -committerdate --format %(refname) %(objectname) %(*objectname) [3ms]
2025-01-27 18:27:47.087 [info] > git status -z -uall [19ms]
2025-01-27 18:28:24.953 [info] > git config --get commit.template [9ms]
2025-01-27 18:28:24.954 [info] > git for-each-ref --format=%(refname)%00%(upstream:short)%00%(objectname)%00%(upstream:track)%00%(upstream:remotename)%00%(upstream:remoteref) refs/heads/main refs/remotes/main [2ms]
2025-01-27 18:28:24.973 [info] > git for-each-ref --sort -committerdate --format %(refname) %(objectname) %(*objectname) [2ms]
2025-01-27 18:28:24.982 [info] > git status -z -uall [20ms]
2025-01-27 18:28:29.792 [info] > git check-ignore -v -z --stdin [3ms]
2025-01-27 18:28:30.001 [info] > git config --get commit.template [3ms]
2025-01-27 18:28:30.011 [info] > git for-each-ref --format=%(refname)%00%(upstream:short)%00%(objectname)%00%(upstream:track)%00%(upstream:remotename)%00%(upstream:remoteref) refs/heads/main refs/remotes/main [2ms]
2025-01-27 18:28:30.030 [info] > git for-each-ref --sort -committerdate --format %(refname) %(objectname) %(*objectname) [2ms]
2025-01-27 18:28:30.038 [info] > git status -z -uall [19ms]
2025-01-27 18:28:35.062 [info] > git config --get commit.template [9ms]
2025-01-27 18:28:35.064 [info] > git for-each-ref --format=%(refname)%00%(upstream:short)%00%(objectname)%00%(upstream:track)%00%(upstream:remotename)%00%(upstream:remoteref) refs/heads/main refs/remotes/main [1ms]
2025-01-27 18:28:35.084 [info] > git for-each-ref --sort -committerdate --format %(refname) %(objectname) %(*objectname) [3ms]
2025-01-27 18:28:35.092 [info] > git status -z -uall [20ms]
2025-01-27 18:28:40.109 [info] > git config --get commit.template [3ms]
2025-01-27 18:28:40.119 [info] > git for-each-ref --format=%(refname)%00%(upstream:short)%00%(objectname)%00%(upstream:track)%00%(upstream:remotename)%00%(upstream:remoteref) refs/heads/main refs/remotes/main [2ms]
2025-01-27 18:28:40.139 [info] > git for-each-ref --sort -committerdate --format %(refname) %(objectname) %(*objectname) [3ms]
2025-01-27 18:28:40.147 [info] > git status -z -uall [19ms]
2025-01-27 18:28:45.169 [info] > git config --get commit.template [9ms]
2025-01-27 18:28:45.170 [info] > git for-each-ref --format=%(refname)%00%(upstream:short)%00%(objectname)%00%(upstream:track)%00%(upstream:remotename)%00%(upstream:remoteref) refs/heads/main refs/remotes/main [2ms]
2025-01-27 18:28:45.190 [info] > git for-each-ref --sort -committerdate --format %(refname) %(objectname) %(*objectname) [3ms]
2025-01-27 18:28:45.198 [info] > git status -z -uall [19ms]
2025-01-27 18:28:47.561 [info] > git ls-files --stage -- /home/stevenlagadapati1012/app.py [3ms]
2025-01-27 18:28:47.571 [info] > git cat-file -s 0e3b9118c8636c6f64424fb8248208af4d3820bc [2ms]
2025-01-27 18:28:47.650 [info] > git show --textconv :app.py [2ms]
2025-01-27 18:28:50.222 [info] > git config --get commit.template [9ms]
2025-01-27 18:28:50.223 [info] > git for-each-ref --format=%(refname)%00%(upstream:short)%00%(objectname)%00%(upstream:track)%00%(upstream:remotename)%00%(upstream:remoteref) refs/heads/main refs/remotes/main [2ms]
2025-01-27 18:28:50.243 [info] > git for-each-ref --sort -committerdate --format %(refname) %(objectname) %(*objectname) [3ms]
2025-01-27 18:28:50.251 [info] > git status -z -uall [19ms]
2025-01-27 18:32:18.720 [info] > git config --get commit.template [11ms]
2025-01-27 18:32:18.721 [info] > git for-each-ref --format=%(refname)%00%(upstream:short)%00%(objectname)%00%(upstream:track)%00%(upstream:remotename)%00%(upstream:remoteref) refs/heads/main refs/remotes/main [2ms]
2025-01-27 18:32:18.740 [info] > git for-each-ref --sort -committerdate --format %(refname) %(objectname) %(*objectname) [2ms]
2025-01-27 18:32:18.748 [info] > git status -z -uall [19ms]
2025-01-27 18:32:23.774 [info] > git config --get commit.template [8ms]
2025-01-27 18:32:23.776 [info] > git for-each-ref --format=%(refname)%00%(upstream:short)%00%(objectname)%00%(upstream:track)%00%(upstream:remotename)%00%(upstream:remoteref) refs/heads/main refs/remotes/main [2ms]
2025-01-27 18:32:23.793 [info] > git for-each-ref --sort -committerdate --format %(refname) %(objectname) %(*objectname) [2ms]
2025-01-27 18:32:23.802 [info] > git status -z -uall [19ms]
2025-01-27 18:32:28.819 [info] > git config --get commit.template [2ms]
2025-01-27 18:32:28.830 [info] > git for-each-ref --format=%(refname)%00%(upstream:short)%00%(objectname)%00%(upstream:track)%00%(upstream:remotename)%00%(upstream:remoteref) refs/heads/main refs/remotes/main [2ms]
2025-01-27 18:32:28.849 [info] > git for-each-ref --sort -committerdate --format %(refname) %(objectname) %(*objectname) [3ms]
2025-01-27 18:32:28.857 [info] > git status -z -uall [20ms]
2025-01-27 18:32:36.830 [info] > git config --get commit.template [3ms]
2025-01-27 18:32:36.840 [info] > git for-each-ref --format=%(refname)%00%(upstream:short)%00%(objectname)%00%(upstream:track)%00%(upstream:remotename)%00%(upstream:remoteref) refs/heads/main refs/remotes/main [2ms]
2025-01-27 18:32:36.858 [info] > git for-each-ref --sort -committerdate --format %(refname) %(objectname) %(*objectname) [2ms]
2025-01-27 18:32:36.867 [info] > git status -z -uall [18ms]
2025-01-27 18:32:41.892 [info] > git config --get commit.template [8ms]
2025-01-27 18:32:41.893 [info] > git for-each-ref --format=%(refname)%00%(upstream:short)%00%(objectname)%00%(upstream:track)%00%(upstream:remotename)%00%(upstream:remoteref) refs/heads/main refs/remotes/main [2ms]
2025-01-27 18:32:41.912 [info] > git for-each-ref --sort -committerdate --format %(refname) %(objectname) %(*objectname) [2ms]
2025-01-27 18:32:41.922 [info] > git status -z -uall [21ms]
2025-01-27 18:32:46.947 [info] > git config --get commit.template [10ms]
2025-01-27 18:32:46.948 [info] > git for-each-ref --format=%(refname)%00%(upstream:short)%00%(objectname)%00%(upstream:track)%00%(upstream:remotename)%00%(upstream:remoteref) refs/heads/main refs/remotes/main [2ms]
2025-01-27 18:32:46.966 [info] > git for-each-ref --sort -committerdate --format %(refname) %(objectname) %(*objectname) [2ms]
2025-01-27 18:32:46.975 [info] > git status -z -uall [19ms]
2025-01-27 18:32:52.000 [info] > git config --get commit.template [9ms]
2025-01-27 18:32:52.002 [info] > git for-each-ref --format=%(refname)%00%(upstream:short)%00%(objectname)%00%(upstream:track)%00%(upstream:remotename)%00%(upstream:remoteref) refs/heads/main refs/remotes/main [2ms]
2025-01-27 18:32:52.021 [info] > git for-each-ref --sort -committerdate --format %(refname) %(objectname) %(*objectname) [2ms]
2025-01-27 18:32:52.030 [info] > git status -z -uall [20ms]
2025-01-27 18:32:57.053 [info] > git config --get commit.template [9ms]
2025-01-27 18:32:57.055 [info] > git for-each-ref --format=%(refname)%00%(upstream:short)%00%(objectname)%00%(upstream:track)%00%(upstream:remotename)%00%(upstream:remoteref) refs/heads/main refs/remotes/main [2ms]
2025-01-27 18:32:57.077 [info] > git for-each-ref --sort -committerdate --format %(refname) %(objectname) %(*objectname) [3ms]
2025-01-27 18:32:57.084 [info] > git status -z -uall [21ms]
2025-01-27 18:33:02.106 [info] > git config --get commit.template [8ms]
2025-01-27 18:33:02.108 [info] > git for-each-ref --format=%(refname)%00%(upstream:short)%00%(objectname)%00%(upstream:track)%00%(upstream:remotename)%00%(upstream:remoteref) refs/heads/main refs/remotes/main [2ms]
2025-01-27 18:33:02.127 [info] > git for-each-ref --sort -committerdate --format %(refname) %(objectname) %(*objectname) [2ms]
2025-01-27 18:33:02.135 [info] > git status -z -uall [19ms]
2025-01-27 18:33:07.157 [info] > git config --get commit.template [8ms]
2025-01-27 18:33:07.158 [info] > git for-each-ref --format=%(refname)%00%(upstream:short)%00%(objectname)%00%(upstream:track)%00%(upstream:remotename)%00%(upstream:remoteref) refs/heads/main refs/remotes/main [2ms]
2025-01-27 18:33:07.178 [info] > git for-each-ref --sort -committerdate --format %(refname) %(objectname) %(*objectname) [3ms]
2025-01-27 18:33:07.185 [info] > git status -z -uall [19ms]
2025-01-27 18:33:12.209 [info] > git config --get commit.template [9ms]
2025-01-27 18:33:12.210 [info] > git for-each-ref --format=%(refname)%00%(upstream:short)%00%(objectname)%00%(upstream:track)%00%(upstream:remotename)%00%(upstream:remoteref) refs/heads/main refs/remotes/main [2ms]
2025-01-27 18:33:12.230 [info] > git for-each-ref --sort -committerdate --format %(refname) %(objectname) %(*objectname) [3ms]
2025-01-27 18:33:12.239 [info] > git status -z -uall [21ms]
2025-01-27 18:33:17.264 [info] > git config --get commit.template [8ms]
2025-01-27 18:33:17.265 [info] > git for-each-ref --format=%(refname)%00%(upstream:short)%00%(objectname)%00%(upstream:track)%00%(upstream:remotename)%00%(upstream:remoteref) refs/heads/main refs/remotes/main [2ms]
2025-01-27 18:33:17.283 [info] > git for-each-ref --sort -committerdate --format %(refname) %(objectname) %(*objectname) [2ms]
2025-01-27 18:33:17.292 [info] > git status -z -uall [19ms]
2025-01-27 18:33:22.316 [info] > git config --get commit.template [10ms]
2025-01-27 18:33:22.317 [info] > git for-each-ref --format=%(refname)%00%(upstream:short)%00%(objectname)%00%(upstream:track)%00%(upstream:remotename)%00%(upstream:remoteref) refs/heads/main refs/remotes/main [3ms]
2025-01-27 18:33:22.336 [info] > git for-each-ref --sort -committerdate --format %(refname) %(objectname) %(*objectname) [2ms]
2025-01-27 18:33:22.346 [info] > git status -z -uall [20ms]
2025-01-27 18:33:27.370 [info] > git config --get commit.template [9ms]
2025-01-27 18:33:27.371 [info] > git for-each-ref --format=%(refname)%00%(upstream:short)%00%(objectname)%00%(upstream:track)%00%(upstream:remotename)%00%(upstream:remoteref) refs/heads/main refs/remotes/main [2ms]
2025-01-27 18:33:27.391 [info] > git for-each-ref --sort -committerdate --format %(refname) %(objectname) %(*objectname) [3ms]
2025-01-27 18:33:27.398 [info] > git status -z -uall [18ms]
2025-01-27 18:34:35.311 [info] > git for-each-ref --format=%(refname)%00%(upstream:short)%00%(objectname)%00%(upstream:track)%00%(upstream:remotename)%00%(upstream:remoteref) refs/heads/main refs/remotes/main [2ms]
2025-01-27 18:34:35.312 [info] > git config --get commit.template [10ms]
2025-01-27 18:34:35.331 [info] > git for-each-ref --sort -committerdate --format %(refname) %(objectname) %(*objectname) [3ms]
2025-01-27 18:34:35.339 [info] > git status -z -uall [20ms]
2025-01-27 18:34:40.363 [info] > git config --get commit.template [9ms]
2025-01-27 18:34:40.365 [info] > git for-each-ref --format=%(refname)%00%(upstream:short)%00%(objectname)%00%(upstream:track)%00%(upstream:remotename)%00%(upstream:remoteref) refs/heads/main refs/remotes/main [3ms]
2025-01-27 18:34:40.384 [info] > git for-each-ref --sort -committerdate --format %(refname) %(objectname) %(*objectname) [2ms]
2025-01-27 18:34:40.392 [info] > git status -z -uall [19ms]
2025-01-27 18:35:14.471 [info] > git config --get commit.template [10ms]
2025-01-27 18:35:14.472 [info] > git for-each-ref --format=%(refname)%00%(upstream:short)%00%(objectname)%00%(upstream:track)%00%(upstream:remotename)%00%(upstream:remoteref) refs/heads/main refs/remotes/main [2ms]
2025-01-27 18:35:14.491 [info] > git for-each-ref --sort -committerdate --format %(refname) %(objectname) %(*objectname) [3ms]
2025-01-27 18:35:14.499 [info] > git status -z -uall [19ms]
2025-01-27 18:35:19.523 [info] > git config --get commit.template [9ms]
2025-01-27 18:35:19.524 [info] > git for-each-ref --format=%(refname)%00%(upstream:short)%00%(objectname)%00%(upstream:track)%00%(upstream:remotename)%00%(upstream:remoteref) refs/heads/main refs/remotes/main [2ms]
2025-01-27 18:35:19.543 [info] > git for-each-ref --sort -committerdate --format %(refname) %(objectname) %(*objectname) [3ms]
2025-01-27 18:35:19.552 [info] > git status -z -uall [20ms]
2025-01-27 18:35:24.576 [info] > git config --get commit.template [9ms]
2025-01-27 18:35:24.578 [info] > git for-each-ref --format=%(refname)%00%(upstream:short)%00%(objectname)%00%(upstream:track)%00%(upstream:remotename)%00%(upstream:remoteref) refs/heads/main refs/remotes/main [3ms]
2025-01-27 18:35:24.598 [info] > git for-each-ref --sort -committerdate --format %(refname) %(objectname) %(*objectname) [2ms]
2025-01-27 18:35:24.605 [info] > git status -z -uall [20ms]
2025-01-27 18:35:32.863 [info] > git config --get commit.template [9ms]
2025-01-27 18:35:32.865 [info] > git for-each-ref --format=%(refname)%00%(upstream:short)%00%(objectname)%00%(upstream:track)%00%(upstream:remotename)%00%(upstream:remoteref) refs/heads/main refs/remotes/main [2ms]
2025-01-27 18:35:32.883 [info] > git for-each-ref --sort -committerdate --format %(refname) %(objectname) %(*objectname) [2ms]
2025-01-27 18:35:32.893 [info] > git status -z -uall [20ms]
2025-01-27 18:35:37.378 [info] > git ls-files --stage -- /home/stevenlagadapati1012/app.py [2ms]
2025-01-27 18:35:37.388 [info] > git cat-file -s 0e3b9118c8636c6f64424fb8248208af4d3820bc [2ms]
2025-01-27 18:35:37.446 [info] > git show --textconv :app.py [3ms]
2025-01-27 18:35:37.917 [info] > git config --get commit.template [9ms]
2025-01-27 18:35:37.918 [info] > git for-each-ref --format=%(refname)%00%(upstream:short)%00%(objectname)%00%(upstream:track)%00%(upstream:remotename)%00%(upstream:remoteref) refs/heads/main refs/remotes/main [2ms]
2025-01-27 18:35:37.937 [info] > git for-each-ref --sort -committerdate --format %(refname) %(objectname) %(*objectname) [3ms]
2025-01-27 18:35:37.946 [info] > git status -z -uall [20ms]
2025-01-27 18:35:42.972 [info] > git config --get commit.template [11ms]
2025-01-27 18:35:42.972 [info] > git for-each-ref --format=%(refname)%00%(upstream:short)%00%(objectname)%00%(upstream:track)%00%(upstream:remotename)%00%(upstream:remoteref) refs/heads/main refs/remotes/main [3ms]
2025-01-27 18:35:42.991 [info] > git for-each-ref --sort -committerdate --format %(refname) %(objectname) %(*objectname) [3ms]
2025-01-27 18:35:42.999 [info] > git status -z -uall [19ms]
2025-01-27 18:35:48.765 [info] > git config --get commit.template [8ms]
2025-01-27 18:35:48.766 [info] > git for-each-ref --format=%(refname)%00%(upstream:short)%00%(objectname)%00%(upstream:track)%00%(upstream:remotename)%00%(upstream:remoteref) refs/heads/main refs/remotes/main [1ms]
2025-01-27 18:35:48.783 [info] > git for-each-ref --sort -committerdate --format %(refname) %(objectname) %(*objectname) [2ms]
2025-01-27 18:35:48.792 [info] > git status -z -uall [19ms]
2025-01-27 18:35:53.809 [info] > git config --get commit.template [2ms]
2025-01-27 18:35:53.819 [info] > git for-each-ref --format=%(refname)%00%(upstream:short)%00%(objectname)%00%(upstream:track)%00%(upstream:remotename)%00%(upstream:remoteref) refs/heads/main refs/remotes/main [2ms]
2025-01-27 18:35:53.838 [info] > git for-each-ref --sort -committerdate --format %(refname) %(objectname) %(*objectname) [2ms]
2025-01-27 18:35:53.847 [info] > git status -z -uall [19ms]
2025-01-27 18:36:15.235 [info] > git config --get commit.template [3ms]
2025-01-27 18:36:15.245 [info] > git for-each-ref --format=%(refname)%00%(upstream:short)%00%(objectname)%00%(upstream:track)%00%(upstream:remotename)%00%(upstream:remoteref) refs/heads/main refs/remotes/main [2ms]
2025-01-27 18:36:15.263 [info] > git for-each-ref --sort -committerdate --format %(refname) %(objectname) %(*objectname) [2ms]
2025-01-27 18:36:15.272 [info] > git status -z -uall [19ms]
2025-01-27 18:36:20.296 [info] > git config --get commit.template [9ms]
2025-01-27 18:36:20.298 [info] > git for-each-ref --format=%(refname)%00%(upstream:short)%00%(objectname)%00%(upstream:track)%00%(upstream:remotename)%00%(upstream:remoteref) refs/heads/main refs/remotes/main [2ms]
2025-01-27 18:36:20.316 [info] > git for-each-ref --sort -committerdate --format %(refname) %(objectname) %(*objectname) [3ms]
2025-01-27 18:36:20.326 [info] > git status -z -uall [21ms]
2025-01-27 18:36:29.078 [info] > git config --get commit.template [9ms]
2025-01-27 18:36:29.080 [info] > git for-each-ref --format=%(refname)%00%(upstream:short)%00%(objectname)%00%(upstream:track)%00%(upstream:remotename)%00%(upstream:remoteref) refs/heads/main refs/remotes/main [3ms]
2025-01-27 18:36:29.098 [info] > git for-each-ref --sort -committerdate --format %(refname) %(objectname) %(*objectname) [3ms]
2025-01-27 18:36:29.107 [info] > git status -z -uall [20ms]
2025-01-27 18:36:34.131 [info] > git config --get commit.template [8ms]
2025-01-27 18:36:34.132 [info] > git for-each-ref --format=%(refname)%00%(upstream:short)%00%(objectname)%00%(upstream:track)%00%(upstream:remotename)%00%(upstream:remoteref) refs/heads/main refs/remotes/main [2ms]
2025-01-27 18:36:34.150 [info] > git for-each-ref --sort -committerdate --format %(refname) %(objectname) %(*objectname) [3ms]
2025-01-27 18:36:34.159 [info] > git status -z -uall [19ms]
2025-01-27 18:36:47.614 [info] > git config --get commit.template [9ms]
2025-01-27 18:36:47.615 [info] > git for-each-ref --format=%(refname)%00%(upstream:short)%00%(objectname)%00%(upstream:track)%00%(upstream:remotename)%00%(upstream:remoteref) refs/heads/main refs/remotes/main [2ms]
2025-01-27 18:36:47.636 [info] > git for-each-ref --sort -committerdate --format %(refname) %(objectname) %(*objectname) [3ms]
2025-01-27 18:36:47.643 [info] > git status -z -uall [20ms]
2025-01-27 18:36:54.846 [info] > git config --get commit.template [8ms]
2025-01-27 18:36:54.847 [info] > git for-each-ref --format=%(refname)%00%(upstream:short)%00%(objectname)%00%(upstream:track)%00%(upstream:remotename)%00%(upstream:remoteref) refs/heads/main refs/remotes/main [2ms]
2025-01-27 18:36:54.867 [info] > git for-each-ref --sort -committerdate --format %(refname) %(objectname) %(*objectname) [3ms]
2025-01-27 18:36:54.878 [info] > git status -z -uall [23ms]
2025-01-27 18:36:57.655 [info] > git ls-files --stage -- /home/stevenlagadapati1012/app.py [3ms]
2025-01-27 18:36:57.665 [info] > git cat-file -s 0e3b9118c8636c6f64424fb8248208af4d3820bc [3ms]
2025-01-27 18:36:57.726 [info] > git show --textconv :app.py [2ms]
2025-01-27 18:37:07.054 [info] > git config --get commit.template [9ms]
2025-01-27 18:37:07.056 [info] > git for-each-ref --format=%(refname)%00%(upstream:short)%00%(objectname)%00%(upstream:track)%00%(upstream:remotename)%00%(upstream:remoteref) refs/heads/main refs/remotes/main [3ms]
2025-01-27 18:37:07.074 [info] > git for-each-ref --sort -committerdate --format %(refname) %(objectname) %(*objectname) [2ms]
2025-01-27 18:37:07.083 [info] > git status -z -uall [19ms]
2025-01-27 18:37:10.002 [info] > git ls-files --stage -- /home/stevenlagadapati1012/app.py [2ms]
2025-01-27 18:37:10.012 [info] > git cat-file -s 0e3b9118c8636c6f64424fb8248208af4d3820bc [2ms]
2025-01-27 18:37:10.107 [info] > git show --textconv :app.py [3ms]
2025-01-27 18:37:14.191 [info] > git config --get commit.template [3ms]
2025-01-27 18:37:14.199 [info] [Git][getRemotes] No remotes found in the git config file
2025-01-27 18:37:14.201 [info] > git for-each-ref --format=%(refname)%00%(upstream:short)%00%(objectname)%00%(upstream:track)%00%(upstream:remotename)%00%(upstream:remoteref) refs/heads/main refs/remotes/main [2ms]
2025-01-27 18:37:14.219 [info] > git for-each-ref --sort -committerdate --format %(refname) %(objectname) %(*objectname) [2ms]
2025-01-27 18:37:14.228 [info] > git status -z -uall [19ms]
2025-01-27 18:37:16.802 [info] > git ls-files --stage -- /home/stevenlagadapati1012/app.py [2ms]
2025-01-27 18:37:16.812 [info] > git cat-file -s 0e3b9118c8636c6f64424fb8248208af4d3820bc [2ms]
2025-01-27 18:37:16.870 [info] > git show --textconv :app.py [2ms]
2025-01-27 18:37:32.613 [info] > git config --get commit.template [9ms]
2025-01-27 18:37:32.615 [info] > git for-each-ref --format=%(refname)%00%(upstream:short)%00%(objectname)%00%(upstream:track)%00%(upstream:remotename)%00%(upstream:remoteref) refs/heads/main refs/remotes/main [3ms]
2025-01-27 18:37:32.633 [info] > git for-each-ref --sort -committerdate --format %(refname) %(objectname) %(*objectname) [2ms]
2025-01-27 18:37:32.642 [info] > git status -z -uall [19ms]
2025-01-27 18:37:37.483 [info] > git ls-files --stage -- /home/stevenlagadapati1012/app.py [2ms]
2025-01-27 18:37:37.493 [info] > git cat-file -s c6407a012ddf008340e7cbbb7a846bef55327c17 [2ms]
2025-01-27 18:37:37.556 [info] > git show --textconv :app.py [3ms]
2025-01-27 18:37:37.666 [info] > git config --get commit.template [9ms]
2025-01-27 18:37:37.667 [info] > git for-each-ref --format=%(refname)%00%(upstream:short)%00%(objectname)%00%(upstream:track)%00%(upstream:remotename)%00%(upstream:remoteref) refs/heads/main refs/remotes/main [2ms]
2025-01-27 18:37:37.687 [info] > git for-each-ref --sort -committerdate --format %(refname) %(objectname) %(*objectname) [3ms]
2025-01-27 18:37:37.911 [info] > git status -z -uall [236ms]
2025-01-27 18:37:42.935 [info] > git config --get commit.template [9ms]
2025-01-27 18:37:42.936 [info] > git for-each-ref --format=%(refname)%00%(upstream:short)%00%(objectname)%00%(upstream:track)%00%(upstream:remotename)%00%(upstream:remoteref) refs/heads/main refs/remotes/main [2ms]
2025-01-27 18:37:42.958 [info] > git for-each-ref --sort -committerdate --format %(refname) %(objectname) %(*objectname) [3ms]
2025-01-27 18:37:42.969 [info] > git status -z -uall [24ms]
2025-01-27 18:37:46.371 [info] > git ls-files --stage -- /home/stevenlagadapati1012/app.py [2ms]
2025-01-27 18:37:46.381 [info] > git cat-file -s c6407a012ddf008340e7cbbb7a846bef55327c17 [2ms]
2025-01-27 18:37:46.452 [info] > git show --textconv :app.py [3ms]
2025-01-27 18:37:47.986 [info] > git config --get commit.template [2ms]
2025-01-27 18:37:47.996 [info] > git for-each-ref --format=%(refname)%00%(upstream:short)%00%(objectname)%00%(upstream:track)%00%(upstream:remotename)%00%(upstream:remoteref) refs/heads/main refs/remotes/main [2ms]
2025-01-27 18:37:48.016 [info] > git for-each-ref --sort -committerdate --format %(refname) %(objectname) %(*objectname) [3ms]
2025-01-27 18:37:48.017 [info] > git status -z -uall [13ms]
2025-01-27 18:37:53.040 [info] > git config --get commit.template [9ms]
2025-01-27 18:37:53.042 [info] > git for-each-ref --format=%(refname)%00%(upstream:short)%00%(objectname)%00%(upstream:track)%00%(upstream:remotename)%00%(upstream:remoteref) refs/heads/main refs/remotes/main [2ms]
2025-01-27 18:37:53.062 [info] > git for-each-ref --sort -committerdate --format %(refname) %(objectname) %(*objectname) [3ms]
2025-01-27 18:37:53.063 [info] > git status -z -uall [14ms]
2025-01-27 18:37:59.538 [info] > git config --get commit.template [9ms]
2025-01-27 18:37:59.539 [info] > git for-each-ref --format=%(refname)%00%(upstream:short)%00%(objectname)%00%(upstream:track)%00%(upstream:remotename)%00%(upstream:remoteref) refs/heads/main refs/remotes/main [2ms]
2025-01-27 18:37:59.558 [info] > git for-each-ref --sort -committerdate --format %(refname) %(objectname) %(*objectname) [2ms]
2025-01-27 18:37:59.561 [info] > git status -z -uall [14ms]
2025-01-27 18:38:05.106 [info] > git config --get commit.template [2ms]
2025-01-27 18:38:05.116 [info] > git for-each-ref --format=%(refname)%00%(upstream:short)%00%(objectname)%00%(upstream:track)%00%(upstream:remotename)%00%(upstream:remoteref) refs/heads/main refs/remotes/main [2ms]
2025-01-27 18:38:05.136 [info] > git for-each-ref --sort -committerdate --format %(refname) %(objectname) %(*objectname) [3ms]
2025-01-27 18:38:05.137 [info] > git status -z -uall [13ms]
2025-01-27 18:38:10.156 [info] > git config --get commit.template [9ms]
2025-01-27 18:38:10.158 [info] > git for-each-ref --format=%(refname)%00%(upstream:short)%00%(objectname)%00%(upstream:track)%00%(upstream:remotename)%00%(upstream:remoteref) refs/heads/main refs/remotes/main [2ms]
2025-01-27 18:38:10.179 [info] > git for-each-ref --sort -committerdate --format %(refname) %(objectname) %(*objectname) [3ms]
2025-01-27 18:38:10.180 [info] > git status -z -uall [13ms]
2025-01-27 18:38:15.201 [info] > git config --get commit.template [10ms]
2025-01-27 18:38:15.202 [info] > git for-each-ref --format=%(refname)%00%(upstream:short)%00%(objectname)%00%(upstream:track)%00%(upstream:remotename)%00%(upstream:remoteref) refs/heads/main refs/remotes/main [2ms]
2025-01-27 18:38:15.224 [info] > git for-each-ref --sort -committerdate --format %(refname) %(objectname) %(*objectname) [2ms]
2025-01-27 18:38:15.225 [info] > git status -z -uall [13ms]
2025-01-27 18:39:01.971 [info] > git config --get commit.template [9ms]
2025-01-27 18:39:01.972 [info] > git for-each-ref --format=%(refname)%00%(upstream:short)%00%(objectname)%00%(upstream:track)%00%(upstream:remotename)%00%(upstream:remoteref) refs/heads/main refs/remotes/main [2ms]
2025-01-27 18:39:01.992 [info] > git for-each-ref --sort -committerdate --format %(refname) %(objectname) %(*objectname) [2ms]
2025-01-27 18:39:01.993 [info] > git status -z -uall [13ms]
2025-01-27 18:39:07.008 [info] > git config --get commit.template [2ms]
2025-01-27 18:39:07.018 [info] > git for-each-ref --format=%(refname)%00%(upstream:short)%00%(objectname)%00%(upstream:track)%00%(upstream:remotename)%00%(upstream:remoteref) refs/heads/main refs/remotes/main [2ms]
2025-01-27 18:39:07.038 [info] > git for-each-ref --sort -committerdate --format %(refname) %(objectname) %(*objectname) [3ms]
2025-01-27 18:39:07.039 [info] > git status -z -uall [13ms]
2025-01-27 18:39:11.147 [info] > git ls-files --stage -- /home/stevenlagadapati1012/app.py [2ms]
2025-01-27 18:39:11.157 [info] > git cat-file -s c6407a012ddf008340e7cbbb7a846bef55327c17 [2ms]
2025-01-27 18:39:11.219 [info] > git show --textconv :app.py [2ms]
2025-01-27 18:39:12.061 [info] > git config --get commit.template [9ms]
2025-01-27 18:39:12.062 [info] > git for-each-ref --format=%(refname)%00%(upstream:short)%00%(objectname)%00%(upstream:track)%00%(upstream:remotename)%00%(upstream:remoteref) refs/heads/main refs/remotes/main [2ms]
2025-01-27 18:39:12.082 [info] > git for-each-ref --sort -committerdate --format %(refname) %(objectname) %(*objectname) [2ms]
2025-01-27 18:39:12.083 [info] > git status -z -uall [13ms]
2025-01-27 18:39:17.116 [info] > git config --get commit.template [9ms]
2025-01-27 18:39:17.118 [info] > git for-each-ref --format=%(refname)%00%(upstream:short)%00%(objectname)%00%(upstream:track)%00%(upstream:remotename)%00%(upstream:remoteref) refs/heads/main refs/remotes/main [2ms]
2025-01-27 18:39:17.137 [info] > git for-each-ref --sort -committerdate --format %(refname) %(objectname) %(*objectname) [3ms]
2025-01-27 18:39:17.138 [info] > git status -z -uall [13ms]
2025-01-27 18:39:22.159 [info] > git config --get commit.template [10ms]
2025-01-27 18:39:22.160 [info] > git for-each-ref --format=%(refname)%00%(upstream:short)%00%(objectname)%00%(upstream:track)%00%(upstream:remotename)%00%(upstream:remoteref) refs/heads/main refs/remotes/main [2ms]
2025-01-27 18:39:22.180 [info] > git for-each-ref --sort -committerdate --format %(refname) %(objectname) %(*objectname) [3ms]
2025-01-27 18:39:22.181 [info] > git status -z -uall [13ms]
2025-01-27 18:39:24.961 [info] > git ls-files --stage -- /home/stevenlagadapati1012/app.py [2ms]
2025-01-27 18:39:24.971 [info] > git cat-file -s c6407a012ddf008340e7cbbb7a846bef55327c17 [2ms]
2025-01-27 18:39:25.024 [info] > git show --textconv :app.py [3ms]
2025-01-27 18:39:31.776 [info] > git config --get commit.template [2ms]
2025-01-27 18:39:31.786 [info] > git for-each-ref --format=%(refname)%00%(upstream:short)%00%(objectname)%00%(upstream:track)%00%(upstream:remotename)%00%(upstream:remoteref) refs/heads/master refs/remotes/master [2ms]
2025-01-27 18:39:31.806 [info] > git for-each-ref --sort -committerdate --format %(refname) %(objectname) %(*objectname) [3ms]
2025-01-27 18:39:31.807 [info] > git status -z -uall [13ms]
2025-01-27 18:39:31.821 [info] > git for-each-ref --format=%(refname)%00%(upstream:short)%00%(objectname)%00%(upstream:track)%00%(upstream:remotename)%00%(upstream:remoteref) refs/heads/master refs/remotes/master [3ms]
2025-01-27 18:39:31.831 [info] > git config --local branch.master.vscode-merge-base [2ms]
2025-01-27 18:39:31.831 [warning] [Git][config] git config failed: Failed to execute git
2025-01-27 18:39:31.842 [info] > git reflog master --grep-reflog=branch: Created from *. [3ms]
2025-01-27 18:39:31.852 [info] > git symbolic-ref --short refs/remotes/origin/HEAD [1ms]
2025-01-27 18:39:31.852 [info] fatal: ref refs/remotes/origin/HEAD is not a symbolic ref
2025-01-27 18:39:31.852 [warning] [Repository][getDefaultBranch] Failed to get default branch details: Failed to execute git.
2025-01-27 18:39:36.838 [info] > git config --get commit.template [10ms]
2025-01-27 18:39:36.840 [info] > git for-each-ref --format=%(refname)%00%(upstream:short)%00%(objectname)%00%(upstream:track)%00%(upstream:remotename)%00%(upstream:remoteref) refs/heads/master refs/remotes/master [3ms]
2025-01-27 18:39:36.860 [info] > git for-each-ref --sort -committerdate --format %(refname) %(objectname) %(*objectname) [3ms]
2025-01-27 18:39:36.861 [info] > git status -z -uall [14ms]
2025-01-27 18:39:41.875 [info] > git config --get commit.template [3ms]
2025-01-27 18:39:41.885 [info] > git for-each-ref --format=%(refname)%00%(upstream:short)%00%(objectname)%00%(upstream:track)%00%(upstream:remotename)%00%(upstream:remoteref) refs/heads/master refs/remotes/master [2ms]
2025-01-27 18:39:41.904 [info] > git for-each-ref --sort -committerdate --format %(refname) %(objectname) %(*objectname) [3ms]
2025-01-27 18:39:41.907 [info] > git status -z -uall [14ms]
2025-01-27 18:40:02.835 [info] > git config --get commit.template [10ms]
2025-01-27 18:40:02.836 [info] > git for-each-ref --format=%(refname)%00%(upstream:short)%00%(objectname)%00%(upstream:track)%00%(upstream:remotename)%00%(upstream:remoteref) refs/heads/master refs/remotes/master [2ms]
2025-01-27 18:40:02.856 [info] > git for-each-ref --sort -committerdate --format %(refname) %(objectname) %(*objectname) [2ms]
2025-01-27 18:40:02.859 [info] > git status -z -uall [15ms]
2025-01-27 18:40:06.552 [info] > git ls-files --stage -- /home/stevenlagadapati1012/app.py [2ms]
2025-01-27 18:40:06.562 [info] > git cat-file -s c6407a012ddf008340e7cbbb7a846bef55327c17 [2ms]
2025-01-27 18:40:06.616 [info] > git show --textconv :app.py [3ms]
2025-01-27 18:40:07.879 [info] > git config --get commit.template [8ms]
2025-01-27 18:40:07.880 [info] > git for-each-ref --format=%(refname)%00%(upstream:short)%00%(objectname)%00%(upstream:track)%00%(upstream:remotename)%00%(upstream:remoteref) refs/heads/master refs/remotes/master [2ms]
2025-01-27 18:40:07.901 [info] > git for-each-ref --sort -committerdate --format %(refname) %(objectname) %(*objectname) [2ms]
2025-01-27 18:40:07.903 [info] > git status -z -uall [13ms]
2025-01-27 18:40:21.218 [info] > git config --get commit.template [10ms]
2025-01-27 18:40:21.218 [info] > git for-each-ref --format=%(refname)%00%(upstream:short)%00%(objectname)%00%(upstream:track)%00%(upstream:remotename)%00%(upstream:remoteref) refs/heads/master refs/remotes/master [3ms]
2025-01-27 18:40:21.238 [info] > git for-each-ref --sort -committerdate --format %(refname) %(objectname) %(*objectname) [3ms]
2025-01-27 18:40:21.239 [info] > git status -z -uall [13ms]
2025-01-27 18:40:26.259 [info] > git config --get commit.template [9ms]
2025-01-27 18:40:26.260 [info] > git for-each-ref --format=%(refname)%00%(upstream:short)%00%(objectname)%00%(upstream:track)%00%(upstream:remotename)%00%(upstream:remoteref) refs/heads/master refs/remotes/master [2ms]
2025-01-27 18:40:26.280 [info] > git for-each-ref --sort -committerdate --format %(refname) %(objectname) %(*objectname) [3ms]
2025-01-27 18:40:26.282 [info] > git status -z -uall [14ms]
2025-01-27 18:40:33.671 [info] > git config --get commit.template [9ms]
2025-01-27 18:40:33.673 [info] > git for-each-ref --format=%(refname)%00%(upstream:short)%00%(objectname)%00%(upstream:track)%00%(upstream:remotename)%00%(upstream:remoteref) refs/heads/master refs/remotes/master [2ms]
2025-01-27 18:40:33.694 [info] > git status -z -uall [13ms]
2025-01-27 18:40:33.695 [info] > git for-each-ref --sort -committerdate --format %(refname) %(objectname) %(*objectname) [3ms]
2025-01-27 18:40:36.329 [info] > git ls-files --stage -- /home/stevenlagadapati1012/app.py [2ms]
2025-01-27 18:40:36.339 [info] > git cat-file -s c6407a012ddf008340e7cbbb7a846bef55327c17 [2ms]
2025-01-27 18:40:36.392 [info] > git show --textconv :app.py [3ms]
2025-01-27 18:40:41.085 [info] > git config --get commit.template [2ms]
2025-01-27 18:40:41.095 [info] > git for-each-ref --format=%(refname)%00%(upstream:short)%00%(objectname)%00%(upstream:track)%00%(upstream:remotename)%00%(upstream:remoteref) refs/heads/main refs/remotes/main [2ms]
2025-01-27 18:40:41.115 [info] > git for-each-ref --sort -committerdate --format %(refname) %(objectname) %(*objectname) [2ms]
2025-01-27 18:40:41.116 [info] > git status -z -uall [13ms]
2025-01-27 18:40:41.129 [info] > git for-each-ref --format=%(refname)%00%(upstream:short)%00%(objectname)%00%(upstream:track)%00%(upstream:remotename)%00%(upstream:remoteref) refs/heads/main refs/remotes/main [3ms]
2025-01-27 18:40:41.140 [info] > git config --local branch.main.vscode-merge-base [1ms]
2025-01-27 18:40:41.140 [warning] [Git][config] git config failed: Failed to execute git
2025-01-27 18:40:41.150 [info] > git reflog main --grep-reflog=branch: Created from *. [3ms]
2025-01-27 18:40:41.160 [info] > git symbolic-ref --short refs/remotes/origin/HEAD [2ms]
2025-01-27 18:40:41.160 [info] fatal: ref refs/remotes/origin/HEAD is not a symbolic ref
2025-01-27 18:40:41.160 [warning] [Repository][getDefaultBranch] Failed to get default branch details: Failed to execute git.
2025-01-27 18:40:46.146 [info] > git config --get commit.template [9ms]
2025-01-27 18:40:46.148 [info] > git for-each-ref --format=%(refname)%00%(upstream:short)%00%(objectname)%00%(upstream:track)%00%(upstream:remotename)%00%(upstream:remoteref) refs/heads/main refs/remotes/main [2ms]
2025-01-27 18:40:46.169 [info] > git for-each-ref --sort -committerdate --format %(refname) %(objectname) %(*objectname) [3ms]
2025-01-27 18:40:46.170 [info] > git status -z -uall [15ms]
2025-01-27 18:40:51.190 [info] > git config --get commit.template [9ms]
2025-01-27 18:40:51.191 [info] > git for-each-ref --format=%(refname)%00%(upstream:short)%00%(objectname)%00%(upstream:track)%00%(upstream:remotename)%00%(upstream:remoteref) refs/heads/main refs/remotes/main [2ms]
2025-01-27 18:40:51.211 [info] > git for-each-ref --sort -committerdate --format %(refname) %(objectname) %(*objectname) [3ms]
2025-01-27 18:40:51.212 [info] > git status -z -uall [13ms]
2025-01-27 18:41:21.422 [info] > git config --get commit.template [8ms]
2025-01-27 18:41:21.423 [info] > git for-each-ref --format=%(refname)%00%(upstream:short)%00%(objectname)%00%(upstream:track)%00%(upstream:remotename)%00%(upstream:remoteref) refs/heads/main refs/remotes/main [2ms]
2025-01-27 18:41:21.443 [info] > git for-each-ref --sort -committerdate --format %(refname) %(objectname) %(*objectname) [3ms]
2025-01-27 18:41:21.444 [info] > git status -z -uall [14ms]
2025-01-27 18:41:26.467 [info] > git config --get commit.template [11ms]
2025-01-27 18:41:26.467 [info] > git for-each-ref --format=%(refname)%00%(upstream:short)%00%(objectname)%00%(upstream:track)%00%(upstream:remotename)%00%(upstream:remoteref) refs/heads/master refs/remotes/master [3ms]
2025-01-27 18:41:26.489 [info] > git for-each-ref --sort -committerdate --format %(refname) %(objectname) %(*objectname) [3ms]
2025-01-27 18:41:26.491 [info] > git status -z -uall [16ms]
2025-01-27 18:41:26.505 [info] > git for-each-ref --format=%(refname)%00%(upstream:short)%00%(objectname)%00%(upstream:track)%00%(upstream:remotename)%00%(upstream:remoteref) refs/heads/master refs/remotes/master [2ms]
2025-01-27 18:41:26.516 [info] > git config --local branch.master.vscode-merge-base [2ms]
2025-01-27 18:41:26.517 [warning] [Git][config] git config failed: Failed to execute git
2025-01-27 18:41:26.530 [info] > git reflog master --grep-reflog=branch: Created from *. [3ms]
2025-01-27 18:41:26.540 [info] > git symbolic-ref --short refs/remotes/origin/HEAD [1ms]
2025-01-27 18:41:26.540 [info] fatal: ref refs/remotes/origin/HEAD is not a symbolic ref
2025-01-27 18:41:26.540 [warning] [Repository][getDefaultBranch] Failed to get default branch details: Failed to execute git.
2025-01-27 18:41:26.633 [info] > git ls-files --stage -- /home/stevenlagadapati1012/app.py [2ms]
2025-01-27 18:41:26.643 [info] > git cat-file -s c6407a012ddf008340e7cbbb7a846bef55327c17 [2ms]
2025-01-27 18:41:26.697 [info] > git show --textconv :app.py [3ms]
2025-01-27 18:41:31.522 [info] > git config --get commit.template [8ms]
2025-01-27 18:41:31.524 [info] > git for-each-ref --format=%(refname)%00%(upstream:short)%00%(objectname)%00%(upstream:track)%00%(upstream:remotename)%00%(upstream:remoteref) refs/heads/master refs/remotes/master [2ms]
2025-01-27 18:41:31.544 [info] > git for-each-ref --sort -committerdate --format %(refname) %(objectname) %(*objectname) [3ms]
2025-01-27 18:41:31.546 [info] > git status -z -uall [15ms]
2025-01-27 18:41:36.566 [info] > git config --get commit.template [9ms]
2025-01-27 18:41:36.568 [info] > git for-each-ref --format=%(refname)%00%(upstream:short)%00%(objectname)%00%(upstream:track)%00%(upstream:remotename)%00%(upstream:remoteref) refs/heads/master refs/remotes/master [2ms]
2025-01-27 18:41:36.587 [info] > git for-each-ref --sort -committerdate --format %(refname) %(objectname) %(*objectname) [2ms]
2025-01-27 18:41:36.589 [info] > git status -z -uall [14ms]
2025-01-27 18:41:41.609 [info] > git config --get commit.template [8ms]
2025-01-27 18:41:41.610 [info] > git for-each-ref --format=%(refname)%00%(upstream:short)%00%(objectname)%00%(upstream:track)%00%(upstream:remotename)%00%(upstream:remoteref) refs/heads/master refs/remotes/master [2ms]
2025-01-27 18:41:41.630 [info] > git for-each-ref --sort -committerdate --format %(refname) %(objectname) %(*objectname) [3ms]
2025-01-27 18:41:41.631 [info] > git status -z -uall [13ms]
2025-01-27 18:42:05.415 [info] > git config --get commit.template [10ms]
2025-01-27 18:42:05.416 [info] > git for-each-ref --format=%(refname)%00%(upstream:short)%00%(objectname)%00%(upstream:track)%00%(upstream:remotename)%00%(upstream:remoteref) refs/heads/master refs/remotes/master [2ms]
2025-01-27 18:42:05.436 [info] > git for-each-ref --sort -committerdate --format %(refname) %(objectname) %(*objectname) [3ms]
2025-01-27 18:42:05.437 [info] > git status -z -uall [13ms]
2025-01-27 18:42:22.580 [info] > git config --get commit.template [3ms]
2025-01-27 18:42:22.590 [info] > git for-each-ref --format=%(refname)%00%(upstream:short)%00%(objectname)%00%(upstream:track)%00%(upstream:remotename)%00%(upstream:remoteref) refs/heads/master refs/remotes/master [2ms]
2025-01-27 18:42:22.611 [info] > git for-each-ref --sort -committerdate --format %(refname) %(objectname) %(*objectname) [3ms]
2025-01-27 18:42:22.612 [info] > git status -z -uall [13ms]
2025-01-27 18:42:26.020 [info] > git ls-files --stage -- /home/stevenlagadapati1012/app.py [2ms]
2025-01-27 18:42:26.030 [info] > git cat-file -s c6407a012ddf008340e7cbbb7a846bef55327c17 [2ms]
2025-01-27 18:42:26.083 [info] > git show --textconv :app.py [3ms]
2025-01-27 18:43:39.879 [info] > git config --get commit.template [2ms]
2025-01-27 18:43:39.889 [info] > git for-each-ref --format=%(refname)%00%(upstream:short)%00%(objectname)%00%(upstream:track)%00%(upstream:remotename)%00%(upstream:remoteref) refs/heads/master refs/remotes/master [2ms]
2025-01-27 18:43:39.909 [info] > git for-each-ref --sort -committerdate --format %(refname) %(objectname) %(*objectname) [2ms]
2025-01-27 18:43:39.912 [info] > git status -z -uall [15ms]
2025-01-27 18:43:44.932 [info] > git config --get commit.template [9ms]
2025-01-27 18:43:44.934 [info] > git for-each-ref --format=%(refname)%00%(upstream:short)%00%(objectname)%00%(upstream:track)%00%(upstream:remotename)%00%(upstream:remoteref) refs/heads/master refs/remotes/master [3ms]
2025-01-27 18:43:44.955 [info] > git status -z -uall [13ms]
2025-01-27 18:43:44.956 [info] > git for-each-ref --sort -committerdate --format %(refname) %(objectname) %(*objectname) [2ms]
2025-01-27 18:43:49.975 [info] > git config --get commit.template [9ms]
2025-01-27 18:43:49.977 [info] > git for-each-ref --format=%(refname)%00%(upstream:short)%00%(objectname)%00%(upstream:track)%00%(upstream:remotename)%00%(upstream:remoteref) refs/heads/master refs/remotes/master [3ms]
2025-01-27 18:43:49.997 [info] > git for-each-ref --sort -committerdate --format %(refname) %(objectname) %(*objectname) [2ms]
2025-01-27 18:43:49.998 [info] > git status -z -uall [13ms]
2025-01-27 18:43:55.012 [info] > git config --get commit.template [2ms]
2025-01-27 18:43:55.022 [info] > git for-each-ref --format=%(refname)%00%(upstream:short)%00%(objectname)%00%(upstream:track)%00%(upstream:remotename)%00%(upstream:remoteref) refs/heads/master refs/remotes/master [2ms]
2025-01-27 18:43:55.042 [info] > git for-each-ref --sort -committerdate --format %(refname) %(objectname) %(*objectname) [2ms]
2025-01-27 18:43:55.044 [info] > git status -z -uall [14ms]
2025-01-27 18:46:26.947 [info] > git config --get commit.template [9ms]
2025-01-27 18:46:26.948 [info] > git for-each-ref --format=%(refname)%00%(upstream:short)%00%(objectname)%00%(upstream:track)%00%(upstream:remotename)%00%(upstream:remoteref) refs/heads/master refs/remotes/master [2ms]
2025-01-27 18:46:26.968 [info] > git for-each-ref --sort -committerdate --format %(refname) %(objectname) %(*objectname) [2ms]
2025-01-27 18:46:26.970 [info] > git status -z -uall [14ms]
2025-01-27 18:46:31.991 [info] > git config --get commit.template [9ms]
2025-01-27 18:46:31.992 [info] > git for-each-ref --format=%(refname)%00%(upstream:short)%00%(objectname)%00%(upstream:track)%00%(upstream:remotename)%00%(upstream:remoteref) refs/heads/master refs/remotes/master [2ms]
2025-01-27 18:46:32.011 [info] > git for-each-ref --sort -committerdate --format %(refname) %(objectname) %(*objectname) [2ms]
2025-01-27 18:46:32.013 [info] > git status -z -uall [13ms]
2025-01-27 18:46:42.232 [info] > git config --get commit.template [9ms]
2025-01-27 18:46:42.233 [info] > git for-each-ref --format=%(refname)%00%(upstream:short)%00%(objectname)%00%(upstream:track)%00%(upstream:remotename)%00%(upstream:remoteref) refs/heads/master refs/remotes/master [2ms]
2025-01-27 18:46:42.253 [info] > git for-each-ref --sort -committerdate --format %(refname) %(objectname) %(*objectname) [3ms]
2025-01-27 18:46:42.254 [info] > git status -z -uall [13ms]
2025-01-27 18:46:47.273 [info] > git config --get commit.template [9ms]
2025-01-27 18:46:47.274 [info] > git for-each-ref --format=%(refname)%00%(upstream:short)%00%(objectname)%00%(upstream:track)%00%(upstream:remotename)%00%(upstream:remoteref) refs/heads/master refs/remotes/master [2ms]
2025-01-27 18:46:47.293 [info] > git for-each-ref --sort -committerdate --format %(refname) %(objectname) %(*objectname) [2ms]
2025-01-27 18:46:47.295 [info] > git status -z -uall [13ms]
2025-01-27 18:46:47.361 [info] > git ls-files --stage -- /home/stevenlagadapati1012/app.py [2ms]
2025-01-27 18:46:47.371 [info] > git cat-file -s c6407a012ddf008340e7cbbb7a846bef55327c17 [2ms]
2025-01-27 18:46:47.429 [info] > git show --textconv :app.py [3ms]
2025-01-27 18:46:54.057 [info] > git config --get commit.template [9ms]
2025-01-27 18:46:54.058 [info] > git for-each-ref --format=%(refname)%00%(upstream:short)%00%(objectname)%00%(upstream:track)%00%(upstream:remotename)%00%(upstream:remoteref) refs/heads/master refs/remotes/master [2ms]
2025-01-27 18:46:54.078 [info] > git for-each-ref --sort -committerdate --format %(refname) %(objectname) %(*objectname) [2ms]
2025-01-27 18:46:54.080 [info] > git status -z -uall [14ms]
