2025-01-27 03:41:13.039 [info] Extension host with pid 3754 started
2025-01-27 03:41:13.049 [info] Lock '/home/stevenlagadapati1012/.codeoss/data/User/workspaceStorage/-5ddd7367/vscode.lock': Lock acquired.
2025-01-27 03:41:13.117 [info] ExtensionService#_doActivateExtension vscode.media-preview, startup: false, activationEvent: 'onCustomEditor:vscode.audioPreview'
2025-01-27 03:41:13.180 [info] ExtensionService#_doActivateExtension vscode.git-base, startup: true, activationEvent: '*', root cause: vscode.git
2025-01-27 03:41:13.188 [info] ExtensionService#_doActivateExtension ms-python.python, startup: true, activationEvent: 'workspaceContains:requirements.txt'
2025-01-27 03:41:13.494 [info] ExtensionService#_doActivateExtension vscode.emmet, startup: false, activationEvent: 'onLanguage'
2025-01-27 03:41:13.533 [info] ExtensionService#_doActivateExtension vscode.git, startup: true, activationEvent: '*'
2025-01-27 03:41:13.534 [info] ExtensionService#_doActivateExtension vscode.github, startup: true, activationEvent: '*'
2025-01-27 03:41:13.790 [error] Error: spawn /google/devshell/editor/code-oss-for-cloud-shell/extensions/ms-python.python/python-env-tools/bin/pet ENOENT
	at ChildProcess._handle.onexit (node:internal/child_process:286:19)
	at onErrorNT (node:internal/child_process:484:16)
	at process.processTicksAndRejections (node:internal/process/task_queues:82:21)
2025-01-27 03:41:13.846 [info] ExtensionService#_doActivateExtension redhat.fabric8-analytics, startup: true, activationEvent: 'workspaceContains:**/package.json,**/pom.xml,**/go.mod,**/requirements.txt,**/build.gradle,**/Dockerfile,**/Containerfile'
2025-01-27 03:41:14.231 [info] Eager extensions activated
2025-01-27 03:41:14.231 [info] ExtensionService#_doActivateExtension EditorConfig.EditorConfig, startup: false, activationEvent: 'onStartupFinished'
2025-01-27 03:41:14.232 [info] ExtensionService#_doActivateExtension google.cloud-shell, startup: false, activationEvent: 'onStartupFinished'
2025-01-27 03:41:14.232 [info] ExtensionService#_doActivateExtension google.geminicodeassist, startup: false, activationEvent: 'onStartupFinished', root cause: googlecloudtools.cloudcode
2025-01-27 03:41:14.232 [info] ExtensionService#_doActivateExtension vscode.debug-auto-launch, startup: false, activationEvent: 'onStartupFinished'
2025-01-27 03:41:14.233 [info] ExtensionService#_doActivateExtension vscode.merge-conflict, startup: false, activationEvent: 'onStartupFinished'
2025-01-27 03:41:15.614 [info] ExtensionService#_doActivateExtension googlecloudtools.cloudcode, startup: false, activationEvent: 'onStartupFinished'
2025-01-27 03:41:18.186 [info] ExtensionService#_doActivateExtension vscode.configuration-editing, startup: false, activationEvent: 'onLanguage:jsonc'
2025-01-27 03:41:18.187 [info] ExtensionService#_doActivateExtension vscode.json-language-features, startup: false, activationEvent: 'onLanguage:jsonc'
2025-01-27 03:41:18.187 [info] ExtensionService#_doActivateExtension vscode.typescript-language-features, startup: false, activationEvent: 'onLanguage:jsonc'
2025-01-27 03:41:23.979 [error] Error: Webview is disposed
    at pH.c (file:///google/devshell/editor/code-oss-for-cloud-shell/out/vs/workbench/api/node/extensionHostProcess.js:156:20672)
    at pH.get webview [as webview] (file:///google/devshell/editor/code-oss-for-cloud-shell/out/vs/workbench/api/node/extensionHostProcess.js:156:19839)
    at a.getWebviewContents (/google/devshell/editor/code-oss-for-cloud-shell/extensions/media-preview/dist/extension.js:1:1036)
    at processTicksAndRejections (node:internal/process/task_queues:95:5)
    at a.render (/google/devshell/editor/code-oss-for-cloud-shell/extensions/media-preview/dist/extension.js:1:10603)
2025-01-27 03:41:23.980 [error] EntryNotFound (FileSystemError): Error: ENOENT: no such file or directory, stat '/home/stevenlagadapati1012/uploads/20250127-033056AM.wav'
    at Function.e (file:///google/devshell/editor/code-oss-for-cloud-shell/out/vs/workbench/api/node/extensionHostProcess.js:114:9061)
    at Object.stat (file:///google/devshell/editor/code-oss-for-cloud-shell/out/vs/workbench/api/node/extensionHostProcess.js:114:7010)
2025-01-27 04:09:17.503 [info] ExtensionService#_doActivateExtension vscode.html-language-features, startup: false, activationEvent: 'onLanguage:html'
2025-01-27 04:33:15.603 [info] Extension host terminating: renderer disconnected for too long (2)
2025-01-27 04:33:15.604 [info] Lock '/home/stevenlagadapati1012/.codeoss/data/User/workspaceStorage/-5ddd7367/vscode.lock': Marking the lockfile as scheduled to be released in 6000 ms.
2025-01-27 04:33:15.688 [error] Error: Channel has been closed
    at s (file:///google/devshell/editor/code-oss-for-cloud-shell/out/vs/workbench/api/node/extensionHostProcess.js:120:2345)
    at Object.appendLine (file:///google/devshell/editor/code-oss-for-cloud-shell/out/vs/workbench/api/node/extensionHostProcess.js:120:2463)
    at w.logOutputMessage (/google/devshell/editor/code-oss-for-cloud-shell/extensions/html-language-features/client/dist/node/htmlClientMain.js:1:267937)
    at w.info (/google/devshell/editor/code-oss-for-cloud-shell/extensions/html-language-features/client/dist/node/htmlClientMain.js:1:267670)
    at ChildProcess.<anonymous> (/google/devshell/editor/code-oss-for-cloud-shell/extensions/html-language-features/client/dist/node/htmlClientMain.js:1:456332)
    at ChildProcess.emit (node:events:519:28)
    at Process.ChildProcess._handle.onexit (node:internal/child_process:294:12)
2025-01-27 04:33:15.697 [info] Extension host with pid 3754 exiting with code 0
