2025-01-27 07:16:51.056 [info] [main] Log level: Info
2025-01-27 07:16:51.056 [info] [main] Validating found git in: "git"
2025-01-27 07:16:51.056 [info] [main] Using git "2.43.0" from "git"
2025-01-27 07:16:51.056 [info] [Model][doInitialScan] Initial repository scan started
2025-01-27 07:16:51.056 [info] > git rev-parse --show-toplevel [6ms]
2025-01-27 07:16:51.056 [info] > git rev-parse --git-dir --git-common-dir [6ms]
2025-01-27 07:16:51.056 [info] [Model][openRepository] Opened repository: /home/stevenlagadapati1012/templates
2025-01-27 07:16:52.860 [info] > git config --get commit.template [1826ms]
2025-01-27 07:16:52.890 [info] > git rev-parse --show-toplevel [1845ms]
2025-01-27 07:16:52.890 [info] [Model][doInitialScan] Initial repository scan completed - repositories (1), closed repositories (0), parent repositories (0), unsafe repositories (0)
2025-01-27 07:16:52.917 [info] > git check-ignore -v -z --stdin [51ms]
2025-01-27 07:16:53.030 [info] > git show --textconv :app.py [6ms]
2025-01-27 07:16:53.030 [info] > git for-each-ref --format=%(refname)%00%(upstream:short)%00%(objectname)%00%(upstream:track)%00%(upstream:remotename)%00%(upstream:remoteref) refs/heads/master refs/remotes/master [114ms]
2025-01-27 07:16:53.036 [info] > git ls-files --stage -- /home/stevenlagadapati1012/templates/app.py [7ms]
2025-01-27 07:16:55.580 [info] > git cat-file -s 83d2a7a316621f90dc1f797068662d19a3033c98 [2541ms]
2025-01-27 07:16:55.609 [info] > git status -z -uall [17ms]
2025-01-27 07:16:55.610 [info] > git for-each-ref --sort -committerdate --format %(refname) %(objectname) %(*objectname) [10ms]
2025-01-27 07:16:55.639 [info] > git for-each-ref --format=%(refname)%00%(upstream:short)%00%(objectname)%00%(upstream:track)%00%(upstream:remotename)%00%(upstream:remoteref) refs/heads/master refs/remotes/master [12ms]
2025-01-27 07:16:55.889 [info] > git config --get commit.template [250ms]
2025-01-27 07:16:55.897 [info] > git config --local branch.master.vscode-merge-base [250ms]
2025-01-27 07:16:55.897 [warning] [Git][config] git config failed: Failed to execute git
2025-01-27 07:16:55.943 [info] > git for-each-ref --format=%(refname)%00%(upstream:short)%00%(objectname)%00%(upstream:track)%00%(upstream:remotename)%00%(upstream:remoteref) refs/heads/master refs/remotes/master [30ms]
2025-01-27 07:16:55.944 [info] > git reflog master --grep-reflog=branch: Created from *. [39ms]
2025-01-27 07:16:56.017 [info] > git symbolic-ref --short refs/remotes/origin/HEAD [53ms]
2025-01-27 07:16:56.018 [info] fatal: ref refs/remotes/origin/HEAD is not a symbolic ref
2025-01-27 07:16:56.018 [warning] [Repository][getDefaultBranch] Failed to get default branch details: Failed to execute git.
2025-01-27 07:16:56.261 [info] > git status -z -uall [51ms]
2025-01-27 07:16:56.262 [info] > git merge-base refs/heads/master refs/remotes/origin/master [229ms]
2025-01-27 07:16:56.351 [info] > git for-each-ref --sort -committerdate --format %(refname) %(objectname) %(*objectname) [104ms]
2025-01-27 07:16:56.449 [info] > git merge-base refs/heads/master refs/remotes/origin/master [80ms]
2025-01-27 07:16:56.466 [info] > git diff --name-status -z --diff-filter=ADMR cd0bf8b55765ff17132eef00694cebfed8c398e5...refs/remotes/origin/master [177ms]
2025-01-27 07:16:56.529 [info] > git diff --name-status -z --diff-filter=ADMR cd0bf8b55765ff17132eef00694cebfed8c398e5...refs/remotes/origin/master [64ms]
2025-01-27 07:17:11.659 [info] > git config --get commit.template [13ms]
2025-01-27 07:17:11.660 [info] > git for-each-ref --format=%(refname)%00%(upstream:short)%00%(objectname)%00%(upstream:track)%00%(upstream:remotename)%00%(upstream:remoteref) refs/heads/master refs/remotes/master [2ms]
2025-01-27 07:17:11.688 [info] > git status -z -uall [16ms]
2025-01-27 07:17:11.689 [info] > git for-each-ref --sort -committerdate --format %(refname) %(objectname) %(*objectname) [3ms]
2025-01-27 07:17:11.929 [info] > git check-ignore -v -z --stdin [2ms]
2025-01-27 07:17:38.590 [info] > git config --get commit.template [10ms]
2025-01-27 07:17:38.592 [info] > git for-each-ref --format=%(refname)%00%(upstream:short)%00%(objectname)%00%(upstream:track)%00%(upstream:remotename)%00%(upstream:remoteref) refs/heads/master refs/remotes/master [2ms]
2025-01-27 07:17:38.610 [info] > git status -z -uall [10ms]
2025-01-27 07:17:38.611 [info] > git for-each-ref --sort -committerdate --format %(refname) %(objectname) %(*objectname) [2ms]
2025-01-27 07:17:40.749 [info] > git check-ignore -v -z --stdin [2ms]
2025-01-27 07:17:43.638 [info] > git config --get commit.template [9ms]
2025-01-27 07:17:43.638 [info] > git for-each-ref --format=%(refname)%00%(upstream:short)%00%(objectname)%00%(upstream:track)%00%(upstream:remotename)%00%(upstream:remoteref) refs/heads/master refs/remotes/master [2ms]
2025-01-27 07:17:43.656 [info] > git status -z -uall [9ms]
2025-01-27 07:17:43.658 [info] > git for-each-ref --sort -committerdate --format %(refname) %(objectname) %(*objectname) [3ms]
2025-01-27 07:17:53.840 [info] > git config --get commit.template [12ms]
2025-01-27 07:17:53.842 [info] > git for-each-ref --format=%(refname)%00%(upstream:short)%00%(objectname)%00%(upstream:track)%00%(upstream:remotename)%00%(upstream:remoteref) refs/heads/master refs/remotes/master [2ms]
2025-01-27 07:17:53.863 [info] > git status -z -uall [12ms]
2025-01-27 07:17:53.864 [info] > git for-each-ref --sort -committerdate --format %(refname) %(objectname) %(*objectname) [2ms]
2025-01-27 07:17:53.973 [info] > git ls-files --stage -- /home/stevenlagadapati1012/templates/app.py [4ms]
2025-01-27 07:17:53.984 [info] > git cat-file -s 83d2a7a316621f90dc1f797068662d19a3033c98 [2ms]
2025-01-27 07:17:54.046 [info] > git show --textconv :app.py [2ms]
2025-01-27 07:20:54.500 [info] > git config --get commit.template [11ms]
2025-01-27 07:20:54.501 [info] > git for-each-ref --format=%(refname)%00%(upstream:short)%00%(objectname)%00%(upstream:track)%00%(upstream:remotename)%00%(upstream:remoteref) refs/heads/master refs/remotes/master [2ms]
2025-01-27 07:20:54.518 [info] > git status -z -uall [8ms]
2025-01-27 07:20:54.520 [info] > git for-each-ref --sort -committerdate --format %(refname) %(objectname) %(*objectname) [2ms]
2025-01-27 07:20:54.667 [info] > git ls-files --stage -- /home/stevenlagadapati1012/templates/app.py [2ms]
2025-01-27 07:20:54.682 [info] > git cat-file -s 83d2a7a316621f90dc1f797068662d19a3033c98 [6ms]
2025-01-27 07:20:54.744 [info] > git show --textconv :app.py [3ms]
2025-01-27 07:21:10.431 [info] > git config --get commit.template [11ms]
2025-01-27 07:21:10.433 [info] > git for-each-ref --format=%(refname)%00%(upstream:short)%00%(objectname)%00%(upstream:track)%00%(upstream:remotename)%00%(upstream:remoteref) refs/heads/master refs/remotes/master [2ms]
2025-01-27 07:21:10.453 [info] > git status -z -uall [11ms]
2025-01-27 07:21:10.455 [info] > git for-each-ref --sort -committerdate --format %(refname) %(objectname) %(*objectname) [3ms]
2025-01-27 07:21:10.573 [info] > git ls-files --stage -- /home/stevenlagadapati1012/templates/app.py [2ms]
2025-01-27 07:21:10.584 [info] > git cat-file -s 83d2a7a316621f90dc1f797068662d19a3033c98 [1ms]
2025-01-27 07:21:10.656 [info] > git show --textconv :app.py [2ms]
2025-01-27 07:21:40.566 [info] > git config --get commit.template [9ms]
2025-01-27 07:21:40.567 [info] > git for-each-ref --format=%(refname)%00%(upstream:short)%00%(objectname)%00%(upstream:track)%00%(upstream:remotename)%00%(upstream:remoteref) refs/heads/master refs/remotes/master [3ms]
2025-01-27 07:21:40.587 [info] > git status -z -uall [11ms]
2025-01-27 07:21:40.588 [info] > git for-each-ref --sort -committerdate --format %(refname) %(objectname) %(*objectname) [3ms]
2025-01-27 07:21:40.605 [info] > git merge-base refs/heads/master refs/remotes/origin/master [2ms]
2025-01-27 07:21:40.617 [info] > git diff --name-status -z --diff-filter=ADMR cd0bf8b55765ff17132eef00694cebfed8c398e5...refs/remotes/origin/master [2ms]
2025-01-27 07:21:40.704 [info] > git ls-files --stage -- /home/stevenlagadapati1012/templates/app.py [2ms]
2025-01-27 07:21:40.715 [info] > git cat-file -s 83d2a7a316621f90dc1f797068662d19a3033c98 [2ms]
2025-01-27 07:21:40.777 [info] > git show --textconv :app.py [3ms]
2025-01-27 07:23:11.086 [info] > git config --get commit.template [10ms]
2025-01-27 07:23:11.088 [info] > git for-each-ref --format=%(refname)%00%(upstream:short)%00%(objectname)%00%(upstream:track)%00%(upstream:remotename)%00%(upstream:remoteref) refs/heads/master refs/remotes/master [2ms]
2025-01-27 07:23:11.106 [info] > git status -z -uall [9ms]
2025-01-27 07:23:11.107 [info] > git for-each-ref --sort -committerdate --format %(refname) %(objectname) %(*objectname) [2ms]
2025-01-27 07:23:11.123 [info] > git merge-base refs/heads/master refs/remotes/origin/master [2ms]
2025-01-27 07:23:11.134 [info] > git diff --name-status -z --diff-filter=ADMR 4788a2d93969a576a019644d302787870306c678...refs/remotes/origin/master [2ms]
2025-01-27 07:23:11.279 [info] > git ls-files --stage -- /home/stevenlagadapati1012/templates/app.py [2ms]
2025-01-27 07:23:11.290 [info] > git cat-file -s 83d2a7a316621f90dc1f797068662d19a3033c98 [2ms]
2025-01-27 07:23:11.357 [info] > git show --textconv :app.py [2ms]
