Initializing document watcher...
Document watcher initialized
stevenlagadapati1012/procfile: {}
stevenlagadapati1012/procfile: {}
stevenlagadapati1012/procfile: {}
stevenlagadapati1012/procfile: {}
stevenlagadapati1012/procfile: {}
stevenlagadapati1012/procfile: {}
stevenlagadapati1012/procfile: {}
stevenlagadapati1012/procfile: {}
stevenlagadapati1012/procfile: {}
stevenlagadapati1012/procfile: {}
stevenlagadapati1012/procfile: {}
stevenlagadapati1012/procfile: {}
stevenlagadapati1012/procfile: {}
stevenlagadapati1012/procfile: {}
stevenlagadapati1012/procfile: {}
stevenlagadapati1012/procfile: {}
stevenlagadapati1012/procfile: {}
stevenlagadapati1012/procfile: {}
stevenlagadapati1012/procfile: {}
stevenlagadapati1012/procfile: {}
stevenlagadapati1012/procfile: {}
stevenlagadapati1012/procfile: {}
stevenlagadapati1012/procfile: {}
stevenlagadapati1012/procfile: {}
stevenlagadapati1012/procfile: {}
stevenlagadapati1012/procfile: {}
stevenlagadapati1012/procfile: {}
stevenlagadapati1012/procfile: {}
stevenlagadapati1012/stevenlagadapati1-cot5930-008-a081fe5f35aa.json: {}
stevenlagadapati1012/script.js: {}
stevenlagadapati1012/app.py: {}
stevenlagadapati1012/stevenlagadapati1-cot5930-008-a081fe5f35aa.json: {}
stevenlagadapati1012/stevenlagadapati1-cot5930-008-a081fe5f35aa.json: {}
stevenlagadapati1012/stevenlagadapati1-cot5930-008-a081fe5f35aa.json: {}
stevenlagadapati1012/stevenlagadapati1-cot5930-008-a081fe5f35aa.json: {}
stevenlagadapati1012/stevenlagadapati1-cot5930-008-a081fe5f35aa.json: {}
stevenlagadapati1012/stevenlagadapati1-cot5930-008-a081fe5f35aa.json: {}
stevenlagadapati1012/stevenlagadapati1-cot5930-008-a081fe5f35aa.json: {}
stevenlagadapati1012/stevenlagadapati1-cot5930-008-a081fe5f35aa.json: {}
stevenlagadapati1012/stevenlagadapati1-cot5930-008-a081fe5f35aa.json: {}
stevenlagadapati1012/stevenlagadapati1-cot5930-008-a081fe5f35aa.json: {}
stevenlagadapati1012/stevenlagadapati1-cot5930-008-a081fe5f35aa.json: {}
stevenlagadapati1012/stevenlagadapati1-cot5930-008-a081fe5f35aa.json: {}
stevenlagadapati1012/stevenlagadapati1-cot5930-008-a081fe5f35aa.json: {}
stevenlagadapati1012/stevenlagadapati1-cot5930-008-a081fe5f35aa.json: {}
stevenlagadapati1012/stevenlagadapati1-cot5930-008-a081fe5f35aa.json: {}
stevenlagadapati1012/app.py: {}
stevenlagadapati1012/README-cloudshell.txt: {}
stevenlagadapati1012/procfile: {}
stevenlagadapati1012/procfile: {}
stevenlagadapati1012/procfile: {}
stevenlagadapati1012/app.py: {}
stevenlagadapati1012/uploads/20250127-045117AM.wav.txt: {}
stevenlagadapati1012/app.py: {}
stevenlagadapati1012/app.py: {}
stevenlagadapati1012/uploads/tts_20250127-045146AM.wav.txt: {}
stevenlagadapati1012/app.py: {}
stevenlagadapati1012/app.py: {}
stevenlagadapati1012/app.py: {}
stevenlagadapati1012/app.py: {}
stevenlagadapati1012/app.py: {}
stevenlagadapati1012/app.py: {}
stevenlagadapati1012/app.py: {}
stevenlagadapati1012/app.py: {}
stevenlagadapati1012/procfile: {}
stevenlagadapati1012/app.py: {}
stevenlagadapati1012/app.py: {}
stevenlagadapati1012/app.py: {}
stevenlagadapati1012/stevenlagadapati1-cot5930-008-a081fe5f35aa.json: {}
stevenlagadapati1012/requirements.txt: {}
stevenlagadapati1012/app.py: {}
stevenlagadapati1012/app.py: {}
stevenlagadapati1012/app.py: {}
stevenlagadapati1012/app.py: {}
stevenlagadapati1012/app.py: {}
stevenlagadapati1012/app.py: {}
stevenlagadapati1012/app.py: {}
stevenlagadapati1012/app.py: {}
stevenlagadapati1012/app.py: {}
stevenlagadapati1012/app.py: {}
stevenlagadapati1012/app.py: {}
stevenlagadapati1012/app.py: {}
stevenlagadapati1012/app.py: {}
stevenlagadapati1012/app.py: {}
