2025-01-26 21:58:02.690 [info] [main] Log level: Info
2025-01-26 21:58:02.691 [info] [main] Validating found git in: "git"
2025-01-26 21:58:02.691 [info] [main] Using git "2.43.0" from "git"
2025-01-26 21:58:02.691 [info] [Model][doInitialScan] Initial repository scan started
2025-01-26 21:58:02.691 [info] > git rev-parse --show-toplevel [36ms]
2025-01-26 21:58:02.691 [info] fatal: not a git repository (or any parent up to mount point /)
Stopping at filesystem boundary (GIT_DISCOVERY_ACROSS_FILESYSTEM not set).
2025-01-26 21:58:02.691 [info] > git rev-parse --show-toplevel [451ms]
2025-01-26 21:58:02.691 [info] fatal: not a git repository (or any parent up to mount point /)
Stopping at filesystem boundary (GIT_DISCOVERY_ACROSS_FILESYSTEM not set).
2025-01-26 21:58:02.691 [info] > git rev-parse --show-toplevel [2350ms]
2025-01-26 21:58:02.691 [info] fatal: not a git repository (or any parent up to mount point /)
Stopping at filesystem boundary (GIT_DISCOVERY_ACROSS_FILESYSTEM not set).
2025-01-26 21:58:02.913 [info] > git rev-parse --show-toplevel [40ms]
2025-01-26 21:58:02.914 [info] fatal: not a git repository (or any parent up to mount point /)
Stopping at filesystem boundary (GIT_DISCOVERY_ACROSS_FILESYSTEM not set).
2025-01-26 21:58:02.945 [info] > git rev-parse --show-toplevel [10ms]
2025-01-26 21:58:02.946 [info] fatal: not a git repository (or any parent up to mount point /)
Stopping at filesystem boundary (GIT_DISCOVERY_ACROSS_FILESYSTEM not set).
2025-01-26 21:58:03.053 [info] > git rev-parse --show-toplevel [90ms]
2025-01-26 21:58:03.054 [info] fatal: not a git repository (or any parent up to mount point /)
Stopping at filesystem boundary (GIT_DISCOVERY_ACROSS_FILESYSTEM not set).
2025-01-26 21:58:03.167 [info] > git rev-parse --show-toplevel [100ms]
2025-01-26 21:58:03.167 [info] fatal: not a git repository (or any parent up to mount point /)
Stopping at filesystem boundary (GIT_DISCOVERY_ACROSS_FILESYSTEM not set).
2025-01-26 21:58:03.212 [info] > git rev-parse --show-toplevel [20ms]
2025-01-26 21:58:03.212 [info] fatal: not a git repository (or any parent up to mount point /)
Stopping at filesystem boundary (GIT_DISCOVERY_ACROSS_FILESYSTEM not set).
2025-01-26 21:58:03.256 [info] > git rev-parse --show-toplevel [31ms]
2025-01-26 21:58:03.256 [info] fatal: not a git repository (or any parent up to mount point /)
Stopping at filesystem boundary (GIT_DISCOVERY_ACROSS_FILESYSTEM not set).
2025-01-26 21:58:03.289 [info] > git rev-parse --show-toplevel [4ms]
2025-01-26 21:58:03.290 [info] fatal: not a git repository (or any parent up to mount point /)
Stopping at filesystem boundary (GIT_DISCOVERY_ACROSS_FILESYSTEM not set).
2025-01-26 21:58:03.305 [info] > git rev-parse --show-toplevel [2ms]
2025-01-26 21:58:03.305 [info] fatal: not a git repository (or any parent up to mount point /)
Stopping at filesystem boundary (GIT_DISCOVERY_ACROSS_FILESYSTEM not set).
2025-01-26 21:58:03.322 [info] > git rev-parse --show-toplevel [5ms]
2025-01-26 21:58:03.322 [info] fatal: not a git repository (or any parent up to mount point /)
Stopping at filesystem boundary (GIT_DISCOVERY_ACROSS_FILESYSTEM not set).
2025-01-26 21:58:03.332 [info] > git rev-parse --show-toplevel [2ms]
2025-01-26 21:58:03.332 [info] fatal: not a git repository (or any parent up to mount point /)
Stopping at filesystem boundary (GIT_DISCOVERY_ACROSS_FILESYSTEM not set).
2025-01-26 21:58:03.343 [info] > git rev-parse --show-toplevel [3ms]
2025-01-26 21:58:03.343 [info] fatal: not a git repository (or any parent up to mount point /)
Stopping at filesystem boundary (GIT_DISCOVERY_ACROSS_FILESYSTEM not set).
2025-01-26 21:58:03.352 [info] > git rev-parse --show-toplevel [2ms]
2025-01-26 21:58:03.352 [info] fatal: not a git repository (or any parent up to mount point /)
Stopping at filesystem boundary (GIT_DISCOVERY_ACROSS_FILESYSTEM not set).
2025-01-26 21:58:03.353 [info] [Model][doInitialScan] Initial repository scan completed - repositories (0), closed repositories (0), parent repositories (0), unsafe repositories (0)
2025-01-26 22:03:22.434 [info] > git rev-parse --show-toplevel [2ms]
2025-01-26 22:03:22.434 [info] fatal: not a git repository (or any parent up to mount point /)
Stopping at filesystem boundary (GIT_DISCOVERY_ACROSS_FILESYSTEM not set).
2025-01-26 22:03:28.224 [info] > git rev-parse --show-toplevel [2ms]
2025-01-26 22:03:28.224 [info] fatal: not a git repository (or any parent up to mount point /)
Stopping at filesystem boundary (GIT_DISCOVERY_ACROSS_FILESYSTEM not set).
2025-01-26 22:03:35.710 [info] > git rev-parse --show-toplevel [1ms]
2025-01-26 22:03:35.711 [info] fatal: not a git repository (or any parent up to mount point /)
Stopping at filesystem boundary (GIT_DISCOVERY_ACROSS_FILESYSTEM not set).
2025-01-26 22:03:38.364 [info] > git rev-parse --show-toplevel [2ms]
2025-01-26 22:03:38.364 [info] fatal: not a git repository (or any parent up to mount point /)
Stopping at filesystem boundary (GIT_DISCOVERY_ACROSS_FILESYSTEM not set).
2025-01-26 22:03:40.129 [info] > git rev-parse --show-toplevel [4ms]
2025-01-26 22:03:40.129 [info] fatal: not a git repository (or any parent up to mount point /)
Stopping at filesystem boundary (GIT_DISCOVERY_ACROSS_FILESYSTEM not set).
2025-01-26 22:03:43.844 [info] > git rev-parse --show-toplevel [4ms]
2025-01-26 22:03:43.844 [info] fatal: not a git repository (or any parent up to mount point /)
Stopping at filesystem boundary (GIT_DISCOVERY_ACROSS_FILESYSTEM not set).
2025-01-26 22:03:47.496 [info] > git rev-parse --show-toplevel [2ms]
2025-01-26 22:03:47.496 [info] fatal: not a git repository (or any parent up to mount point /)
Stopping at filesystem boundary (GIT_DISCOVERY_ACROSS_FILESYSTEM not set).
2025-01-26 22:03:55.110 [info] > git rev-parse --show-toplevel [2ms]
2025-01-26 22:03:55.110 [info] fatal: not a git repository (or any parent up to mount point /)
Stopping at filesystem boundary (GIT_DISCOVERY_ACROSS_FILESYSTEM not set).
2025-01-26 22:07:58.519 [info] > git rev-parse --show-toplevel [1ms]
2025-01-26 22:07:58.519 [info] fatal: not a git repository (or any parent up to mount point /)
Stopping at filesystem boundary (GIT_DISCOVERY_ACROSS_FILESYSTEM not set).
2025-01-26 22:07:59.188 [info] > git rev-parse --show-toplevel [2ms]
2025-01-26 22:07:59.188 [info] fatal: not a git repository (or any parent up to mount point /)
Stopping at filesystem boundary (GIT_DISCOVERY_ACROSS_FILESYSTEM not set).
2025-01-26 22:09:31.715 [info] > git rev-parse --show-toplevel [2ms]
2025-01-26 22:09:31.716 [info] fatal: not a git repository (or any parent up to mount point /)
Stopping at filesystem boundary (GIT_DISCOVERY_ACROSS_FILESYSTEM not set).
2025-01-26 22:10:24.492 [info] > git rev-parse --show-toplevel [2ms]
2025-01-26 22:10:24.492 [info] fatal: not a git repository (or any parent up to mount point /)
Stopping at filesystem boundary (GIT_DISCOVERY_ACROSS_FILESYSTEM not set).
2025-01-26 22:13:33.199 [info] > git rev-parse --show-toplevel [2ms]
2025-01-26 22:13:33.199 [info] fatal: not a git repository (or any parent up to mount point /)
Stopping at filesystem boundary (GIT_DISCOVERY_ACROSS_FILESYSTEM not set).
2025-01-26 22:14:11.017 [info] > git rev-parse --show-toplevel [2ms]
2025-01-26 22:14:11.017 [info] fatal: not a git repository (or any parent up to mount point /)
Stopping at filesystem boundary (GIT_DISCOVERY_ACROSS_FILESYSTEM not set).
2025-01-26 22:14:21.305 [info] > git rev-parse --show-toplevel [3ms]
2025-01-26 22:14:21.305 [info] fatal: not a git repository (or any parent up to mount point /)
Stopping at filesystem boundary (GIT_DISCOVERY_ACROSS_FILESYSTEM not set).
2025-01-26 22:22:59.033 [info] > git rev-parse --show-toplevel [2ms]
2025-01-26 22:22:59.033 [info] fatal: not a git repository (or any parent up to mount point /)
Stopping at filesystem boundary (GIT_DISCOVERY_ACROSS_FILESYSTEM not set).
2025-01-26 22:32:14.206 [info] > git rev-parse --show-toplevel [2ms]
2025-01-26 22:32:14.206 [info] fatal: not a git repository (or any parent up to mount point /)
Stopping at filesystem boundary (GIT_DISCOVERY_ACROSS_FILESYSTEM not set).
2025-01-26 23:11:54.612 [info] > git rev-parse --show-toplevel [3ms]
2025-01-26 23:11:54.612 [info] fatal: not a git repository (or any parent up to mount point /)
Stopping at filesystem boundary (GIT_DISCOVERY_ACROSS_FILESYSTEM not set).
2025-01-26 23:15:36.589 [info] > git rev-parse --show-toplevel [3ms]
2025-01-26 23:15:36.589 [info] fatal: not a git repository (or any parent up to mount point /)
Stopping at filesystem boundary (GIT_DISCOVERY_ACROSS_FILESYSTEM not set).
2025-01-26 23:18:48.187 [info] > git rev-parse --show-toplevel [2ms]
2025-01-26 23:18:48.187 [info] fatal: not a git repository (or any parent up to mount point /)
Stopping at filesystem boundary (GIT_DISCOVERY_ACROSS_FILESYSTEM not set).
2025-01-26 23:18:54.754 [info] > git rev-parse --show-toplevel [2ms]
2025-01-26 23:18:54.754 [info] fatal: not a git repository (or any parent up to mount point /)
Stopping at filesystem boundary (GIT_DISCOVERY_ACROSS_FILESYSTEM not set).
2025-01-26 23:21:28.247 [info] > git rev-parse --show-toplevel [2ms]
2025-01-26 23:21:28.247 [info] fatal: not a git repository (or any parent up to mount point /)
Stopping at filesystem boundary (GIT_DISCOVERY_ACROSS_FILESYSTEM not set).
2025-01-26 23:27:18.987 [info] > git rev-parse --show-toplevel [2ms]
2025-01-26 23:27:18.988 [info] fatal: not a git repository (or any parent up to mount point /)
Stopping at filesystem boundary (GIT_DISCOVERY_ACROSS_FILESYSTEM not set).
2025-01-26 23:27:21.086 [info] > git rev-parse --show-toplevel [3ms]
2025-01-26 23:27:21.087 [info] fatal: not a git repository (or any parent up to mount point /)
Stopping at filesystem boundary (GIT_DISCOVERY_ACROSS_FILESYSTEM not set).
2025-01-26 23:27:22.657 [info] > git rev-parse --show-toplevel [2ms]
2025-01-26 23:27:22.657 [info] fatal: not a git repository (or any parent up to mount point /)
Stopping at filesystem boundary (GIT_DISCOVERY_ACROSS_FILESYSTEM not set).
2025-01-26 23:27:26.382 [info] > git rev-parse --show-toplevel [2ms]
2025-01-26 23:27:26.383 [info] fatal: not a git repository (or any parent up to mount point /)
Stopping at filesystem boundary (GIT_DISCOVERY_ACROSS_FILESYSTEM not set).
2025-01-26 23:28:16.694 [info] > git rev-parse --show-toplevel [4ms]
2025-01-26 23:28:16.694 [info] fatal: not a git repository (or any parent up to mount point /)
Stopping at filesystem boundary (GIT_DISCOVERY_ACROSS_FILESYSTEM not set).
2025-01-26 23:29:13.483 [info] > git rev-parse --show-toplevel [3ms]
2025-01-26 23:29:13.483 [info] fatal: not a git repository (or any parent up to mount point /)
Stopping at filesystem boundary (GIT_DISCOVERY_ACROSS_FILESYSTEM not set).
2025-01-26 23:29:14.712 [info] > git rev-parse --show-toplevel [2ms]
2025-01-26 23:29:14.712 [info] fatal: not a git repository (or any parent up to mount point /)
Stopping at filesystem boundary (GIT_DISCOVERY_ACROSS_FILESYSTEM not set).
2025-01-26 23:29:16.875 [info] > git rev-parse --show-toplevel [1ms]
2025-01-26 23:29:16.875 [info] fatal: not a git repository (or any parent up to mount point /)
Stopping at filesystem boundary (GIT_DISCOVERY_ACROSS_FILESYSTEM not set).
2025-01-26 23:29:19.486 [info] > git rev-parse --show-toplevel [1ms]
2025-01-26 23:29:19.486 [info] fatal: not a git repository (or any parent up to mount point /)
Stopping at filesystem boundary (GIT_DISCOVERY_ACROSS_FILESYSTEM not set).
2025-01-26 23:29:20.641 [info] > git rev-parse --show-toplevel [1ms]
2025-01-26 23:29:20.641 [info] fatal: not a git repository (or any parent up to mount point /)
Stopping at filesystem boundary (GIT_DISCOVERY_ACROSS_FILESYSTEM not set).
2025-01-26 23:29:24.323 [info] > git rev-parse --show-toplevel [2ms]
2025-01-26 23:29:24.323 [info] fatal: not a git repository (or any parent up to mount point /)
Stopping at filesystem boundary (GIT_DISCOVERY_ACROSS_FILESYSTEM not set).
2025-01-26 23:29:26.531 [info] > git rev-parse --show-toplevel [2ms]
2025-01-26 23:29:26.531 [info] fatal: not a git repository (or any parent up to mount point /)
Stopping at filesystem boundary (GIT_DISCOVERY_ACROSS_FILESYSTEM not set).
2025-01-26 23:29:27.801 [info] > git rev-parse --show-toplevel [1ms]
2025-01-26 23:29:27.801 [info] fatal: not a git repository (or any parent up to mount point /)
Stopping at filesystem boundary (GIT_DISCOVERY_ACROSS_FILESYSTEM not set).
2025-01-26 23:29:30.892 [info] > git rev-parse --show-toplevel [1ms]
2025-01-26 23:29:30.892 [info] fatal: not a git repository (or any parent up to mount point /)
Stopping at filesystem boundary (GIT_DISCOVERY_ACROSS_FILESYSTEM not set).
2025-01-26 23:36:50.254 [info] > git rev-parse --show-toplevel [2ms]
2025-01-26 23:36:50.254 [info] fatal: not a git repository (or any parent up to mount point /)
Stopping at filesystem boundary (GIT_DISCOVERY_ACROSS_FILESYSTEM not set).
2025-01-26 23:36:52.867 [info] > git rev-parse --show-toplevel [2ms]
2025-01-26 23:36:52.867 [info] fatal: not a git repository (or any parent up to mount point /)
Stopping at filesystem boundary (GIT_DISCOVERY_ACROSS_FILESYSTEM not set).
2025-01-26 23:36:57.220 [info] > git rev-parse --show-toplevel [3ms]
2025-01-26 23:36:57.220 [info] fatal: not a git repository (or any parent up to mount point /)
Stopping at filesystem boundary (GIT_DISCOVERY_ACROSS_FILESYSTEM not set).
2025-01-26 23:37:01.545 [info] > git rev-parse --show-toplevel [3ms]
2025-01-26 23:37:01.545 [info] fatal: not a git repository (or any parent up to mount point /)
Stopping at filesystem boundary (GIT_DISCOVERY_ACROSS_FILESYSTEM not set).
2025-01-26 23:38:05.290 [info] > git rev-parse --show-toplevel [2ms]
2025-01-26 23:38:05.290 [info] fatal: not a git repository (or any parent up to mount point /)
Stopping at filesystem boundary (GIT_DISCOVERY_ACROSS_FILESYSTEM not set).
2025-01-26 23:41:26.739 [info] > git rev-parse --show-toplevel [3ms]
2025-01-26 23:41:26.739 [info] fatal: not a git repository (or any parent up to mount point /)
Stopping at filesystem boundary (GIT_DISCOVERY_ACROSS_FILESYSTEM not set).
2025-01-26 23:43:03.772 [info] > git rev-parse --show-toplevel [2ms]
2025-01-26 23:43:03.772 [info] fatal: not a git repository (or any parent up to mount point /)
Stopping at filesystem boundary (GIT_DISCOVERY_ACROSS_FILESYSTEM not set).
2025-01-26 23:44:10.869 [info] > git rev-parse --show-toplevel [2ms]
2025-01-26 23:44:10.869 [info] fatal: not a git repository (or any parent up to mount point /)
Stopping at filesystem boundary (GIT_DISCOVERY_ACROSS_FILESYSTEM not set).
2025-01-26 23:44:12.440 [info] > git rev-parse --show-toplevel [2ms]
2025-01-26 23:44:12.440 [info] fatal: not a git repository (or any parent up to mount point /)
Stopping at filesystem boundary (GIT_DISCOVERY_ACROSS_FILESYSTEM not set).
2025-01-26 23:44:16.579 [info] > git rev-parse --show-toplevel [2ms]
2025-01-26 23:44:16.579 [info] fatal: not a git repository (or any parent up to mount point /)
Stopping at filesystem boundary (GIT_DISCOVERY_ACROSS_FILESYSTEM not set).
2025-01-26 23:47:39.906 [info] > git rev-parse --show-toplevel [2ms]
2025-01-26 23:47:39.906 [info] fatal: not a git repository (or any parent up to mount point /)
Stopping at filesystem boundary (GIT_DISCOVERY_ACROSS_FILESYSTEM not set).
2025-01-26 23:49:58.119 [info] > git rev-parse --show-toplevel [3ms]
2025-01-26 23:49:58.119 [info] fatal: not a git repository (or any parent up to mount point /)
Stopping at filesystem boundary (GIT_DISCOVERY_ACROSS_FILESYSTEM not set).
2025-01-26 23:50:03.412 [info] > git rev-parse --show-toplevel [2ms]
2025-01-26 23:50:03.412 [info] fatal: not a git repository (or any parent up to mount point /)
Stopping at filesystem boundary (GIT_DISCOVERY_ACROSS_FILESYSTEM not set).
2025-01-26 23:50:11.749 [info] > git rev-parse --show-toplevel [1ms]
2025-01-26 23:50:11.749 [info] fatal: not a git repository (or any parent up to mount point /)
Stopping at filesystem boundary (GIT_DISCOVERY_ACROSS_FILESYSTEM not set).
2025-01-26 23:50:55.870 [info] > git rev-parse --show-toplevel [1ms]
2025-01-26 23:50:55.870 [info] fatal: not a git repository (or any parent up to mount point /)
Stopping at filesystem boundary (GIT_DISCOVERY_ACROSS_FILESYSTEM not set).
2025-01-26 23:51:00.240 [info] > git rev-parse --show-toplevel [2ms]
2025-01-26 23:51:00.240 [info] fatal: not a git repository (or any parent up to mount point /)
Stopping at filesystem boundary (GIT_DISCOVERY_ACROSS_FILESYSTEM not set).
2025-01-26 23:51:04.113 [info] > git rev-parse --show-toplevel [3ms]
2025-01-26 23:51:04.113 [info] fatal: not a git repository (or any parent up to mount point /)
Stopping at filesystem boundary (GIT_DISCOVERY_ACROSS_FILESYSTEM not set).
2025-01-26 23:51:05.223 [info] > git rev-parse --show-toplevel [1ms]
2025-01-26 23:51:05.223 [info] fatal: not a git repository (or any parent up to mount point /)
Stopping at filesystem boundary (GIT_DISCOVERY_ACROSS_FILESYSTEM not set).
2025-01-26 23:51:08.307 [info] > git rev-parse --show-toplevel [1ms]
2025-01-26 23:51:08.307 [info] fatal: not a git repository (or any parent up to mount point /)
Stopping at filesystem boundary (GIT_DISCOVERY_ACROSS_FILESYSTEM not set).
2025-01-26 23:51:09.118 [info] > git rev-parse --show-toplevel [2ms]
2025-01-26 23:51:09.118 [info] fatal: not a git repository (or any parent up to mount point /)
Stopping at filesystem boundary (GIT_DISCOVERY_ACROSS_FILESYSTEM not set).
2025-01-26 23:51:12.297 [info] > git rev-parse --show-toplevel [1ms]
2025-01-26 23:51:12.297 [info] fatal: not a git repository (or any parent up to mount point /)
Stopping at filesystem boundary (GIT_DISCOVERY_ACROSS_FILESYSTEM not set).
2025-01-26 23:51:14.329 [info] > git rev-parse --show-toplevel [2ms]
2025-01-26 23:51:14.329 [info] fatal: not a git repository (or any parent up to mount point /)
Stopping at filesystem boundary (GIT_DISCOVERY_ACROSS_FILESYSTEM not set).
2025-01-26 23:51:15.067 [info] > git rev-parse --show-toplevel [2ms]
2025-01-26 23:51:15.067 [info] fatal: not a git repository (or any parent up to mount point /)
Stopping at filesystem boundary (GIT_DISCOVERY_ACROSS_FILESYSTEM not set).
2025-01-26 23:51:16.025 [info] > git rev-parse --show-toplevel [2ms]
2025-01-26 23:51:16.025 [info] fatal: not a git repository (or any parent up to mount point /)
Stopping at filesystem boundary (GIT_DISCOVERY_ACROSS_FILESYSTEM not set).
2025-01-26 23:51:25.150 [info] > git rev-parse --show-toplevel [2ms]
2025-01-26 23:51:25.150 [info] fatal: not a git repository (or any parent up to mount point /)
Stopping at filesystem boundary (GIT_DISCOVERY_ACROSS_FILESYSTEM not set).
2025-01-26 23:51:31.744 [info] > git rev-parse --show-toplevel [2ms]
2025-01-26 23:51:31.744 [info] fatal: not a git repository (or any parent up to mount point /)
Stopping at filesystem boundary (GIT_DISCOVERY_ACROSS_FILESYSTEM not set).
2025-01-26 23:51:32.749 [info] > git rev-parse --show-toplevel [6ms]
2025-01-26 23:51:32.749 [info] fatal: not a git repository (or any parent up to mount point /)
Stopping at filesystem boundary (GIT_DISCOVERY_ACROSS_FILESYSTEM not set).
2025-01-26 23:52:31.250 [info] > git rev-parse --show-toplevel [2ms]
2025-01-26 23:52:31.250 [info] fatal: not a git repository (or any parent up to mount point /)
Stopping at filesystem boundary (GIT_DISCOVERY_ACROSS_FILESYSTEM not set).
2025-01-26 23:52:31.905 [info] > git rev-parse --show-toplevel [1ms]
2025-01-26 23:52:31.905 [info] fatal: not a git repository (or any parent up to mount point /)
Stopping at filesystem boundary (GIT_DISCOVERY_ACROSS_FILESYSTEM not set).
2025-01-26 23:52:35.195 [info] > git rev-parse --show-toplevel [5ms]
2025-01-26 23:52:35.195 [info] fatal: not a git repository (or any parent up to mount point /)
Stopping at filesystem boundary (GIT_DISCOVERY_ACROSS_FILESYSTEM not set).
2025-01-26 23:52:44.368 [info] > git rev-parse --show-toplevel [2ms]
2025-01-26 23:52:44.368 [info] fatal: not a git repository (or any parent up to mount point /)
Stopping at filesystem boundary (GIT_DISCOVERY_ACROSS_FILESYSTEM not set).
2025-01-26 23:52:51.249 [info] > git rev-parse --show-toplevel [2ms]
2025-01-26 23:52:51.249 [info] fatal: not a git repository (or any parent up to mount point /)
Stopping at filesystem boundary (GIT_DISCOVERY_ACROSS_FILESYSTEM not set).
2025-01-26 23:52:58.366 [info] > git rev-parse --show-toplevel [4ms]
2025-01-26 23:52:58.366 [info] fatal: not a git repository (or any parent up to mount point /)
Stopping at filesystem boundary (GIT_DISCOVERY_ACROSS_FILESYSTEM not set).
2025-01-26 23:52:59.488 [info] > git rev-parse --show-toplevel [3ms]
2025-01-26 23:52:59.488 [info] fatal: not a git repository (or any parent up to mount point /)
Stopping at filesystem boundary (GIT_DISCOVERY_ACROSS_FILESYSTEM not set).
2025-01-26 23:53:00.165 [info] > git rev-parse --show-toplevel [2ms]
2025-01-26 23:53:00.165 [info] fatal: not a git repository (or any parent up to mount point /)
Stopping at filesystem boundary (GIT_DISCOVERY_ACROSS_FILESYSTEM not set).
2025-01-26 23:53:01.499 [info] > git rev-parse --show-toplevel [2ms]
2025-01-26 23:53:01.499 [info] fatal: not a git repository (or any parent up to mount point /)
Stopping at filesystem boundary (GIT_DISCOVERY_ACROSS_FILESYSTEM not set).
