2025-01-27 21:59:14.228 [info] [main] Log level: Info
2025-01-27 21:59:14.228 [info] [main] Validating found git in: "git"
2025-01-27 21:59:14.228 [info] [main] Using git "2.43.0" from "git"
2025-01-27 21:59:14.228 [info] [Model][doInitialScan] Initial repository scan started
2025-01-27 21:59:14.228 [info] > git rev-parse --show-toplevel [3ms]
2025-01-27 21:59:14.228 [info] > git rev-parse --git-dir --git-common-dir [4ms]
2025-01-27 21:59:14.228 [info] [Model][openRepository] Opened repository: /home/stevenlagadapati1012
2025-01-27 21:59:14.241 [info] > git config --get commit.template [56ms]
2025-01-27 21:59:14.257 [info] > git for-each-ref --format=%(refname)%00%(upstream:short)%00%(objectname)%00%(upstream:track)%00%(upstream:remotename)%00%(upstream:remoteref) refs/heads/master refs/remotes/master [3ms]
2025-01-27 21:59:14.622 [info] > git status -z -uall [353ms]
2025-01-27 21:59:14.623 [info] > git rev-parse --show-toplevel [360ms]
2025-01-27 21:59:14.649 [info] > git for-each-ref --sort -committerdate --format %(refname) %(objectname) %(*objectname) [373ms]
2025-01-27 21:59:16.669 [info] > git rev-parse --show-toplevel [2023ms]
2025-01-27 21:59:18.961 [info] > git check-ignore -v -z --stdin [2280ms]
2025-01-27 21:59:18.963 [info] > git config --get commit.template [2297ms]
2025-01-27 21:59:18.964 [info] > git for-each-ref --format=%(refname)%00%(upstream:short)%00%(objectname)%00%(upstream:track)%00%(upstream:remotename)%00%(upstream:remoteref) refs/heads/master refs/remotes/master [4294ms]
2025-01-27 21:59:18.980 [info] > git config --local branch.master.vscode-merge-base [9ms]
2025-01-27 21:59:18.981 [warning] [Git][config] git config failed: Failed to execute git
2025-01-27 21:59:18.987 [info] > git rev-parse --show-toplevel [45ms]
2025-01-27 21:59:19.020 [info] > git rev-parse --show-toplevel [18ms]
2025-01-27 21:59:19.020 [info] > git for-each-ref --format=%(refname)%00%(upstream:short)%00%(objectname)%00%(upstream:track)%00%(upstream:remotename)%00%(upstream:remoteref) refs/heads/master refs/remotes/master [26ms]
2025-01-27 21:59:19.020 [info] > git reflog master --grep-reflog=branch: Created from *. [33ms]
2025-01-27 21:59:19.038 [info] > git symbolic-ref --short refs/remotes/origin/HEAD [10ms]
2025-01-27 21:59:19.038 [info] fatal: ref refs/remotes/origin/HEAD is not a symbolic ref
2025-01-27 21:59:19.038 [warning] [Repository][getDefaultBranch] Failed to get default branch details: Failed to execute git.
2025-01-27 21:59:19.060 [info] > git rev-parse --show-toplevel [26ms]
2025-01-27 21:59:19.101 [info] > git merge-base refs/heads/master refs/remotes/origin/master [56ms]
2025-01-27 21:59:19.111 [info] > git status -z -uall [32ms]
2025-01-27 21:59:19.111 [info] > git rev-parse --show-toplevel [11ms]
2025-01-27 21:59:19.111 [info] > git for-each-ref --sort -committerdate --format %(refname) %(objectname) %(*objectname) [22ms]
2025-01-27 21:59:19.136 [info] > git merge-base refs/heads/master refs/remotes/origin/master [12ms]
2025-01-27 21:59:19.145 [info] > git diff --name-status -z --diff-filter=ADMR 271cf86ca150f482a31158953cd053692e2f3e87...refs/remotes/origin/master [37ms]
2025-01-27 21:59:19.147 [info] > git diff --name-status -z --diff-filter=ADMR 271cf86ca150f482a31158953cd053692e2f3e87...refs/remotes/origin/master [3ms]
2025-01-27 21:59:19.148 [info] > git rev-parse --show-toplevel [13ms]
2025-01-27 21:59:19.158 [info] > git rev-parse --show-toplevel [1ms]
2025-01-27 21:59:19.504 [info] > git rev-parse --show-toplevel [338ms]
2025-01-27 21:59:19.550 [info] > git rev-parse --show-toplevel [6ms]
2025-01-27 21:59:19.565 [info] > git rev-parse --show-toplevel [7ms]
2025-01-27 21:59:19.565 [info] [Model][doInitialScan] Initial repository scan completed - repositories (1), closed repositories (0), parent repositories (0), unsafe repositories (0)
2025-01-27 21:59:19.592 [info] > git show --textconv :app.py [20ms]
2025-01-27 21:59:19.645 [info] > git ls-files --stage -- /home/stevenlagadapati1012/app.py [65ms]
2025-01-27 21:59:19.670 [info] > git cat-file -s 1b9bb5d6fe46dca03a9209273b554bce69928014 [8ms]
2025-01-27 21:59:59.256 [info] > git config --get commit.template [9ms]
2025-01-27 21:59:59.257 [info] > git for-each-ref --format=%(refname)%00%(upstream:short)%00%(objectname)%00%(upstream:track)%00%(upstream:remotename)%00%(upstream:remoteref) refs/heads/master refs/remotes/master [2ms]
2025-01-27 21:59:59.294 [info] > git status -z -uall [27ms]
2025-01-27 21:59:59.296 [info] > git for-each-ref --sort -committerdate --format %(refname) %(objectname) %(*objectname) [21ms]
2025-01-27 22:00:21.392 [info] > git config --get commit.template [141ms]
2025-01-27 22:00:21.395 [info] > git for-each-ref --format=%(refname)%00%(upstream:short)%00%(objectname)%00%(upstream:track)%00%(upstream:remotename)%00%(upstream:remoteref) refs/heads/master refs/remotes/master [134ms]
2025-01-27 22:00:21.426 [info] > git for-each-ref --sort -committerdate --format %(refname) %(objectname) %(*objectname) [3ms]
2025-01-27 22:00:21.433 [info] > git status -z -uall [20ms]
2025-01-27 22:00:25.164 [info] > git check-ignore -v -z --stdin [3ms]
2025-01-27 22:00:26.456 [info] > git config --get commit.template [9ms]
2025-01-27 22:00:26.457 [info] > git for-each-ref --format=%(refname)%00%(upstream:short)%00%(objectname)%00%(upstream:track)%00%(upstream:remotename)%00%(upstream:remoteref) refs/heads/master refs/remotes/master [2ms]
2025-01-27 22:00:26.478 [info] > git for-each-ref --sort -committerdate --format %(refname) %(objectname) %(*objectname) [2ms]
2025-01-27 22:00:26.486 [info] > git status -z -uall [20ms]
2025-01-27 22:06:07.896 [info] > git config --get commit.template [9ms]
2025-01-27 22:06:07.897 [info] > git for-each-ref --format=%(refname)%00%(upstream:short)%00%(objectname)%00%(upstream:track)%00%(upstream:remotename)%00%(upstream:remoteref) refs/heads/master refs/remotes/master [2ms]
2025-01-27 22:06:07.918 [info] > git for-each-ref --sort -committerdate --format %(refname) %(objectname) %(*objectname) [3ms]
2025-01-27 22:06:07.931 [info] > git status -z -uall [25ms]
2025-01-27 22:06:08.368 [info] > git ls-files --stage -- /home/stevenlagadapati1012/procfile [2ms]
2025-01-27 22:06:08.380 [info] > git show --textconv :procfile [22ms]
2025-01-27 22:06:08.381 [info] > git cat-file -s 1ba043977def09b463bc26405ba8108eec86caf4 [4ms]
2025-01-27 22:06:12.958 [info] > git config --get commit.template [10ms]
2025-01-27 22:06:12.959 [info] > git for-each-ref --format=%(refname)%00%(upstream:short)%00%(objectname)%00%(upstream:track)%00%(upstream:remotename)%00%(upstream:remoteref) refs/heads/master refs/remotes/master [2ms]
2025-01-27 22:06:12.980 [info] > git for-each-ref --sort -committerdate --format %(refname) %(objectname) %(*objectname) [2ms]
2025-01-27 22:06:12.987 [info] > git status -z -uall [19ms]
2025-01-27 22:06:15.245 [info] > git show --textconv :Procfile [11ms]
2025-01-27 22:06:15.247 [info] > git ls-files --stage -- /home/stevenlagadapati1012/Procfile [5ms]
2025-01-27 22:06:15.470 [info] > git check-ignore -v -z --stdin [2ms]
2025-01-27 22:06:17.539 [info] > git show --textconv :app.py [8ms]
2025-01-27 22:06:17.541 [info] > git ls-files --stage -- /home/stevenlagadapati1012/app.py [3ms]
2025-01-27 22:06:17.551 [info] > git cat-file -s 1b9bb5d6fe46dca03a9209273b554bce69928014 [2ms]
2025-01-27 22:06:18.010 [info] > git config --get commit.template [9ms]
2025-01-27 22:06:18.011 [info] > git for-each-ref --format=%(refname)%00%(upstream:short)%00%(objectname)%00%(upstream:track)%00%(upstream:remotename)%00%(upstream:remoteref) refs/heads/master refs/remotes/master [3ms]
2025-01-27 22:06:18.032 [info] > git for-each-ref --sort -committerdate --format %(refname) %(objectname) %(*objectname) [3ms]
2025-01-27 22:06:18.040 [info] > git status -z -uall [20ms]
2025-01-27 22:06:23.062 [info] > git config --get commit.template [8ms]
2025-01-27 22:06:23.064 [info] > git for-each-ref --format=%(refname)%00%(upstream:short)%00%(objectname)%00%(upstream:track)%00%(upstream:remotename)%00%(upstream:remoteref) refs/heads/master refs/remotes/master [3ms]
2025-01-27 22:06:23.084 [info] > git for-each-ref --sort -committerdate --format %(refname) %(objectname) %(*objectname) [2ms]
2025-01-27 22:06:23.092 [info] > git status -z -uall [20ms]
2025-01-27 22:06:24.596 [info] > git show --textconv :main.py [9ms]
2025-01-27 22:06:24.597 [info] > git ls-files --stage -- /home/stevenlagadapati1012/main.py [2ms]
2025-01-27 22:06:24.836 [info] > git check-ignore -v -z --stdin [2ms]
2025-01-27 22:06:28.115 [info] > git config --get commit.template [9ms]
2025-01-27 22:06:28.117 [info] > git for-each-ref --format=%(refname)%00%(upstream:short)%00%(objectname)%00%(upstream:track)%00%(upstream:remotename)%00%(upstream:remoteref) refs/heads/master refs/remotes/master [3ms]
2025-01-27 22:06:28.138 [info] > git for-each-ref --sort -committerdate --format %(refname) %(objectname) %(*objectname) [2ms]
2025-01-27 22:06:28.146 [info] > git status -z -uall [20ms]
2025-01-27 22:06:33.169 [info] > git config --get commit.template [8ms]
2025-01-27 22:06:33.170 [info] > git for-each-ref --format=%(refname)%00%(upstream:short)%00%(objectname)%00%(upstream:track)%00%(upstream:remotename)%00%(upstream:remoteref) refs/heads/master refs/remotes/master [2ms]
2025-01-27 22:06:33.192 [info] > git for-each-ref --sort -committerdate --format %(refname) %(objectname) %(*objectname) [2ms]
2025-01-27 22:06:33.198 [info] > git status -z -uall [20ms]
2025-01-27 22:06:38.220 [info] > git config --get commit.template [9ms]
2025-01-27 22:06:38.221 [info] > git for-each-ref --format=%(refname)%00%(upstream:short)%00%(objectname)%00%(upstream:track)%00%(upstream:remotename)%00%(upstream:remoteref) refs/heads/master refs/remotes/master [2ms]
2025-01-27 22:06:38.243 [info] > git for-each-ref --sort -committerdate --format %(refname) %(objectname) %(*objectname) [2ms]
2025-01-27 22:06:38.255 [info] > git status -z -uall [25ms]
2025-01-27 22:07:22.896 [info] > git config --get commit.template [3ms]
2025-01-27 22:07:22.906 [info] > git for-each-ref --format=%(refname)%00%(upstream:short)%00%(objectname)%00%(upstream:track)%00%(upstream:remotename)%00%(upstream:remoteref) refs/heads/master refs/remotes/master [2ms]
2025-01-27 22:07:22.927 [info] > git for-each-ref --sort -committerdate --format %(refname) %(objectname) %(*objectname) [2ms]
2025-01-27 22:07:22.935 [info] > git status -z -uall [20ms]
2025-01-27 22:07:27.959 [info] > git config --get commit.template [9ms]
2025-01-27 22:07:27.960 [info] > git for-each-ref --format=%(refname)%00%(upstream:short)%00%(objectname)%00%(upstream:track)%00%(upstream:remotename)%00%(upstream:remoteref) refs/heads/master refs/remotes/master [2ms]
2025-01-27 22:07:27.983 [info] > git for-each-ref --sort -committerdate --format %(refname) %(objectname) %(*objectname) [3ms]
2025-01-27 22:07:27.989 [info] > git status -z -uall [20ms]
2025-01-27 22:07:33.013 [info] > git config --get commit.template [9ms]
2025-01-27 22:07:33.014 [info] > git for-each-ref --format=%(refname)%00%(upstream:short)%00%(objectname)%00%(upstream:track)%00%(upstream:remotename)%00%(upstream:remoteref) refs/heads/master refs/remotes/master [3ms]
2025-01-27 22:07:33.034 [info] > git for-each-ref --sort -committerdate --format %(refname) %(objectname) %(*objectname) [2ms]
2025-01-27 22:07:33.042 [info] > git status -z -uall [20ms]
2025-01-27 22:07:38.066 [info] > git config --get commit.template [9ms]
2025-01-27 22:07:38.068 [info] > git for-each-ref --format=%(refname)%00%(upstream:short)%00%(objectname)%00%(upstream:track)%00%(upstream:remotename)%00%(upstream:remoteref) refs/heads/master refs/remotes/master [3ms]
2025-01-27 22:07:38.088 [info] > git for-each-ref --sort -committerdate --format %(refname) %(objectname) %(*objectname) [3ms]
2025-01-27 22:07:38.096 [info] > git status -z -uall [20ms]
2025-01-27 22:07:39.784 [info] > git ls-files --stage -- /home/stevenlagadapati1012/main.py [3ms]
2025-01-27 22:07:39.821 [info] > git show --textconv :main.py [2ms]
2025-01-27 22:07:43.118 [info] > git config --get commit.template [10ms]
2025-01-27 22:07:43.119 [info] > git for-each-ref --format=%(refname)%00%(upstream:short)%00%(objectname)%00%(upstream:track)%00%(upstream:remotename)%00%(upstream:remoteref) refs/heads/master refs/remotes/master [2ms]
2025-01-27 22:07:43.140 [info] > git for-each-ref --sort -committerdate --format %(refname) %(objectname) %(*objectname) [4ms]
2025-01-27 22:07:43.148 [info] > git status -z -uall [20ms]
2025-01-27 22:07:48.170 [info] > git config --get commit.template [9ms]
2025-01-27 22:07:48.172 [info] > git for-each-ref --format=%(refname)%00%(upstream:short)%00%(objectname)%00%(upstream:track)%00%(upstream:remotename)%00%(upstream:remoteref) refs/heads/master refs/remotes/master [3ms]
2025-01-27 22:07:48.193 [info] > git for-each-ref --sort -committerdate --format %(refname) %(objectname) %(*objectname) [3ms]
2025-01-27 22:07:48.202 [info] > git status -z -uall [21ms]
2025-01-27 22:07:53.226 [info] > git config --get commit.template [9ms]
2025-01-27 22:07:53.227 [info] > git for-each-ref --format=%(refname)%00%(upstream:short)%00%(objectname)%00%(upstream:track)%00%(upstream:remotename)%00%(upstream:remoteref) refs/heads/master refs/remotes/master [3ms]
2025-01-27 22:07:53.247 [info] > git for-each-ref --sort -committerdate --format %(refname) %(objectname) %(*objectname) [2ms]
2025-01-27 22:07:53.256 [info] > git status -z -uall [21ms]
2025-01-27 22:07:58.216 [info] > git ls-files --stage -- /home/stevenlagadapati1012/main.py [3ms]
2025-01-27 22:07:58.253 [info] > git show --textconv :main.py [3ms]
2025-01-27 22:07:58.281 [info] > git config --get commit.template [10ms]
2025-01-27 22:07:58.283 [info] > git for-each-ref --format=%(refname)%00%(upstream:short)%00%(objectname)%00%(upstream:track)%00%(upstream:remotename)%00%(upstream:remoteref) refs/heads/master refs/remotes/master [2ms]
2025-01-27 22:07:58.305 [info] > git for-each-ref --sort -committerdate --format %(refname) %(objectname) %(*objectname) [3ms]
2025-01-27 22:07:58.312 [info] > git status -z -uall [21ms]
