Initializing document watcher...
Document watcher initialized
stevenlagadapati1012/app.py: {}
stevenlagadapati1012/templates/script.js: {}
stevenlagadapati1012/app.py: {}
stevenlagadapati1012/templates/index.html: {}
stevenlagadapati1012/templates/index.html: Using EditorConfig core...
stevenlagadapati1012/procfile: {}
stevenlagadapati1012/app.py: {}
stevenlagadapati1012/script.js: {}
stevenlagadapati1012/script.js: {}
stevenlagadapati1012/script.js: {}
stevenlagadapati1012/procfile: {}
stevenlagadapati1012/app.py: {}
stevenlagadapati1012/app.py: {}
stevenlagadapati1012/app.py: {}
stevenlagadapati1012/app.py: {}
stevenlagadapati1012/app.py: Using EditorConfig core...
stevenlagadapati1012/app.py: {}
stevenlagadapati1012/app.py: {}
stevenlagadapati1012/app.py: {}
stevenlagadapati1012/app.py: {}
stevenlagadapati1012/app.py: {}
stevenlagadapati1012/app.py: {}
stevenlagadapati1012/app.py: {}
stevenlagadapati1012/app.py: {}
stevenlagadapati1012/app.py: {}
stevenlagadapati1012/app.py: {}
stevenlagadapati1012/app.py: {}
stevenlagadapati1012/app.py: {}
stevenlagadapati1012/app.py: {}
stevenlagadapati1012/app.py: {}
stevenlagadapati1012/app.py: {}
stevenlagadapati1012/app.py: {}
stevenlagadapati1012/app.py: {}
stevenlagadapati1012/app.py: {}
stevenlagadapati1012/app.py: {}
stevenlagadapati1012/app.py: {}
stevenlagadapati1012/app.py: {}
stevenlagadapati1012/app.py: {}
stevenlagadapati1012/app.py: {}
stevenlagadapati1012/app.py: {}
stevenlagadapati1012/app.py: {}
stevenlagadapati1012/app.py: {}
stevenlagadapati1012/app.py: {}
stevenlagadapati1012/app.py: {}
stevenlagadapati1012/app.py: {}
stevenlagadapati1012/app.py: {}
stevenlagadapati1012/app.py: {}
stevenlagadapati1012/app.py: {}
stevenlagadapati1012/app.py: {}
stevenlagadapati1012/app.py: {}
stevenlagadapati1012/app.py: {}
stevenlagadapati1012/app.py: {}
stevenlagadapati1012/app.py: {}
stevenlagadapati1012/app.py: {}
stevenlagadapati1012/app.py: {}
stevenlagadapati1012/app.py: {}
stevenlagadapati1012/app.py: {}
stevenlagadapati1012/app.py: {}
stevenlagadapati1012/app.py: {}
stevenlagadapati1012/app.py: {}
stevenlagadapati1012/app.py: {}
stevenlagadapati1012/app.py: {}
stevenlagadapati1012/app.py: {}
stevenlagadapati1012/app.py: {}
stevenlagadapati1012/app.py: {}
stevenlagadapati1012/app.py: {}
stevenlagadapati1012/app.py: {}
stevenlagadapati1012/app.py: {}
stevenlagadapati1012/app.py: {}
stevenlagadapati1012/app.py: {}
stevenlagadapati1012/app.py: {}
stevenlagadapati1012/app.py: {}
stevenlagadapati1012/app.py: {}
stevenlagadapati1012/app.py: {}
stevenlagadapati1012/app.py: {}
stevenlagadapati1012/app.py: {}
