2025-01-26 01:04:44.313 [info] Extension host with pid 1503 started
2025-01-26 01:04:44.314 [error] Error: EEXIST: file already exists, open '/home/stevenlagadapati1012/.codeoss/data/User/workspaceStorage/-5ddd7367/vscode.lock'
2025-01-26 01:04:44.327 [info] Lock '/home/stevenlagadapati1012/.codeoss/data/User/workspaceStorage/-5ddd7367/vscode.lock': Could not acquire lock, checking if the file is stale.
2025-01-26 01:04:44.345 [info] Lock '/home/stevenlagadapati1012/.codeoss/data/User/workspaceStorage/-5ddd7367/vscode.lock': The lock does not look stale, elapsed: 271 ms, giving up.
2025-01-26 01:04:44.353 [info] Lock '/home/stevenlagadapati1012/.codeoss/data/User/workspaceStorage/-5ddd7367-1/vscode.lock': Lock acquired.
2025-01-26 01:04:44.492 [info] ExtensionService#_doActivateExtension vscode.git-base, startup: true, activationEvent: '*', root cause: vscode.git
2025-01-26 01:04:44.704 [info] ExtensionService#_doActivateExtension vscode.git, startup: true, activationEvent: '*'
2025-01-26 01:04:44.705 [info] ExtensionService#_doActivateExtension vscode.github, startup: true, activationEvent: '*'
2025-01-26 01:04:44.925 [info] Eager extensions activated
2025-01-26 01:04:44.925 [info] ExtensionService#_doActivateExtension EditorConfig.EditorConfig, startup: false, activationEvent: 'onStartupFinished'
2025-01-26 01:04:44.926 [info] ExtensionService#_doActivateExtension google.cloud-shell, startup: false, activationEvent: 'onStartupFinished'
2025-01-26 01:04:44.926 [info] ExtensionService#_doActivateExtension google.geminicodeassist, startup: false, activationEvent: 'onStartupFinished', root cause: googlecloudtools.cloudcode
2025-01-26 01:04:44.927 [info] ExtensionService#_doActivateExtension vscode.debug-auto-launch, startup: false, activationEvent: 'onStartupFinished'
2025-01-26 01:04:44.928 [info] ExtensionService#_doActivateExtension vscode.merge-conflict, startup: false, activationEvent: 'onStartupFinished'
2025-01-26 01:04:46.354 [info] ExtensionService#_doActivateExtension googlecloudtools.cloudcode, startup: false, activationEvent: 'onStartupFinished'
2025-01-26 01:04:48.464 [info] ExtensionService#_doActivateExtension vscode.configuration-editing, startup: false, activationEvent: 'onLanguage:jsonc'
2025-01-26 01:04:48.465 [info] ExtensionService#_doActivateExtension vscode.json-language-features, startup: false, activationEvent: 'onLanguage:jsonc'
2025-01-26 01:04:48.466 [info] ExtensionService#_doActivateExtension vscode.typescript-language-features, startup: false, activationEvent: 'onLanguage:jsonc'
2025-01-26 01:04:48.466 [info] ExtensionService#_doActivateExtension vscode.emmet, startup: false, activationEvent: 'onLanguage'
2025-01-26 01:05:45.120 [info] ExtensionService#_doActivateExtension ms-python.python, startup: false, activationEvent: 'onLanguage:python'
2025-01-26 01:05:45.575 [error] Error: spawn /google/devshell/editor/code-oss-for-cloud-shell/extensions/ms-python.python/python-env-tools/bin/pet ENOENT
    at Process.ChildProcess._handle.onexit (node:internal/child_process:286:19)
    at onErrorNT (node:internal/child_process:484:16)
    at processTicksAndRejections (node:internal/process/task_queues:82:21)
2025-01-26 01:16:55.270 [error] [ms-python.python] provider FAILED
2025-01-26 01:16:55.271 [error] Error: AttributeError: 'HoverDisable' object has no attribute 'namespace_'
    at ae (/google/devshell/editor/code-oss-for-cloud-shell/extensions/ms-python.python/out/client/extension.js:2:2049071)
    at oe (/google/devshell/editor/code-oss-for-cloud-shell/extensions/ms-python.python/out/client/extension.js:2:2047031)
    at Immediate.<anonymous> (/google/devshell/editor/code-oss-for-cloud-shell/extensions/ms-python.python/out/client/extension.js:2:2043325)
    at processImmediate (node:internal/timers:483:21)
