0 verbose cli /usr/local/nvm/versions/node/v22.13.1/bin/node /usr/local/nvm/versions/node/v22.13.1/bin/npm
1 info using npm@11.0.0
2 info using node@v22.13.1
3 silly config load:file:/usr/local/nvm/versions/node/v22.13.1/lib/node_modules/npm/npmrc
4 silly config load:file:/home/stevenlagadapati1012/.cache/typescript/5.6/.npmrc
5 silly config load:file:/home/stevenlagadapati1012/.npmrc
6 silly config load:file:/usr/local/nvm/versions/node/v22.13.1/etc/npmrc
7 verbose title npm install types-registry@latest
8 verbose argv "install" "--ignore-scripts" "types-registry@latest"
9 verbose logfile logs-max:10 dir:/home/stevenlagadapati1012/.npm/_logs/2025-01-27T02_44_10_666Z-
10 verbose logfile /home/stevenlagadapati1012/.npm/_logs/2025-01-27T02_44_10_666Z-debug-0.log
11 silly logfile start cleaning logs, removing 5 files
12 silly packumentCache heap:4345298944 maxSize:1086324736 maxEntrySize:543162368
13 silly packumentCache corgi:https://registry.npmjs.org/types-registry cache-miss
14 silly logfile done cleaning log files
15 http fetch GET 200 https://registry.npmjs.org/types-registry 251ms (cache updated)
16 silly packumentCache corgi:https://registry.npmjs.org/types-registry set size:undefined disposed:false
17 silly idealTree buildDeps
18 silly fetch manifest types-registry@0.1.705
19 silly packumentCache full:https://registry.npmjs.org/types-registry cache-miss
20 http fetch GET 200 https://registry.npmjs.org/types-registry 83ms (cache updated)
21 silly packumentCache full:https://registry.npmjs.org/types-registry set size:undefined disposed:false
22 silly placeDep ROOT types-registry@0.1.705 REPLACE for:  want: 0.1.705
23 silly reify moves {}
24 silly audit bulk request { 'types-registry': [ '0.1.705' ] }
25 http fetch POST 200 https://registry.npmjs.org/-/npm/v1/security/advisories/bulk 148ms
26 silly audit report {}
27 verbose cwd /home/stevenlagadapati1012/.cache/typescript/5.6
28 verbose os Linux 6.1.124+
29 verbose node v22.13.1
30 verbose npm  v11.0.0
31 verbose exit 0
32 info ok
