Initializing document watcher...
Document watcher initialized
templates/templates/index.html: {}
templates/templates/index.html: {}
templates/app.py: {}
templates/app.py: Using EditorConfig core...
templates/app.py: Using EditorConfig core...
templates/app.py: Using EditorConfig core...
templates/app.py: Using EditorConfig core...
templates/app.py: {}
templates/script.js: {}
templates/script.js: {}
templates/script.js: {}
templates/script.js: {}
templates/script.js: {}
templates/requirements.txt: {}
templates/requirements.txt: {}
templates/requirements.txt: Using EditorConfig core...
templates/requirements.txt: {}
templates/requirements.txt: {}
templates/requirements.txt: {}
templates/proc: {}
templates/proc: {}
templates/app.py: {}
templates/proc: {}
templates/proc: Using EditorConfig core...
templates/requirements.txt: {}
templates/proc: {}
templates/procfile: {}
templates/procfile: Using EditorConfig core...
templates/app.py: {}
templates/app.py: {}
templates/templates/index.html: {}
