Initializing document watcher...
Document watcher initialized
stevenlagadapati1012/app1.py: {}
stevenlagadapati1012/app1.py: {}
stevenlagadapati1012/stevenlagadapati1-cot5930-008-a081fe5f35aa.json: {}
stevenlagadapati1012/stevenlagadapati1-cot5930-008-a081fe5f35aa.json: {}
stevenlagadapati1012/stevenlagadapati1-cot5930-008-a081fe5f35aa.json: {}
stevenlagadapati1012/script.js: {}
stevenlagadapati1012/script.js: {}
stevenlagadapati1012/script.js: Using EditorConfig core...
No more open editors.
No more open editors.
No more open editors.
No more open editors.
stevenlagadapati1012/stevenlagadapati1-cot5930-008-a081fe5f35aa.json: {}
stevenlagadapati1012/stevenlagadapati1-cot5930-008-a081fe5f35aa.json: {}
stevenlagadapati1012/stevenlagadapati1-cot5930-008-a081fe5f35aa.json: {}
stevenlagadapati1012/stevenlagadapati1-cot5930-008-a081fe5f35aa.json: {}
stevenlagadapati1012/uploads/tts_20250127-013616AM.wav.txt: {}
stevenlagadapati1012/uploads/tts_20250127-025636AM.wav.txt: {}
stevenlagadapati1012/stevenlagadapati1-cot5930-008-a081fe5f35aa.json: {}
stevenlagadapati1012/stevenlagadapati1-cot5930-008-a081fe5f35aa.json: {}
stevenlagadapati1012/stevenlagadapati1-cot5930-008-a081fe5f35aa.json: {}
stevenlagadapati1012/uploads/tts_20250127-013858AM.wav.txt: {}
stevenlagadapati1012/stevenlagadapati1-cot5930-008-a081fe5f35aa.json: {}
stevenlagadapati1012/stevenlagadapati1-cot5930-008-a081fe5f35aa.json: {}
stevenlagadapati1012/uploads/tts_20250127-013616AM.wav.txt: {}
stevenlagadapati1012/stevenlagadapati1-cot5930-008-a081fe5f35aa.json: {}
stevenlagadapati1012/uploads/tts_20250127-023031AM.wav.txt: {}
stevenlagadapati1012/stevenlagadapati1-cot5930-008-a081fe5f35aa.json: {}
stevenlagadapati1012/uploads/tts_20250127-025636AM.wav.txt: {}
stevenlagadapati1012/stevenlagadapati1-cot5930-008-a081fe5f35aa.json: {}
stevenlagadapati1012/script.js: {}
stevenlagadapati1012/requirements.txt: {}
stevenlagadapati1012/README-cloudshell.txt: {}
stevenlagadapati1012/app1.py: {}
stevenlagadapati1012/gpt.py: {}
stevenlagadapati1012/app1.py: {}
stevenlagadapati1012/app1.py: {}
stevenlagadapati1012/app1.py: {}
stevenlagadapati1012/app1.py: {}
stevenlagadapati1012/app1.py: {}
