2025-01-27 07:16:49.647 [info] Extension host with pid 24952 started
2025-01-27 07:16:49.657 [info] Lock '/home/stevenlagadapati1012/.codeoss/data/User/workspaceStorage/3dace943/vscode.lock': Lock acquired.
2025-01-27 07:16:49.801 [info] ExtensionService#_doActivateExtension vscode.emmet, startup: false, activationEvent: 'onLanguage'
2025-01-27 07:16:49.803 [info] ExtensionService#_doActivateExtension ms-python.python, startup: false, activationEvent: 'onLanguage:python'
2025-01-27 07:16:50.271 [error] Error: spawn /google/devshell/editor/code-oss-for-cloud-shell/extensions/ms-python.python/python-env-tools/bin/pet ENOENT
	at ChildProcess._handle.onexit (node:internal/child_process:286:19)
	at onErrorNT (node:internal/child_process:484:16)
	at process.processTicksAndRejections (node:internal/process/task_queues:82:21)
2025-01-27 07:16:50.380 [info] ExtensionService#_doActivateExtension vscode.git-base, startup: true, activationEvent: '*', root cause: vscode.git
2025-01-27 07:16:50.456 [info] ExtensionService#_doActivateExtension vscode.git, startup: true, activationEvent: '*'
2025-01-27 07:16:50.456 [info] ExtensionService#_doActivateExtension vscode.github, startup: true, activationEvent: '*'
2025-01-27 07:16:50.706 [info] ExtensionService#_doActivateExtension redhat.fabric8-analytics, startup: true, activationEvent: 'workspaceContains:**/package.json,**/pom.xml,**/go.mod,**/requirements.txt,**/build.gradle,**/Dockerfile,**/Containerfile'
2025-01-27 07:16:51.123 [info] Eager extensions activated
2025-01-27 07:16:51.123 [info] ExtensionService#_doActivateExtension EditorConfig.EditorConfig, startup: false, activationEvent: 'onStartupFinished'
2025-01-27 07:16:51.134 [info] ExtensionService#_doActivateExtension google.cloud-shell, startup: false, activationEvent: 'onStartupFinished'
2025-01-27 07:16:51.135 [info] ExtensionService#_doActivateExtension google.geminicodeassist, startup: false, activationEvent: 'onStartupFinished', root cause: googlecloudtools.cloudcode
2025-01-27 07:16:51.136 [info] ExtensionService#_doActivateExtension vscode.debug-auto-launch, startup: false, activationEvent: 'onStartupFinished'
2025-01-27 07:16:51.137 [info] ExtensionService#_doActivateExtension vscode.merge-conflict, startup: false, activationEvent: 'onStartupFinished'
2025-01-27 07:16:53.061 [info] ExtensionService#_doActivateExtension googlecloudtools.cloudcode, startup: false, activationEvent: 'onStartupFinished'
2025-01-27 07:16:55.397 [info] ExtensionService#_doActivateExtension vscode.configuration-editing, startup: false, activationEvent: 'onLanguage:jsonc'
2025-01-27 07:16:55.397 [info] ExtensionService#_doActivateExtension vscode.json-language-features, startup: false, activationEvent: 'onLanguage:jsonc'
2025-01-27 07:16:55.398 [info] ExtensionService#_doActivateExtension vscode.typescript-language-features, startup: false, activationEvent: 'onLanguage:jsonc'
2025-01-27 07:16:55.773 [info] ExtensionService#_doActivateExtension vscode.github-authentication, startup: false, activationEvent: 'onAuthenticationRequest:github'
2025-01-27 07:17:15.023 [info] ExtensionService#_doActivateExtension vscode.simple-browser, startup: false, activationEvent: 'onOpenExternalUri:https'
