2025-01-27 19:23:46.251 [info] [main] Log level: Info
2025-01-27 19:23:46.251 [info] [main] Validating found git in: "git"
2025-01-27 19:23:46.251 [info] [main] Using git "2.43.0" from "git"
2025-01-27 19:23:46.251 [info] [Model][doInitialScan] Initial repository scan started
2025-01-27 19:23:46.252 [info] > git rev-parse --show-toplevel [2ms]
2025-01-27 19:23:46.252 [info] > git rev-parse --git-dir --git-common-dir [2ms]
2025-01-27 19:23:46.252 [info] [Model][openRepository] Opened repository: /home/stevenlagadapati1012
2025-01-27 19:23:46.252 [info] > git config --get commit.template [5ms]
2025-01-27 19:23:46.253 [info] > git rev-parse --show-toplevel [11ms]
2025-01-27 19:23:46.253 [info] > git for-each-ref --format=%(refname)%00%(upstream:short)%00%(objectname)%00%(upstream:track)%00%(upstream:remotename)%00%(upstream:remoteref) refs/heads/master refs/remotes/master [6ms]
2025-01-27 19:23:46.253 [info] > git rev-parse --show-toplevel [2ms]
2025-01-27 19:23:46.253 [info] > git rev-parse --show-toplevel [24ms]
2025-01-27 19:23:46.253 [info] > git status -z -uall [56ms]
2025-01-27 19:23:46.253 [info] > git for-each-ref --sort -committerdate --format %(refname) %(objectname) %(*objectname) [46ms]
2025-01-27 19:23:46.253 [info] > git rev-parse --show-toplevel [62ms]
2025-01-27 19:23:46.253 [info] > git for-each-ref --format=%(refname)%00%(upstream:short)%00%(objectname)%00%(upstream:track)%00%(upstream:remotename)%00%(upstream:remoteref) refs/heads/master refs/remotes/master [18ms]
2025-01-27 19:23:46.253 [info] > git rev-parse --show-toplevel [14ms]
2025-01-27 19:23:46.253 [info] > git config --get commit.template [19ms]
2025-01-27 19:23:46.253 [info] > git config --local branch.master.vscode-merge-base [14ms]
2025-01-27 19:23:46.253 [warning] [Git][config] git config failed: Failed to execute git
2025-01-27 19:23:46.259 [info] > git rev-parse --show-toplevel [16ms]
2025-01-27 19:23:46.265 [info] > git for-each-ref --format=%(refname)%00%(upstream:short)%00%(objectname)%00%(upstream:track)%00%(upstream:remotename)%00%(upstream:remoteref) refs/heads/master refs/remotes/master [6ms]
2025-01-27 19:23:46.265 [info] > git reflog master --grep-reflog=branch: Created from *. [15ms]
2025-01-27 19:23:46.270 [info] > git rev-parse --show-toplevel [6ms]
2025-01-27 19:23:46.276 [info] > git symbolic-ref --short refs/remotes/origin/HEAD [7ms]
2025-01-27 19:23:46.276 [info] fatal: ref refs/remotes/origin/HEAD is not a symbolic ref
2025-01-27 19:23:46.276 [warning] [Repository][getDefaultBranch] Failed to get default branch details: Failed to execute git.
2025-01-27 19:23:46.606 [info] > git status -z -uall [287ms]
2025-01-27 19:23:46.606 [info] > git merge-base refs/heads/master refs/remotes/origin/master [324ms]
2025-01-27 19:23:46.611 [info] > git rev-parse --show-toplevel [337ms]
2025-01-27 19:23:46.622 [info] > git for-each-ref --sort -committerdate --format %(refname) %(objectname) %(*objectname) [297ms]
2025-01-27 19:23:46.663 [info] > git merge-base refs/heads/master refs/remotes/origin/master [10ms]
2025-01-27 19:23:46.671 [info] > git rev-parse --show-toplevel [55ms]
2025-01-27 19:23:46.672 [info] > git diff --name-status -z --diff-filter=ADMR 271cf86ca150f482a31158953cd053692e2f3e87...refs/remotes/origin/master [62ms]
2025-01-27 19:23:46.699 [info] > git check-ignore -v -z --stdin [17ms]
2025-01-27 19:23:46.700 [info] > git diff --name-status -z --diff-filter=ADMR 271cf86ca150f482a31158953cd053692e2f3e87...refs/remotes/origin/master [29ms]
2025-01-27 19:23:46.709 [info] > git rev-parse --show-toplevel [24ms]
2025-01-27 19:23:46.710 [info] [Model][doInitialScan] Initial repository scan completed - repositories (1), closed repositories (0), parent repositories (0), unsafe repositories (0)
2025-01-27 19:23:48.036 [info] > git show --textconv :app.py [11ms]
2025-01-27 19:23:48.044 [info] > git ls-files --stage -- /home/stevenlagadapati1012/app.py [14ms]
2025-01-27 19:23:50.586 [info] > git cat-file -s c6407a012ddf008340e7cbbb7a846bef55327c17 [2538ms]
2025-01-27 19:24:00.127 [info] > git config --get commit.template [3ms]
2025-01-27 19:24:00.151 [info] > git for-each-ref --format=%(refname)%00%(upstream:short)%00%(objectname)%00%(upstream:track)%00%(upstream:remotename)%00%(upstream:remoteref) refs/heads/master refs/remotes/master [4ms]
2025-01-27 19:24:00.209 [info] > git status -z -uall [40ms]
2025-01-27 19:24:00.209 [info] > git for-each-ref --sort -committerdate --format %(refname) %(objectname) %(*objectname) [20ms]
2025-01-27 19:24:05.233 [info] > git config --get commit.template [2ms]
2025-01-27 19:24:05.250 [info] > git for-each-ref --format=%(refname)%00%(upstream:short)%00%(objectname)%00%(upstream:track)%00%(upstream:remotename)%00%(upstream:remoteref) refs/heads/master refs/remotes/master [2ms]
2025-01-27 19:24:05.285 [info] > git for-each-ref --sort -committerdate --format %(refname) %(objectname) %(*objectname) [2ms]
2025-01-27 19:24:05.286 [info] > git status -z -uall [20ms]
2025-01-27 19:24:10.322 [info] > git config --get commit.template [15ms]
2025-01-27 19:24:10.323 [info] > git for-each-ref --format=%(refname)%00%(upstream:short)%00%(objectname)%00%(upstream:track)%00%(upstream:remotename)%00%(upstream:remoteref) refs/heads/master refs/remotes/master [3ms]
2025-01-27 19:24:10.356 [info] > git for-each-ref --sort -committerdate --format %(refname) %(objectname) %(*objectname) [3ms]
2025-01-27 19:24:10.357 [info] > git status -z -uall [19ms]
2025-01-27 19:26:49.954 [info] > git config --get commit.template [11ms]
2025-01-27 19:26:49.955 [info] > git for-each-ref --format=%(refname)%00%(upstream:short)%00%(objectname)%00%(upstream:track)%00%(upstream:remotename)%00%(upstream:remoteref) refs/heads/master refs/remotes/master [2ms]
2025-01-27 19:26:49.975 [info] > git for-each-ref --sort -committerdate --format %(refname) %(objectname) %(*objectname) [3ms]
2025-01-27 19:26:49.983 [info] > git status -z -uall [19ms]
2025-01-27 19:26:54.999 [info] > git config --get commit.template [1ms]
2025-01-27 19:26:55.009 [info] > git for-each-ref --format=%(refname)%00%(upstream:short)%00%(objectname)%00%(upstream:track)%00%(upstream:remotename)%00%(upstream:remoteref) refs/heads/master refs/remotes/master [2ms]
2025-01-27 19:26:55.033 [info] > git for-each-ref --sort -committerdate --format %(refname) %(objectname) %(*objectname) [3ms]
2025-01-27 19:26:55.041 [info] > git status -z -uall [23ms]
2025-01-27 19:27:21.656 [info] > git ls-files --stage -- /home/stevenlagadapati1012/app.py [3ms]
2025-01-27 19:27:21.666 [info] > git cat-file -s c6407a012ddf008340e7cbbb7a846bef55327c17 [2ms]
2025-01-27 19:27:21.733 [info] > git show --textconv :app.py [4ms]
2025-01-27 19:27:54.651 [info] > git config --get commit.template [9ms]
2025-01-27 19:27:54.653 [info] > git for-each-ref --format=%(refname)%00%(upstream:short)%00%(objectname)%00%(upstream:track)%00%(upstream:remotename)%00%(upstream:remoteref) refs/heads/master refs/remotes/master [2ms]
2025-01-27 19:27:54.673 [info] > git for-each-ref --sort -committerdate --format %(refname) %(objectname) %(*objectname) [2ms]
2025-01-27 19:27:54.681 [info] > git status -z -uall [20ms]
2025-01-27 19:27:59.703 [info] > git config --get commit.template [9ms]
2025-01-27 19:27:59.705 [info] > git for-each-ref --format=%(refname)%00%(upstream:short)%00%(objectname)%00%(upstream:track)%00%(upstream:remotename)%00%(upstream:remoteref) refs/heads/master refs/remotes/master [3ms]
2025-01-27 19:27:59.727 [info] > git for-each-ref --sort -committerdate --format %(refname) %(objectname) %(*objectname) [3ms]
2025-01-27 19:27:59.734 [info] > git status -z -uall [20ms]
2025-01-27 19:28:34.932 [info] > git config --get commit.template [9ms]
2025-01-27 19:28:34.934 [info] > git for-each-ref --format=%(refname)%00%(upstream:short)%00%(objectname)%00%(upstream:track)%00%(upstream:remotename)%00%(upstream:remoteref) refs/heads/master refs/remotes/master [2ms]
2025-01-27 19:28:34.953 [info] > git for-each-ref --sort -committerdate --format %(refname) %(objectname) %(*objectname) [3ms]
2025-01-27 19:28:34.963 [info] > git status -z -uall [22ms]
2025-01-27 19:28:39.988 [info] > git config --get commit.template [12ms]
2025-01-27 19:28:39.990 [info] > git for-each-ref --format=%(refname)%00%(upstream:short)%00%(objectname)%00%(upstream:track)%00%(upstream:remotename)%00%(upstream:remoteref) refs/heads/master refs/remotes/master [3ms]
2025-01-27 19:28:40.015 [info] > git for-each-ref --sort -committerdate --format %(refname) %(objectname) %(*objectname) [3ms]
2025-01-27 19:28:40.026 [info] > git status -z -uall [26ms]
2025-01-27 19:28:48.230 [info] > git config --get commit.template [9ms]
2025-01-27 19:28:48.232 [info] > git for-each-ref --format=%(refname)%00%(upstream:short)%00%(objectname)%00%(upstream:track)%00%(upstream:remotename)%00%(upstream:remoteref) refs/heads/master refs/remotes/master [2ms]
2025-01-27 19:28:48.253 [info] > git for-each-ref --sort -committerdate --format %(refname) %(objectname) %(*objectname) [2ms]
2025-01-27 19:28:48.261 [info] > git status -z -uall [19ms]
2025-01-27 19:28:53.285 [info] > git config --get commit.template [11ms]
2025-01-27 19:28:53.286 [info] > git for-each-ref --format=%(refname)%00%(upstream:short)%00%(objectname)%00%(upstream:track)%00%(upstream:remotename)%00%(upstream:remoteref) refs/heads/master refs/remotes/master [2ms]
2025-01-27 19:28:53.307 [info] > git for-each-ref --sort -committerdate --format %(refname) %(objectname) %(*objectname) [3ms]
2025-01-27 19:28:53.316 [info] > git status -z -uall [21ms]
2025-01-27 19:28:58.341 [info] > git config --get commit.template [10ms]
2025-01-27 19:28:58.342 [info] > git for-each-ref --format=%(refname)%00%(upstream:short)%00%(objectname)%00%(upstream:track)%00%(upstream:remotename)%00%(upstream:remoteref) refs/heads/master refs/remotes/master [2ms]
2025-01-27 19:28:58.363 [info] > git for-each-ref --sort -committerdate --format %(refname) %(objectname) %(*objectname) [2ms]
2025-01-27 19:28:58.371 [info] > git status -z -uall [20ms]
2025-01-27 19:29:03.395 [info] > git config --get commit.template [10ms]
2025-01-27 19:29:03.396 [info] > git for-each-ref --format=%(refname)%00%(upstream:short)%00%(objectname)%00%(upstream:track)%00%(upstream:remotename)%00%(upstream:remoteref) refs/heads/master refs/remotes/master [2ms]
2025-01-27 19:29:03.417 [info] > git for-each-ref --sort -committerdate --format %(refname) %(objectname) %(*objectname) [3ms]
2025-01-27 19:29:03.424 [info] > git status -z -uall [19ms]
2025-01-27 19:29:07.551 [info] > git ls-files --stage -- /home/stevenlagadapati1012/app.py [2ms]
2025-01-27 19:29:07.561 [info] > git cat-file -s c6407a012ddf008340e7cbbb7a846bef55327c17 [2ms]
2025-01-27 19:29:07.620 [info] > git show --textconv :app.py [3ms]
2025-01-27 19:29:08.446 [info] > git config --get commit.template [9ms]
2025-01-27 19:29:08.447 [info] > git for-each-ref --format=%(refname)%00%(upstream:short)%00%(objectname)%00%(upstream:track)%00%(upstream:remotename)%00%(upstream:remoteref) refs/heads/master refs/remotes/master [2ms]
2025-01-27 19:29:08.467 [info] > git for-each-ref --sort -committerdate --format %(refname) %(objectname) %(*objectname) [2ms]
2025-01-27 19:29:08.475 [info] > git status -z -uall [18ms]
2025-01-27 19:29:13.499 [info] > git for-each-ref --format=%(refname)%00%(upstream:short)%00%(objectname)%00%(upstream:track)%00%(upstream:remotename)%00%(upstream:remoteref) refs/heads/master refs/remotes/master [2ms]
2025-01-27 19:29:13.500 [info] > git config --get commit.template [11ms]
2025-01-27 19:29:13.521 [info] > git for-each-ref --sort -committerdate --format %(refname) %(objectname) %(*objectname) [2ms]
2025-01-27 19:29:13.528 [info] > git status -z -uall [18ms]
2025-01-27 19:29:18.552 [info] > git config --get commit.template [11ms]
2025-01-27 19:29:18.554 [info] > git for-each-ref --format=%(refname)%00%(upstream:short)%00%(objectname)%00%(upstream:track)%00%(upstream:remotename)%00%(upstream:remoteref) refs/heads/master refs/remotes/master [2ms]
2025-01-27 19:29:18.575 [info] > git for-each-ref --sort -committerdate --format %(refname) %(objectname) %(*objectname) [3ms]
2025-01-27 19:29:18.582 [info] > git status -z -uall [20ms]
2025-01-27 19:30:04.055 [info] > git for-each-ref --format=%(refname)%00%(upstream:short)%00%(objectname)%00%(upstream:track)%00%(upstream:remotename)%00%(upstream:remoteref) refs/heads/master refs/remotes/master [3ms]
2025-01-27 19:30:04.055 [info] > git config --get commit.template [11ms]
2025-01-27 19:30:04.076 [info] > git for-each-ref --sort -committerdate --format %(refname) %(objectname) %(*objectname) [3ms]
2025-01-27 19:30:04.084 [info] > git status -z -uall [20ms]
2025-01-27 19:30:09.215 [info] > git config --get commit.template [10ms]
2025-01-27 19:30:09.216 [info] > git for-each-ref --format=%(refname)%00%(upstream:short)%00%(objectname)%00%(upstream:track)%00%(upstream:remotename)%00%(upstream:remoteref) refs/heads/master refs/remotes/master [2ms]
2025-01-27 19:30:09.236 [info] > git for-each-ref --sort -committerdate --format %(refname) %(objectname) %(*objectname) [2ms]
2025-01-27 19:30:09.244 [info] > git status -z -uall [19ms]
2025-01-27 19:30:14.268 [info] > git config --get commit.template [8ms]
2025-01-27 19:30:14.269 [info] > git for-each-ref --format=%(refname)%00%(upstream:short)%00%(objectname)%00%(upstream:track)%00%(upstream:remotename)%00%(upstream:remoteref) refs/heads/master refs/remotes/master [2ms]
2025-01-27 19:30:14.290 [info] > git for-each-ref --sort -committerdate --format %(refname) %(objectname) %(*objectname) [3ms]
2025-01-27 19:30:14.297 [info] > git status -z -uall [20ms]
2025-01-27 19:30:19.312 [info] > git config --get commit.template [3ms]
2025-01-27 19:30:19.322 [info] > git for-each-ref --format=%(refname)%00%(upstream:short)%00%(objectname)%00%(upstream:track)%00%(upstream:remotename)%00%(upstream:remoteref) refs/heads/master refs/remotes/master [2ms]
2025-01-27 19:30:19.342 [info] > git for-each-ref --sort -committerdate --format %(refname) %(objectname) %(*objectname) [3ms]
2025-01-27 19:30:19.350 [info] > git status -z -uall [20ms]
2025-01-27 19:30:29.341 [info] > git config --get commit.template [9ms]
2025-01-27 19:30:29.342 [info] > git for-each-ref --format=%(refname)%00%(upstream:short)%00%(objectname)%00%(upstream:track)%00%(upstream:remotename)%00%(upstream:remoteref) refs/heads/master refs/remotes/master [2ms]
2025-01-27 19:30:29.363 [info] > git for-each-ref --sort -committerdate --format %(refname) %(objectname) %(*objectname) [3ms]
2025-01-27 19:30:29.369 [info] > git status -z -uall [19ms]
2025-01-27 19:30:34.383 [info] > git config --get commit.template [2ms]
2025-01-27 19:30:34.393 [info] > git for-each-ref --format=%(refname)%00%(upstream:short)%00%(objectname)%00%(upstream:track)%00%(upstream:remotename)%00%(upstream:remoteref) refs/heads/master refs/remotes/master [2ms]
2025-01-27 19:30:34.414 [info] > git for-each-ref --sort -committerdate --format %(refname) %(objectname) %(*objectname) [2ms]
2025-01-27 19:30:34.421 [info] > git status -z -uall [19ms]
2025-01-27 19:30:39.443 [info] > git config --get commit.template [8ms]
2025-01-27 19:30:39.444 [info] > git for-each-ref --format=%(refname)%00%(upstream:short)%00%(objectname)%00%(upstream:track)%00%(upstream:remotename)%00%(upstream:remoteref) refs/heads/master refs/remotes/master [2ms]
2025-01-27 19:30:39.464 [info] > git for-each-ref --sort -committerdate --format %(refname) %(objectname) %(*objectname) [2ms]
2025-01-27 19:30:39.471 [info] > git status -z -uall [19ms]
2025-01-27 19:30:44.494 [info] > git config --get commit.template [9ms]
2025-01-27 19:30:44.495 [info] > git for-each-ref --format=%(refname)%00%(upstream:short)%00%(objectname)%00%(upstream:track)%00%(upstream:remotename)%00%(upstream:remoteref) refs/heads/master refs/remotes/master [2ms]
2025-01-27 19:30:44.515 [info] > git for-each-ref --sort -committerdate --format %(refname) %(objectname) %(*objectname) [3ms]
2025-01-27 19:30:44.522 [info] > git status -z -uall [19ms]
2025-01-27 19:30:50.825 [info] > git config --get commit.template [9ms]
2025-01-27 19:30:50.826 [info] > git for-each-ref --format=%(refname)%00%(upstream:short)%00%(objectname)%00%(upstream:track)%00%(upstream:remotename)%00%(upstream:remoteref) refs/heads/master refs/remotes/master [2ms]
2025-01-27 19:30:50.847 [info] > git for-each-ref --sort -committerdate --format %(refname) %(objectname) %(*objectname) [3ms]
2025-01-27 19:30:50.854 [info] > git status -z -uall [19ms]
2025-01-27 19:30:55.875 [info] > git config --get commit.template [9ms]
2025-01-27 19:30:55.876 [info] > git for-each-ref --format=%(refname)%00%(upstream:short)%00%(objectname)%00%(upstream:track)%00%(upstream:remotename)%00%(upstream:remoteref) refs/heads/master refs/remotes/master [2ms]
2025-01-27 19:30:55.898 [info] > git for-each-ref --sort -committerdate --format %(refname) %(objectname) %(*objectname) [3ms]
2025-01-27 19:30:55.904 [info] > git status -z -uall [19ms]
2025-01-27 19:31:08.872 [info] > git config --get commit.template [9ms]
2025-01-27 19:31:08.874 [info] > git for-each-ref --format=%(refname)%00%(upstream:short)%00%(objectname)%00%(upstream:track)%00%(upstream:remotename)%00%(upstream:remoteref) refs/heads/master refs/remotes/master [3ms]
2025-01-27 19:31:08.896 [info] > git for-each-ref --sort -committerdate --format %(refname) %(objectname) %(*objectname) [2ms]
2025-01-27 19:31:08.904 [info] > git status -z -uall [20ms]
2025-01-27 19:31:15.327 [info] > git config --get commit.template [3ms]
2025-01-27 19:31:15.337 [info] > git for-each-ref --format=%(refname)%00%(upstream:short)%00%(objectname)%00%(upstream:track)%00%(upstream:remotename)%00%(upstream:remoteref) refs/heads/master refs/remotes/master [2ms]
2025-01-27 19:31:15.358 [info] > git for-each-ref --sort -committerdate --format %(refname) %(objectname) %(*objectname) [2ms]
2025-01-27 19:31:15.366 [info] > git status -z -uall [21ms]
2025-01-27 19:31:20.387 [info] > git config --get commit.template [9ms]
2025-01-27 19:31:20.389 [info] > git for-each-ref --format=%(refname)%00%(upstream:short)%00%(objectname)%00%(upstream:track)%00%(upstream:remotename)%00%(upstream:remoteref) refs/heads/master refs/remotes/master [2ms]
2025-01-27 19:31:20.408 [info] > git for-each-ref --sort -committerdate --format %(refname) %(objectname) %(*objectname) [2ms]
2025-01-27 19:31:20.417 [info] > git status -z -uall [20ms]
2025-01-27 19:31:26.369 [info] > git for-each-ref --format=%(refname)%00%(upstream:short)%00%(objectname)%00%(upstream:track)%00%(upstream:remotename)%00%(upstream:remoteref) refs/heads/master refs/remotes/master [3ms]
2025-01-27 19:31:26.370 [info] > git config --get commit.template [12ms]
2025-01-27 19:31:26.389 [info] > git for-each-ref --sort -committerdate --format %(refname) %(objectname) %(*objectname) [2ms]
2025-01-27 19:31:26.397 [info] > git status -z -uall [19ms]
2025-01-27 19:31:29.354 [info] > git ls-files --stage -- /home/stevenlagadapati1012/app.py [3ms]
2025-01-27 19:31:29.364 [info] > git cat-file -s 1b9bb5d6fe46dca03a9209273b554bce69928014 [2ms]
2025-01-27 19:31:29.429 [info] > git show --textconv :app.py [3ms]
2025-01-27 19:31:31.421 [info] > git config --get commit.template [11ms]
2025-01-27 19:31:31.421 [info] > git for-each-ref --format=%(refname)%00%(upstream:short)%00%(objectname)%00%(upstream:track)%00%(upstream:remotename)%00%(upstream:remoteref) refs/heads/master refs/remotes/master [3ms]
2025-01-27 19:31:31.441 [info] > git for-each-ref --sort -committerdate --format %(refname) %(objectname) %(*objectname) [3ms]
2025-01-27 19:31:31.445 [info] > git status -z -uall [16ms]
2025-01-27 19:31:36.466 [info] > git config --get commit.template [9ms]
2025-01-27 19:31:36.467 [info] > git for-each-ref --format=%(refname)%00%(upstream:short)%00%(objectname)%00%(upstream:track)%00%(upstream:remotename)%00%(upstream:remoteref) refs/heads/master refs/remotes/master [2ms]
2025-01-27 19:31:36.487 [info] > git for-each-ref --sort -committerdate --format %(refname) %(objectname) %(*objectname) [3ms]
2025-01-27 19:31:36.491 [info] > git status -z -uall [16ms]
2025-01-27 19:31:39.775 [info] > git ls-files --stage -- /home/stevenlagadapati1012/app.py [2ms]
2025-01-27 19:31:39.784 [info] > git cat-file -s 1b9bb5d6fe46dca03a9209273b554bce69928014 [2ms]
2025-01-27 19:31:39.850 [info] > git show --textconv :app.py [3ms]
2025-01-27 19:31:41.512 [info] > git config --get commit.template [10ms]
2025-01-27 19:31:41.513 [info] > git for-each-ref --format=%(refname)%00%(upstream:short)%00%(objectname)%00%(upstream:track)%00%(upstream:remotename)%00%(upstream:remoteref) refs/heads/master refs/remotes/master [3ms]
2025-01-27 19:31:41.534 [info] > git for-each-ref --sort -committerdate --format %(refname) %(objectname) %(*objectname) [2ms]
2025-01-27 19:31:41.537 [info] > git status -z -uall [14ms]
2025-01-27 19:31:46.559 [info] > git config --get commit.template [8ms]
2025-01-27 19:31:46.560 [info] > git for-each-ref --format=%(refname)%00%(upstream:short)%00%(objectname)%00%(upstream:track)%00%(upstream:remotename)%00%(upstream:remoteref) refs/heads/master refs/remotes/master [2ms]
2025-01-27 19:31:46.580 [info] > git for-each-ref --sort -committerdate --format %(refname) %(objectname) %(*objectname) [2ms]
2025-01-27 19:31:46.583 [info] > git status -z -uall [14ms]
2025-01-27 19:31:51.605 [info] > git config --get commit.template [9ms]
2025-01-27 19:31:51.606 [info] > git for-each-ref --format=%(refname)%00%(upstream:short)%00%(objectname)%00%(upstream:track)%00%(upstream:remotename)%00%(upstream:remoteref) refs/heads/master refs/remotes/master [2ms]
2025-01-27 19:31:51.628 [info] > git for-each-ref --sort -committerdate --format %(refname) %(objectname) %(*objectname) [3ms]
2025-01-27 19:31:51.630 [info] > git status -z -uall [15ms]
2025-01-27 19:31:56.643 [info] > git config --get commit.template [3ms]
2025-01-27 19:31:56.653 [info] > git for-each-ref --format=%(refname)%00%(upstream:short)%00%(objectname)%00%(upstream:track)%00%(upstream:remotename)%00%(upstream:remoteref) refs/heads/master refs/remotes/master [3ms]
2025-01-27 19:31:56.673 [info] > git for-each-ref --sort -committerdate --format %(refname) %(objectname) %(*objectname) [3ms]
2025-01-27 19:31:56.675 [info] > git status -z -uall [14ms]
2025-01-27 19:32:01.698 [info] > git config --get commit.template [8ms]
2025-01-27 19:32:01.701 [info] > git for-each-ref --format=%(refname)%00%(upstream:short)%00%(objectname)%00%(upstream:track)%00%(upstream:remotename)%00%(upstream:remoteref) refs/heads/master refs/remotes/master [4ms]
2025-01-27 19:32:01.728 [info] > git for-each-ref --sort -committerdate --format %(refname) %(objectname) %(*objectname) [3ms]
2025-01-27 19:32:01.732 [info] > git status -z -uall [20ms]
2025-01-27 19:32:06.754 [info] > git config --get commit.template [9ms]
2025-01-27 19:32:06.755 [info] > git for-each-ref --format=%(refname)%00%(upstream:short)%00%(objectname)%00%(upstream:track)%00%(upstream:remotename)%00%(upstream:remoteref) refs/heads/master refs/remotes/master [2ms]
2025-01-27 19:32:06.775 [info] > git for-each-ref --sort -committerdate --format %(refname) %(objectname) %(*objectname) [2ms]
2025-01-27 19:32:06.779 [info] > git status -z -uall [15ms]
2025-01-27 19:32:11.801 [info] > git config --get commit.template [9ms]
2025-01-27 19:32:11.802 [info] > git for-each-ref --format=%(refname)%00%(upstream:short)%00%(objectname)%00%(upstream:track)%00%(upstream:remotename)%00%(upstream:remoteref) refs/heads/master refs/remotes/master [2ms]
2025-01-27 19:32:11.824 [info] > git for-each-ref --sort -committerdate --format %(refname) %(objectname) %(*objectname) [3ms]
2025-01-27 19:32:11.825 [info] > git status -z -uall [15ms]
2025-01-27 19:32:16.846 [info] > git config --get commit.template [9ms]
2025-01-27 19:32:16.847 [info] > git for-each-ref --format=%(refname)%00%(upstream:short)%00%(objectname)%00%(upstream:track)%00%(upstream:remotename)%00%(upstream:remoteref) refs/heads/master refs/remotes/master [2ms]
2025-01-27 19:32:16.867 [info] > git for-each-ref --sort -committerdate --format %(refname) %(objectname) %(*objectname) [2ms]
2025-01-27 19:32:16.870 [info] > git status -z -uall [14ms]
2025-01-27 19:32:21.892 [info] > git config --get commit.template [9ms]
2025-01-27 19:32:21.894 [info] > git for-each-ref --format=%(refname)%00%(upstream:short)%00%(objectname)%00%(upstream:track)%00%(upstream:remotename)%00%(upstream:remoteref) refs/heads/master refs/remotes/master [2ms]
2025-01-27 19:32:21.914 [info] > git for-each-ref --sort -committerdate --format %(refname) %(objectname) %(*objectname) [3ms]
2025-01-27 19:32:21.918 [info] > git status -z -uall [16ms]
2025-01-27 19:32:26.932 [info] > git config --get commit.template [2ms]
2025-01-27 19:32:26.944 [info] > git for-each-ref --format=%(refname)%00%(upstream:short)%00%(objectname)%00%(upstream:track)%00%(upstream:remotename)%00%(upstream:remoteref) refs/heads/master refs/remotes/master [2ms]
2025-01-27 19:32:26.964 [info] > git for-each-ref --sort -committerdate --format %(refname) %(objectname) %(*objectname) [3ms]
2025-01-27 19:32:26.967 [info] > git status -z -uall [15ms]
2025-01-27 19:32:31.988 [info] > git config --get commit.template [9ms]
2025-01-27 19:32:31.990 [info] > git for-each-ref --format=%(refname)%00%(upstream:short)%00%(objectname)%00%(upstream:track)%00%(upstream:remotename)%00%(upstream:remoteref) refs/heads/master refs/remotes/master [3ms]
2025-01-27 19:32:32.010 [info] > git for-each-ref --sort -committerdate --format %(refname) %(objectname) %(*objectname) [2ms]
2025-01-27 19:32:32.014 [info] > git status -z -uall [15ms]
2025-01-27 19:32:37.036 [info] > git config --get commit.template [11ms]
2025-01-27 19:32:37.036 [info] > git for-each-ref --format=%(refname)%00%(upstream:short)%00%(objectname)%00%(upstream:track)%00%(upstream:remotename)%00%(upstream:remoteref) refs/heads/master refs/remotes/master [3ms]
2025-01-27 19:32:37.057 [info] > git for-each-ref --sort -committerdate --format %(refname) %(objectname) %(*objectname) [2ms]
2025-01-27 19:32:37.060 [info] > git status -z -uall [15ms]
2025-01-27 19:32:42.081 [info] > git config --get commit.template [9ms]
2025-01-27 19:32:42.083 [info] > git for-each-ref --format=%(refname)%00%(upstream:short)%00%(objectname)%00%(upstream:track)%00%(upstream:remotename)%00%(upstream:remoteref) refs/heads/master refs/remotes/master [2ms]
2025-01-27 19:32:42.104 [info] > git for-each-ref --sort -committerdate --format %(refname) %(objectname) %(*objectname) [2ms]
2025-01-27 19:32:42.108 [info] > git status -z -uall [16ms]
2025-01-27 19:32:47.131 [info] > git config --get commit.template [9ms]
2025-01-27 19:32:47.132 [info] > git for-each-ref --format=%(refname)%00%(upstream:short)%00%(objectname)%00%(upstream:track)%00%(upstream:remotename)%00%(upstream:remoteref) refs/heads/master refs/remotes/master [2ms]
2025-01-27 19:32:47.153 [info] > git for-each-ref --sort -committerdate --format %(refname) %(objectname) %(*objectname) [3ms]
2025-01-27 19:32:47.155 [info] > git status -z -uall [14ms]
2025-01-27 19:32:52.178 [info] > git config --get commit.template [9ms]
2025-01-27 19:32:52.180 [info] > git for-each-ref --format=%(refname)%00%(upstream:short)%00%(objectname)%00%(upstream:track)%00%(upstream:remotename)%00%(upstream:remoteref) refs/heads/master refs/remotes/master [3ms]
2025-01-27 19:32:52.200 [info] > git for-each-ref --sort -committerdate --format %(refname) %(objectname) %(*objectname) [3ms]
2025-01-27 19:32:52.202 [info] > git status -z -uall [14ms]
2025-01-27 19:32:57.225 [info] > git config --get commit.template [9ms]
2025-01-27 19:32:57.227 [info] > git for-each-ref --format=%(refname)%00%(upstream:short)%00%(objectname)%00%(upstream:track)%00%(upstream:remotename)%00%(upstream:remoteref) refs/heads/master refs/remotes/master [2ms]
2025-01-27 19:32:57.248 [info] > git for-each-ref --sort -committerdate --format %(refname) %(objectname) %(*objectname) [3ms]
2025-01-27 19:32:57.252 [info] > git status -z -uall [16ms]
2025-01-27 19:33:02.269 [info] > git config --get commit.template [3ms]
2025-01-27 19:33:02.280 [info] > git for-each-ref --format=%(refname)%00%(upstream:short)%00%(objectname)%00%(upstream:track)%00%(upstream:remotename)%00%(upstream:remoteref) refs/heads/master refs/remotes/master [3ms]
2025-01-27 19:33:02.300 [info] > git for-each-ref --sort -committerdate --format %(refname) %(objectname) %(*objectname) [3ms]
2025-01-27 19:33:02.303 [info] > git status -z -uall [15ms]
2025-01-27 19:33:07.324 [info] > git config --get commit.template [8ms]
2025-01-27 19:33:07.325 [info] > git for-each-ref --format=%(refname)%00%(upstream:short)%00%(objectname)%00%(upstream:track)%00%(upstream:remotename)%00%(upstream:remoteref) refs/heads/master refs/remotes/master [2ms]
2025-01-27 19:33:07.347 [info] > git for-each-ref --sort -committerdate --format %(refname) %(objectname) %(*objectname) [4ms]
2025-01-27 19:33:07.349 [info] > git status -z -uall [14ms]
2025-01-27 19:33:12.372 [info] > git config --get commit.template [9ms]
2025-01-27 19:33:12.373 [info] > git for-each-ref --format=%(refname)%00%(upstream:short)%00%(objectname)%00%(upstream:track)%00%(upstream:remotename)%00%(upstream:remoteref) refs/heads/master refs/remotes/master [2ms]
2025-01-27 19:33:12.394 [info] > git for-each-ref --sort -committerdate --format %(refname) %(objectname) %(*objectname) [2ms]
2025-01-27 19:33:12.397 [info] > git status -z -uall [15ms]
2025-01-27 19:33:17.273 [info] > git ls-files --stage -- /home/stevenlagadapati1012/app.py [2ms]
2025-01-27 19:33:17.283 [info] > git cat-file -s 1b9bb5d6fe46dca03a9209273b554bce69928014 [2ms]
2025-01-27 19:33:17.342 [info] > git show --textconv :app.py [2ms]
2025-01-27 19:33:17.419 [info] > git config --get commit.template [9ms]
2025-01-27 19:33:17.420 [info] > git for-each-ref --format=%(refname)%00%(upstream:short)%00%(objectname)%00%(upstream:track)%00%(upstream:remotename)%00%(upstream:remoteref) refs/heads/master refs/remotes/master [2ms]
2025-01-27 19:33:17.441 [info] > git for-each-ref --sort -committerdate --format %(refname) %(objectname) %(*objectname) [2ms]
2025-01-27 19:33:17.444 [info] > git status -z -uall [15ms]
2025-01-27 19:33:22.470 [info] > git for-each-ref --format=%(refname)%00%(upstream:short)%00%(objectname)%00%(upstream:track)%00%(upstream:remotename)%00%(upstream:remoteref) refs/heads/master refs/remotes/master [3ms]
2025-01-27 19:33:22.470 [info] > git config --get commit.template [12ms]
2025-01-27 19:33:22.494 [info] > git for-each-ref --sort -committerdate --format %(refname) %(objectname) %(*objectname) [2ms]
2025-01-27 19:33:22.498 [info] > git status -z -uall [18ms]
2025-01-27 19:33:25.069 [info] > git ls-files --stage -- /home/stevenlagadapati1012/app.py [2ms]
2025-01-27 19:33:25.079 [info] > git cat-file -s 1b9bb5d6fe46dca03a9209273b554bce69928014 [2ms]
2025-01-27 19:33:25.178 [info] > git show --textconv :app.py [3ms]
2025-01-27 19:33:27.521 [info] > git config --get commit.template [11ms]
2025-01-27 19:33:27.522 [info] > git for-each-ref --format=%(refname)%00%(upstream:short)%00%(objectname)%00%(upstream:track)%00%(upstream:remotename)%00%(upstream:remoteref) refs/heads/master refs/remotes/master [2ms]
2025-01-27 19:33:27.544 [info] > git for-each-ref --sort -committerdate --format %(refname) %(objectname) %(*objectname) [3ms]
2025-01-27 19:33:27.547 [info] > git status -z -uall [15ms]
2025-01-27 19:33:32.567 [info] > git config --get commit.template [9ms]
2025-01-27 19:33:32.569 [info] > git for-each-ref --format=%(refname)%00%(upstream:short)%00%(objectname)%00%(upstream:track)%00%(upstream:remotename)%00%(upstream:remoteref) refs/heads/master refs/remotes/master [2ms]
2025-01-27 19:33:32.590 [info] > git for-each-ref --sort -committerdate --format %(refname) %(objectname) %(*objectname) [3ms]
2025-01-27 19:33:32.593 [info] > git status -z -uall [15ms]
2025-01-27 19:33:37.607 [info] > git config --get commit.template [3ms]
2025-01-27 19:33:37.617 [info] > git for-each-ref --format=%(refname)%00%(upstream:short)%00%(objectname)%00%(upstream:track)%00%(upstream:remotename)%00%(upstream:remoteref) refs/heads/master refs/remotes/master [2ms]
2025-01-27 19:33:37.638 [info] > git for-each-ref --sort -committerdate --format %(refname) %(objectname) %(*objectname) [3ms]
2025-01-27 19:33:37.641 [info] > git status -z -uall [15ms]
2025-01-27 19:33:42.662 [info] > git config --get commit.template [10ms]
2025-01-27 19:33:42.663 [info] > git for-each-ref --format=%(refname)%00%(upstream:short)%00%(objectname)%00%(upstream:track)%00%(upstream:remotename)%00%(upstream:remoteref) refs/heads/master refs/remotes/master [2ms]
2025-01-27 19:33:42.684 [info] > git for-each-ref --sort -committerdate --format %(refname) %(objectname) %(*objectname) [3ms]
2025-01-27 19:33:42.686 [info] > git status -z -uall [14ms]
2025-01-27 19:33:47.708 [info] > git config --get commit.template [9ms]
2025-01-27 19:33:47.710 [info] > git for-each-ref --format=%(refname)%00%(upstream:short)%00%(objectname)%00%(upstream:track)%00%(upstream:remotename)%00%(upstream:remoteref) refs/heads/master refs/remotes/master [3ms]
2025-01-27 19:33:47.730 [info] > git for-each-ref --sort -committerdate --format %(refname) %(objectname) %(*objectname) [3ms]
2025-01-27 19:33:47.733 [info] > git status -z -uall [15ms]
2025-01-27 19:33:52.749 [info] > git config --get commit.template [2ms]
2025-01-27 19:33:52.758 [info] > git for-each-ref --format=%(refname)%00%(upstream:short)%00%(objectname)%00%(upstream:track)%00%(upstream:remotename)%00%(upstream:remoteref) refs/heads/master refs/remotes/master [2ms]
2025-01-27 19:33:52.780 [info] > git for-each-ref --sort -committerdate --format %(refname) %(objectname) %(*objectname) [2ms]
2025-01-27 19:33:52.784 [info] > git status -z -uall [17ms]
2025-01-27 19:33:57.805 [info] > git config --get commit.template [10ms]
2025-01-27 19:33:57.807 [info] > git for-each-ref --format=%(refname)%00%(upstream:short)%00%(objectname)%00%(upstream:track)%00%(upstream:remotename)%00%(upstream:remoteref) refs/heads/master refs/remotes/master [2ms]
2025-01-27 19:33:57.827 [info] > git for-each-ref --sort -committerdate --format %(refname) %(objectname) %(*objectname) [4ms]
2025-01-27 19:33:57.830 [info] > git status -z -uall [15ms]
2025-01-27 19:34:02.851 [info] > git config --get commit.template [9ms]
2025-01-27 19:34:02.852 [info] > git for-each-ref --format=%(refname)%00%(upstream:short)%00%(objectname)%00%(upstream:track)%00%(upstream:remotename)%00%(upstream:remoteref) refs/heads/master refs/remotes/master [2ms]
2025-01-27 19:34:02.873 [info] > git for-each-ref --sort -committerdate --format %(refname) %(objectname) %(*objectname) [2ms]
2025-01-27 19:34:02.876 [info] > git status -z -uall [15ms]
2025-01-27 19:34:17.802 [info] > git config --get commit.template [3ms]
2025-01-27 19:34:17.812 [info] > git for-each-ref --format=%(refname)%00%(upstream:short)%00%(objectname)%00%(upstream:track)%00%(upstream:remotename)%00%(upstream:remoteref) refs/heads/master refs/remotes/master [2ms]
2025-01-27 19:34:17.832 [info] > git for-each-ref --sort -committerdate --format %(refname) %(objectname) %(*objectname) [2ms]
2025-01-27 19:34:17.835 [info] > git status -z -uall [15ms]
2025-01-27 19:34:22.857 [info] > git config --get commit.template [10ms]
2025-01-27 19:34:22.858 [info] > git for-each-ref --format=%(refname)%00%(upstream:short)%00%(objectname)%00%(upstream:track)%00%(upstream:remotename)%00%(upstream:remoteref) refs/heads/master refs/remotes/master [2ms]
2025-01-27 19:34:22.881 [info] > git for-each-ref --sort -committerdate --format %(refname) %(objectname) %(*objectname) [4ms]
2025-01-27 19:34:22.887 [info] > git status -z -uall [20ms]
2025-01-27 19:34:27.908 [info] > git config --get commit.template [9ms]
2025-01-27 19:34:27.910 [info] > git for-each-ref --format=%(refname)%00%(upstream:short)%00%(objectname)%00%(upstream:track)%00%(upstream:remotename)%00%(upstream:remoteref) refs/heads/master refs/remotes/master [2ms]
2025-01-27 19:34:27.929 [info] > git for-each-ref --sort -committerdate --format %(refname) %(objectname) %(*objectname) [3ms]
2025-01-27 19:34:27.933 [info] > git status -z -uall [15ms]
2025-01-27 19:34:32.954 [info] > git config --get commit.template [8ms]
2025-01-27 19:34:32.955 [info] > git for-each-ref --format=%(refname)%00%(upstream:short)%00%(objectname)%00%(upstream:track)%00%(upstream:remotename)%00%(upstream:remoteref) refs/heads/master refs/remotes/master [2ms]
2025-01-27 19:34:32.976 [info] > git for-each-ref --sort -committerdate --format %(refname) %(objectname) %(*objectname) [1ms]
2025-01-27 19:34:32.980 [info] > git status -z -uall [16ms]
2025-01-27 19:34:38.002 [info] > git config --get commit.template [8ms]
2025-01-27 19:34:38.003 [info] > git for-each-ref --format=%(refname)%00%(upstream:short)%00%(objectname)%00%(upstream:track)%00%(upstream:remotename)%00%(upstream:remoteref) refs/heads/master refs/remotes/master [2ms]
2025-01-27 19:34:38.023 [info] > git for-each-ref --sort -committerdate --format %(refname) %(objectname) %(*objectname) [2ms]
2025-01-27 19:34:38.026 [info] > git status -z -uall [14ms]
2025-01-27 19:34:51.861 [info] > git config --get commit.template [8ms]
2025-01-27 19:34:51.863 [info] > git for-each-ref --format=%(refname)%00%(upstream:short)%00%(objectname)%00%(upstream:track)%00%(upstream:remotename)%00%(upstream:remoteref) refs/heads/master refs/remotes/master [2ms]
2025-01-27 19:34:51.883 [info] > git for-each-ref --sort -committerdate --format %(refname) %(objectname) %(*objectname) [4ms]
2025-01-27 19:34:51.885 [info] > git status -z -uall [15ms]
2025-01-27 19:34:56.905 [info] > git config --get commit.template [9ms]
2025-01-27 19:34:56.906 [info] > git for-each-ref --format=%(refname)%00%(upstream:short)%00%(objectname)%00%(upstream:track)%00%(upstream:remotename)%00%(upstream:remoteref) refs/heads/master refs/remotes/master [2ms]
2025-01-27 19:34:56.927 [info] > git for-each-ref --sort -committerdate --format %(refname) %(objectname) %(*objectname) [2ms]
2025-01-27 19:34:56.929 [info] > git status -z -uall [14ms]
2025-01-27 19:35:01.952 [info] > git config --get commit.template [11ms]
2025-01-27 19:35:01.952 [info] > git for-each-ref --format=%(refname)%00%(upstream:short)%00%(objectname)%00%(upstream:track)%00%(upstream:remotename)%00%(upstream:remoteref) refs/heads/master refs/remotes/master [2ms]
2025-01-27 19:35:01.973 [info] > git for-each-ref --sort -committerdate --format %(refname) %(objectname) %(*objectname) [3ms]
2025-01-27 19:35:01.977 [info] > git status -z -uall [17ms]
2025-01-27 19:35:04.185 [info] > git ls-files --stage -- /home/stevenlagadapati1012/app.py [2ms]
2025-01-27 19:35:04.195 [info] > git cat-file -s 1b9bb5d6fe46dca03a9209273b554bce69928014 [2ms]
2025-01-27 19:35:04.255 [info] > git show --textconv :app.py [3ms]
2025-01-27 19:35:06.999 [info] > git config --get commit.template [9ms]
2025-01-27 19:35:07.001 [info] > git for-each-ref --format=%(refname)%00%(upstream:short)%00%(objectname)%00%(upstream:track)%00%(upstream:remotename)%00%(upstream:remoteref) refs/heads/master refs/remotes/master [2ms]
2025-01-27 19:35:07.020 [info] > git for-each-ref --sort -committerdate --format %(refname) %(objectname) %(*objectname) [2ms]
2025-01-27 19:35:07.024 [info] > git status -z -uall [15ms]
2025-01-27 19:35:19.179 [info] > git config --get commit.template [9ms]
2025-01-27 19:35:19.181 [info] > git for-each-ref --format=%(refname)%00%(upstream:short)%00%(objectname)%00%(upstream:track)%00%(upstream:remotename)%00%(upstream:remoteref) refs/heads/master refs/remotes/master [3ms]
2025-01-27 19:35:19.202 [info] > git for-each-ref --sort -committerdate --format %(refname) %(objectname) %(*objectname) [3ms]
2025-01-27 19:35:19.207 [info] > git status -z -uall [18ms]
2025-01-27 19:35:24.228 [info] > git config --get commit.template [9ms]
2025-01-27 19:35:24.230 [info] > git for-each-ref --format=%(refname)%00%(upstream:short)%00%(objectname)%00%(upstream:track)%00%(upstream:remotename)%00%(upstream:remoteref) refs/heads/master refs/remotes/master [3ms]
2025-01-27 19:35:24.249 [info] > git for-each-ref --sort -committerdate --format %(refname) %(objectname) %(*objectname) [2ms]
2025-01-27 19:35:24.253 [info] > git status -z -uall [15ms]
2025-01-27 19:35:29.274 [info] > git config --get commit.template [9ms]
2025-01-27 19:35:29.276 [info] > git for-each-ref --format=%(refname)%00%(upstream:short)%00%(objectname)%00%(upstream:track)%00%(upstream:remotename)%00%(upstream:remoteref) refs/heads/master refs/remotes/master [3ms]
2025-01-27 19:35:29.297 [info] > git for-each-ref --sort -committerdate --format %(refname) %(objectname) %(*objectname) [3ms]
2025-01-27 19:35:29.300 [info] > git status -z -uall [16ms]
2025-01-27 19:35:34.322 [info] > git config --get commit.template [9ms]
2025-01-27 19:35:34.324 [info] > git for-each-ref --format=%(refname)%00%(upstream:short)%00%(objectname)%00%(upstream:track)%00%(upstream:remotename)%00%(upstream:remoteref) refs/heads/master refs/remotes/master [3ms]
2025-01-27 19:35:34.343 [info] > git for-each-ref --sort -committerdate --format %(refname) %(objectname) %(*objectname) [2ms]
2025-01-27 19:35:34.347 [info] > git status -z -uall [15ms]
2025-01-27 19:35:39.369 [info] > git config --get commit.template [9ms]
2025-01-27 19:35:39.371 [info] > git for-each-ref --format=%(refname)%00%(upstream:short)%00%(objectname)%00%(upstream:track)%00%(upstream:remotename)%00%(upstream:remoteref) refs/heads/master refs/remotes/master [2ms]
2025-01-27 19:35:39.392 [info] > git for-each-ref --sort -committerdate --format %(refname) %(objectname) %(*objectname) [4ms]
2025-01-27 19:35:39.396 [info] > git status -z -uall [17ms]
2025-01-27 19:35:44.411 [info] > git config --get commit.template [3ms]
2025-01-27 19:35:44.421 [info] > git for-each-ref --format=%(refname)%00%(upstream:short)%00%(objectname)%00%(upstream:track)%00%(upstream:remotename)%00%(upstream:remoteref) refs/heads/master refs/remotes/master [2ms]
2025-01-27 19:35:44.442 [info] > git for-each-ref --sort -committerdate --format %(refname) %(objectname) %(*objectname) [3ms]
2025-01-27 19:35:44.444 [info] > git status -z -uall [15ms]
2025-01-27 19:36:13.331 [info] > git config --get commit.template [10ms]
2025-01-27 19:36:13.332 [info] > git for-each-ref --format=%(refname)%00%(upstream:short)%00%(objectname)%00%(upstream:track)%00%(upstream:remotename)%00%(upstream:remoteref) refs/heads/master refs/remotes/master [2ms]
2025-01-27 19:36:13.352 [info] > git for-each-ref --sort -committerdate --format %(refname) %(objectname) %(*objectname) [3ms]
2025-01-27 19:36:13.356 [info] > git status -z -uall [15ms]
2025-01-27 19:36:18.379 [info] > git config --get commit.template [11ms]
2025-01-27 19:36:18.380 [info] > git for-each-ref --format=%(refname)%00%(upstream:short)%00%(objectname)%00%(upstream:track)%00%(upstream:remotename)%00%(upstream:remoteref) refs/heads/master refs/remotes/master [3ms]
2025-01-27 19:36:18.400 [info] > git for-each-ref --sort -committerdate --format %(refname) %(objectname) %(*objectname) [3ms]
2025-01-27 19:36:18.404 [info] > git status -z -uall [15ms]
2025-01-27 19:36:23.425 [info] > git config --get commit.template [9ms]
2025-01-27 19:36:23.427 [info] > git for-each-ref --format=%(refname)%00%(upstream:short)%00%(objectname)%00%(upstream:track)%00%(upstream:remotename)%00%(upstream:remoteref) refs/heads/master refs/remotes/master [2ms]
2025-01-27 19:36:23.446 [info] > git for-each-ref --sort -committerdate --format %(refname) %(objectname) %(*objectname) [2ms]
2025-01-27 19:36:23.451 [info] > git status -z -uall [16ms]
2025-01-27 19:36:28.473 [info] > git config --get commit.template [9ms]
2025-01-27 19:36:28.475 [info] > git for-each-ref --format=%(refname)%00%(upstream:short)%00%(objectname)%00%(upstream:track)%00%(upstream:remotename)%00%(upstream:remoteref) refs/heads/master refs/remotes/master [3ms]
2025-01-27 19:36:28.495 [info] > git for-each-ref --sort -committerdate --format %(refname) %(objectname) %(*objectname) [2ms]
2025-01-27 19:36:28.499 [info] > git status -z -uall [15ms]
2025-01-27 19:36:33.520 [info] > git config --get commit.template [9ms]
2025-01-27 19:36:33.521 [info] > git for-each-ref --format=%(refname)%00%(upstream:short)%00%(objectname)%00%(upstream:track)%00%(upstream:remotename)%00%(upstream:remoteref) refs/heads/master refs/remotes/master [2ms]
2025-01-27 19:36:33.542 [info] > git for-each-ref --sort -committerdate --format %(refname) %(objectname) %(*objectname) [3ms]
2025-01-27 19:36:33.545 [info] > git status -z -uall [15ms]
2025-01-27 19:36:40.460 [info] > git config --get commit.template [9ms]
2025-01-27 19:36:40.461 [info] > git for-each-ref --format=%(refname)%00%(upstream:short)%00%(objectname)%00%(upstream:track)%00%(upstream:remotename)%00%(upstream:remoteref) refs/heads/master refs/remotes/master [2ms]
2025-01-27 19:36:40.481 [info] > git for-each-ref --sort -committerdate --format %(refname) %(objectname) %(*objectname) [2ms]
2025-01-27 19:36:40.484 [info] > git status -z -uall [15ms]
2025-01-27 19:36:45.505 [info] > git config --get commit.template [8ms]
2025-01-27 19:36:45.506 [info] > git for-each-ref --format=%(refname)%00%(upstream:short)%00%(objectname)%00%(upstream:track)%00%(upstream:remotename)%00%(upstream:remoteref) refs/heads/master refs/remotes/master [2ms]
2025-01-27 19:36:45.527 [info] > git for-each-ref --sort -committerdate --format %(refname) %(objectname) %(*objectname) [3ms]
2025-01-27 19:36:45.530 [info] > git status -z -uall [16ms]
2025-01-27 19:36:50.544 [info] > git config --get commit.template [2ms]
2025-01-27 19:36:50.553 [info] > git for-each-ref --format=%(refname)%00%(upstream:short)%00%(objectname)%00%(upstream:track)%00%(upstream:remotename)%00%(upstream:remoteref) refs/heads/master refs/remotes/master [2ms]
2025-01-27 19:36:50.573 [info] > git for-each-ref --sort -committerdate --format %(refname) %(objectname) %(*objectname) [3ms]
2025-01-27 19:36:50.576 [info] > git status -z -uall [15ms]
2025-01-27 19:36:55.596 [info] > git config --get commit.template [9ms]
2025-01-27 19:36:55.598 [info] > git for-each-ref --format=%(refname)%00%(upstream:short)%00%(objectname)%00%(upstream:track)%00%(upstream:remotename)%00%(upstream:remoteref) refs/heads/master refs/remotes/master [3ms]
2025-01-27 19:36:55.619 [info] > git for-each-ref --sort -committerdate --format %(refname) %(objectname) %(*objectname) [3ms]
2025-01-27 19:36:55.622 [info] > git status -z -uall [16ms]
2025-01-27 19:37:14.151 [info] > git config --get commit.template [8ms]
2025-01-27 19:37:14.152 [info] > git for-each-ref --format=%(refname)%00%(upstream:short)%00%(objectname)%00%(upstream:track)%00%(upstream:remotename)%00%(upstream:remoteref) refs/heads/master refs/remotes/master [2ms]
2025-01-27 19:37:14.172 [info] > git for-each-ref --sort -committerdate --format %(refname) %(objectname) %(*objectname) [3ms]
2025-01-27 19:37:14.175 [info] > git status -z -uall [15ms]
2025-01-27 19:37:19.195 [info] > git config --get commit.template [8ms]
2025-01-27 19:37:19.197 [info] > git for-each-ref --format=%(refname)%00%(upstream:short)%00%(objectname)%00%(upstream:track)%00%(upstream:remotename)%00%(upstream:remoteref) refs/heads/master refs/remotes/master [2ms]
2025-01-27 19:37:19.216 [info] > git for-each-ref --sort -committerdate --format %(refname) %(objectname) %(*objectname) [3ms]
2025-01-27 19:37:19.219 [info] > git status -z -uall [14ms]
2025-01-27 19:37:24.240 [info] > git config --get commit.template [9ms]
2025-01-27 19:37:24.242 [info] > git for-each-ref --format=%(refname)%00%(upstream:short)%00%(objectname)%00%(upstream:track)%00%(upstream:remotename)%00%(upstream:remoteref) refs/heads/master refs/remotes/master [3ms]
2025-01-27 19:37:24.262 [info] > git for-each-ref --sort -committerdate --format %(refname) %(objectname) %(*objectname) [3ms]
2025-01-27 19:37:24.265 [info] > git status -z -uall [15ms]
2025-01-27 19:37:29.286 [info] > git config --get commit.template [10ms]
2025-01-27 19:37:29.288 [info] > git for-each-ref --format=%(refname)%00%(upstream:short)%00%(objectname)%00%(upstream:track)%00%(upstream:remotename)%00%(upstream:remoteref) refs/heads/master refs/remotes/master [3ms]
2025-01-27 19:37:29.307 [info] > git for-each-ref --sort -committerdate --format %(refname) %(objectname) %(*objectname) [2ms]
2025-01-27 19:37:29.311 [info] > git status -z -uall [15ms]
2025-01-27 19:37:34.336 [info] > git config --get commit.template [11ms]
2025-01-27 19:37:34.336 [info] > git for-each-ref --format=%(refname)%00%(upstream:short)%00%(objectname)%00%(upstream:track)%00%(upstream:remotename)%00%(upstream:remoteref) refs/heads/master refs/remotes/master [3ms]
2025-01-27 19:37:34.358 [info] > git for-each-ref --sort -committerdate --format %(refname) %(objectname) %(*objectname) [3ms]
2025-01-27 19:37:34.361 [info] > git status -z -uall [15ms]
2025-01-27 19:37:39.383 [info] > git config --get commit.template [9ms]
2025-01-27 19:37:39.384 [info] > git for-each-ref --format=%(refname)%00%(upstream:short)%00%(objectname)%00%(upstream:track)%00%(upstream:remotename)%00%(upstream:remoteref) refs/heads/master refs/remotes/master [2ms]
2025-01-27 19:37:39.404 [info] > git for-each-ref --sort -committerdate --format %(refname) %(objectname) %(*objectname) [3ms]
2025-01-27 19:37:39.407 [info] > git status -z -uall [15ms]
2025-01-27 19:37:44.430 [info] > git config --get commit.template [9ms]
2025-01-27 19:37:44.432 [info] > git for-each-ref --format=%(refname)%00%(upstream:short)%00%(objectname)%00%(upstream:track)%00%(upstream:remotename)%00%(upstream:remoteref) refs/heads/master refs/remotes/master [3ms]
2025-01-27 19:37:44.453 [info] > git for-each-ref --sort -committerdate --format %(refname) %(objectname) %(*objectname) [2ms]
2025-01-27 19:37:44.456 [info] > git status -z -uall [15ms]
2025-01-27 19:37:54.927 [info] > git config --get commit.template [2ms]
2025-01-27 19:37:54.938 [info] > git for-each-ref --format=%(refname)%00%(upstream:short)%00%(objectname)%00%(upstream:track)%00%(upstream:remotename)%00%(upstream:remoteref) refs/heads/master refs/remotes/master [3ms]
2025-01-27 19:37:54.957 [info] > git for-each-ref --sort -committerdate --format %(refname) %(objectname) %(*objectname) [2ms]
2025-01-27 19:37:54.962 [info] > git status -z -uall [16ms]
2025-01-27 19:37:59.982 [info] > git config --get commit.template [9ms]
2025-01-27 19:37:59.984 [info] > git for-each-ref --format=%(refname)%00%(upstream:short)%00%(objectname)%00%(upstream:track)%00%(upstream:remotename)%00%(upstream:remoteref) refs/heads/master refs/remotes/master [2ms]
2025-01-27 19:38:00.004 [info] > git for-each-ref --sort -committerdate --format %(refname) %(objectname) %(*objectname) [3ms]
2025-01-27 19:38:00.007 [info] > git status -z -uall [15ms]
2025-01-27 19:38:05.021 [info] > git config --get commit.template [2ms]
2025-01-27 19:38:05.030 [info] > git for-each-ref --format=%(refname)%00%(upstream:short)%00%(objectname)%00%(upstream:track)%00%(upstream:remotename)%00%(upstream:remoteref) refs/heads/master refs/remotes/master [2ms]
2025-01-27 19:38:05.050 [info] > git for-each-ref --sort -committerdate --format %(refname) %(objectname) %(*objectname) [2ms]
2025-01-27 19:38:05.053 [info] > git status -z -uall [15ms]
2025-01-27 19:38:10.075 [info] > git config --get commit.template [9ms]
2025-01-27 19:38:10.076 [info] > git for-each-ref --format=%(refname)%00%(upstream:short)%00%(objectname)%00%(upstream:track)%00%(upstream:remotename)%00%(upstream:remoteref) refs/heads/master refs/remotes/master [2ms]
2025-01-27 19:38:10.097 [info] > git for-each-ref --sort -committerdate --format %(refname) %(objectname) %(*objectname) [3ms]
2025-01-27 19:38:10.102 [info] > git status -z -uall [18ms]
2025-01-27 19:38:15.116 [info] > git config --get commit.template [3ms]
2025-01-27 19:38:15.126 [info] > git for-each-ref --format=%(refname)%00%(upstream:short)%00%(objectname)%00%(upstream:track)%00%(upstream:remotename)%00%(upstream:remoteref) refs/heads/master refs/remotes/master [3ms]
2025-01-27 19:38:15.146 [info] > git for-each-ref --sort -committerdate --format %(refname) %(objectname) %(*objectname) [3ms]
2025-01-27 19:38:15.150 [info] > git status -z -uall [16ms]
2025-01-27 19:38:34.438 [info] > git config --get commit.template [10ms]
2025-01-27 19:38:34.440 [info] > git for-each-ref --format=%(refname)%00%(upstream:short)%00%(objectname)%00%(upstream:track)%00%(upstream:remotename)%00%(upstream:remoteref) refs/heads/master refs/remotes/master [3ms]
2025-01-27 19:38:34.460 [info] > git for-each-ref --sort -committerdate --format %(refname) %(objectname) %(*objectname) [3ms]
2025-01-27 19:38:34.463 [info] > git status -z -uall [15ms]
2025-01-27 19:38:46.136 [info] > git config --get commit.template [8ms]
2025-01-27 19:38:46.138 [info] > git for-each-ref --format=%(refname)%00%(upstream:short)%00%(objectname)%00%(upstream:track)%00%(upstream:remotename)%00%(upstream:remoteref) refs/heads/master refs/remotes/master [3ms]
2025-01-27 19:38:46.157 [info] > git for-each-ref --sort -committerdate --format %(refname) %(objectname) %(*objectname) [2ms]
2025-01-27 19:38:46.162 [info] > git status -z -uall [16ms]
2025-01-27 19:38:51.177 [info] > git config --get commit.template [3ms]
2025-01-27 19:38:51.187 [info] > git for-each-ref --format=%(refname)%00%(upstream:short)%00%(objectname)%00%(upstream:track)%00%(upstream:remotename)%00%(upstream:remoteref) refs/heads/master refs/remotes/master [2ms]
2025-01-27 19:38:51.207 [info] > git for-each-ref --sort -committerdate --format %(refname) %(objectname) %(*objectname) [3ms]
2025-01-27 19:38:51.211 [info] > git status -z -uall [15ms]
2025-01-27 19:38:56.231 [info] > git config --get commit.template [9ms]
2025-01-27 19:38:56.233 [info] > git for-each-ref --format=%(refname)%00%(upstream:short)%00%(objectname)%00%(upstream:track)%00%(upstream:remotename)%00%(upstream:remoteref) refs/heads/master refs/remotes/master [2ms]
2025-01-27 19:38:56.254 [info] > git for-each-ref --sort -committerdate --format %(refname) %(objectname) %(*objectname) [3ms]
2025-01-27 19:38:56.257 [info] > git status -z -uall [14ms]
2025-01-27 19:39:01.277 [info] > git config --get commit.template [9ms]
2025-01-27 19:39:01.279 [info] > git for-each-ref --format=%(refname)%00%(upstream:short)%00%(objectname)%00%(upstream:track)%00%(upstream:remotename)%00%(upstream:remoteref) refs/heads/master refs/remotes/master [3ms]
2025-01-27 19:39:01.301 [info] > git for-each-ref --sort -committerdate --format %(refname) %(objectname) %(*objectname) [3ms]
2025-01-27 19:39:01.305 [info] > git status -z -uall [17ms]
2025-01-27 19:39:01.568 [info] > git ls-files --stage -- /home/stevenlagadapati1012/app.py [2ms]
2025-01-27 19:39:01.578 [info] > git cat-file -s 1b9bb5d6fe46dca03a9209273b554bce69928014 [1ms]
2025-01-27 19:39:01.637 [info] > git show --textconv :app.py [3ms]
2025-01-27 19:39:06.325 [info] > git config --get commit.template [8ms]
2025-01-27 19:39:06.326 [info] > git for-each-ref --format=%(refname)%00%(upstream:short)%00%(objectname)%00%(upstream:track)%00%(upstream:remotename)%00%(upstream:remoteref) refs/heads/master refs/remotes/master [2ms]
2025-01-27 19:39:06.347 [info] > git for-each-ref --sort -committerdate --format %(refname) %(objectname) %(*objectname) [3ms]
2025-01-27 19:39:06.350 [info] > git status -z -uall [15ms]
2025-01-27 19:39:11.372 [info] > git config --get commit.template [9ms]
2025-01-27 19:39:11.374 [info] > git for-each-ref --format=%(refname)%00%(upstream:short)%00%(objectname)%00%(upstream:track)%00%(upstream:remotename)%00%(upstream:remoteref) refs/heads/master refs/remotes/master [2ms]
2025-01-27 19:39:11.394 [info] > git for-each-ref --sort -committerdate --format %(refname) %(objectname) %(*objectname) [2ms]
2025-01-27 19:39:11.398 [info] > git status -z -uall [16ms]
2025-01-27 19:39:16.422 [info] > git config --get commit.template [11ms]
2025-01-27 19:39:16.422 [info] > git for-each-ref --format=%(refname)%00%(upstream:short)%00%(objectname)%00%(upstream:track)%00%(upstream:remotename)%00%(upstream:remoteref) refs/heads/master refs/remotes/master [4ms]
2025-01-27 19:39:16.443 [info] > git for-each-ref --sort -committerdate --format %(refname) %(objectname) %(*objectname) [2ms]
2025-01-27 19:39:16.446 [info] > git status -z -uall [14ms]
2025-01-27 19:39:21.466 [info] > git config --get commit.template [8ms]
2025-01-27 19:39:21.467 [info] > git for-each-ref --format=%(refname)%00%(upstream:short)%00%(objectname)%00%(upstream:track)%00%(upstream:remotename)%00%(upstream:remoteref) refs/heads/master refs/remotes/master [2ms]
2025-01-27 19:39:21.488 [info] > git for-each-ref --sort -committerdate --format %(refname) %(objectname) %(*objectname) [3ms]
2025-01-27 19:39:21.490 [info] > git status -z -uall [15ms]
2025-01-27 19:39:26.510 [info] > git config --get commit.template [9ms]
2025-01-27 19:39:26.512 [info] > git for-each-ref --format=%(refname)%00%(upstream:short)%00%(objectname)%00%(upstream:track)%00%(upstream:remotename)%00%(upstream:remoteref) refs/heads/master refs/remotes/master [3ms]
2025-01-27 19:39:26.531 [info] > git for-each-ref --sort -committerdate --format %(refname) %(objectname) %(*objectname) [3ms]
2025-01-27 19:39:26.535 [info] > git status -z -uall [14ms]
2025-01-27 19:39:31.556 [info] > git config --get commit.template [8ms]
2025-01-27 19:39:31.557 [info] > git for-each-ref --format=%(refname)%00%(upstream:short)%00%(objectname)%00%(upstream:track)%00%(upstream:remotename)%00%(upstream:remoteref) refs/heads/master refs/remotes/master [2ms]
2025-01-27 19:39:31.577 [info] > git for-each-ref --sort -committerdate --format %(refname) %(objectname) %(*objectname) [3ms]
2025-01-27 19:39:31.581 [info] > git status -z -uall [16ms]
2025-01-27 19:39:49.592 [info] > git config --get commit.template [9ms]
2025-01-27 19:39:49.593 [info] > git for-each-ref --format=%(refname)%00%(upstream:short)%00%(objectname)%00%(upstream:track)%00%(upstream:remotename)%00%(upstream:remoteref) refs/heads/master refs/remotes/master [2ms]
2025-01-27 19:39:49.615 [info] > git for-each-ref --sort -committerdate --format %(refname) %(objectname) %(*objectname) [3ms]
2025-01-27 19:39:49.619 [info] > git status -z -uall [16ms]
2025-01-27 19:39:54.640 [info] > git config --get commit.template [9ms]
2025-01-27 19:39:54.642 [info] > git for-each-ref --format=%(refname)%00%(upstream:short)%00%(objectname)%00%(upstream:track)%00%(upstream:remotename)%00%(upstream:remoteref) refs/heads/master refs/remotes/master [3ms]
2025-01-27 19:39:54.663 [info] > git for-each-ref --sort -committerdate --format %(refname) %(objectname) %(*objectname) [3ms]
2025-01-27 19:39:54.666 [info] > git status -z -uall [15ms]
2025-01-27 19:39:59.680 [info] > git config --get commit.template [2ms]
2025-01-27 19:39:59.690 [info] > git for-each-ref --format=%(refname)%00%(upstream:short)%00%(objectname)%00%(upstream:track)%00%(upstream:remotename)%00%(upstream:remoteref) refs/heads/master refs/remotes/master [2ms]
2025-01-27 19:39:59.710 [info] > git for-each-ref --sort -committerdate --format %(refname) %(objectname) %(*objectname) [3ms]
2025-01-27 19:39:59.713 [info] > git status -z -uall [15ms]
2025-01-27 19:40:04.734 [info] > git config --get commit.template [9ms]
2025-01-27 19:40:04.735 [info] > git for-each-ref --format=%(refname)%00%(upstream:short)%00%(objectname)%00%(upstream:track)%00%(upstream:remotename)%00%(upstream:remoteref) refs/heads/master refs/remotes/master [2ms]
2025-01-27 19:40:04.755 [info] > git for-each-ref --sort -committerdate --format %(refname) %(objectname) %(*objectname) [2ms]
2025-01-27 19:40:04.758 [info] > git status -z -uall [14ms]
2025-01-27 19:40:09.783 [info] > git config --get commit.template [11ms]
2025-01-27 19:40:09.784 [info] > git for-each-ref --format=%(refname)%00%(upstream:short)%00%(objectname)%00%(upstream:track)%00%(upstream:remotename)%00%(upstream:remoteref) refs/heads/master refs/remotes/master [4ms]
2025-01-27 19:40:09.806 [info] > git for-each-ref --sort -committerdate --format %(refname) %(objectname) %(*objectname) [2ms]
2025-01-27 19:40:09.810 [info] > git status -z -uall [16ms]
2025-01-27 19:40:14.831 [info] > git config --get commit.template [10ms]
2025-01-27 19:40:14.832 [info] > git for-each-ref --format=%(refname)%00%(upstream:short)%00%(objectname)%00%(upstream:track)%00%(upstream:remotename)%00%(upstream:remoteref) refs/heads/master refs/remotes/master [2ms]
2025-01-27 19:40:14.853 [info] > git for-each-ref --sort -committerdate --format %(refname) %(objectname) %(*objectname) [3ms]
2025-01-27 19:40:14.857 [info] > git status -z -uall [16ms]
2025-01-27 19:40:19.871 [info] > git config --get commit.template [2ms]
2025-01-27 19:40:19.881 [info] > git for-each-ref --format=%(refname)%00%(upstream:short)%00%(objectname)%00%(upstream:track)%00%(upstream:remotename)%00%(upstream:remoteref) refs/heads/master refs/remotes/master [2ms]
2025-01-27 19:40:19.901 [info] > git for-each-ref --sort -committerdate --format %(refname) %(objectname) %(*objectname) [2ms]
2025-01-27 19:40:19.905 [info] > git status -z -uall [16ms]
2025-01-27 19:40:24.925 [info] > git config --get commit.template [8ms]
2025-01-27 19:40:24.926 [info] > git for-each-ref --format=%(refname)%00%(upstream:short)%00%(objectname)%00%(upstream:track)%00%(upstream:remotename)%00%(upstream:remoteref) refs/heads/master refs/remotes/master [2ms]
2025-01-27 19:40:24.946 [info] > git for-each-ref --sort -committerdate --format %(refname) %(objectname) %(*objectname) [3ms]
2025-01-27 19:40:24.950 [info] > git status -z -uall [16ms]
