Initializing document watcher...
Document watcher initialized
stevenlagadapati1012/app.py: {}
stevenlagadapati1012/app.py: {}
stevenlagadapati1012/app.py: {}
stevenlagadapati1012/app.py: {}
stevenlagadapati1012/app1.py: {}
stevenlagadapati1012/app1.py: {}
stevenlagadapati1012/tts/tts_20250127-010638AM.wav.txt: {}
stevenlagadapati1012/tts/tts_20250127-010638AM.wav.txt: {}
stevenlagadapati1012/tts/tts_20250127-010638AM.wav.txt: {}
stevenlagadapati1012/tts/tts_20250127-010638AM.wav.txt: {}
stevenlagadapati1012/app1.py: {}
stevenlagadapati1012/app1.py: {}
stevenlagadapati1012/app1.py: {}
stevenlagadapati1012/app1.py: {}
stevenlagadapati1012/app1.py: {}
stevenlagadapati1012/app1.py: Using EditorConfig core...
stevenlagadapati1012/app1.py: Using EditorConfig core...
stevenlagadapati1012/app1.py: {}
stevenlagadapati1012/app1.py: Using EditorConfig core...
stevenlagadapati1012/app1.py: Using EditorConfig core...
stevenlagadapati1012/app1.py: Using EditorConfig core...
stevenlagadapati1012/app1.py: {}
stevenlagadapati1012/app1.py: {}
stevenlagadapati1012/app1.py: {}
stevenlagadapati1012/app1.py: {}
stevenlagadapati1012/app1.py: Using EditorConfig core...
stevenlagadapati1012/app1.py: Using EditorConfig core...
stevenlagadapati1012/app1.py: {}
stevenlagadapati1012/app1.py: {}
stevenlagadapati1012/app1.py: {}
stevenlagadapati1012/app1.py: {}
stevenlagadapati1012/app1.py: Using EditorConfig core...
stevenlagadapati1012/app1.py: Using EditorConfig core...
stevenlagadapati1012/app1.py: Using EditorConfig core...
stevenlagadapati1012/app1.py: {}
stevenlagadapati1012/app1.py: Using EditorConfig core...
stevenlagadapati1012/app1.py: Using EditorConfig core...
stevenlagadapati1012/app1.py: Using EditorConfig core...
stevenlagadapati1012/app1.py: Using EditorConfig core...
stevenlagadapati1012/app1.py: Using EditorConfig core...
stevenlagadapati1012/app1.py: Using EditorConfig core...
stevenlagadapati1012/app1.py: Using EditorConfig core...
stevenlagadapati1012/app1.py: Using EditorConfig core...
stevenlagadapati1012/app1.py: Using EditorConfig core...
stevenlagadapati1012/app1.py: Using EditorConfig core...
stevenlagadapati1012/app1.py: Using EditorConfig core...
stevenlagadapati1012/app1.py: {}
stevenlagadapati1012/app1.py: {}
stevenlagadapati1012/app.py: {}
stevenlagadapati1012/app.py: {}
stevenlagadapati1012/app.py: Using EditorConfig core...
stevenlagadapati1012/app.py: {}
stevenlagadapati1012/app.py: Using EditorConfig core...
stevenlagadapati1012/app.py: {}
stevenlagadapati1012/app.py: Using EditorConfig core...
stevenlagadapati1012/app.py: Using EditorConfig core...
stevenlagadapati1012/app.py: Using EditorConfig core...
stevenlagadapati1012/app.py: Using EditorConfig core...
stevenlagadapati1012/app.py: Using EditorConfig core...
stevenlagadapati1012/app.py: Using EditorConfig core...
stevenlagadapati1012/app.py: Using EditorConfig core...
stevenlagadapati1012/app.py: Using EditorConfig core...
stevenlagadapati1012/app.py: Using EditorConfig core...
stevenlagadapati1012/app.py: Using EditorConfig core...
stevenlagadapati1012/app.py: Using EditorConfig core...
stevenlagadapati1012/app.py: Using EditorConfig core...
stevenlagadapati1012/app.py: Using EditorConfig core...
stevenlagadapati1012/app.py: Using EditorConfig core...
stevenlagadapati1012/app.py: Using EditorConfig core...
stevenlagadapati1012/app.py: Using EditorConfig core...
stevenlagadapati1012/app.py: Using EditorConfig core...
stevenlagadapati1012/app.py: {}
stevenlagadapati1012/app.py: {}
stevenlagadapati1012/app.py: Using EditorConfig core...
stevenlagadapati1012/app.py: {}
stevenlagadapati1012/app.py: {}
stevenlagadapati1012/app.py: {}
stevenlagadapati1012/app.py: {}
stevenlagadapati1012/app.py: Using EditorConfig core...
stevenlagadapati1012/app.py: Using EditorConfig core...
stevenlagadapati1012/app.py: Using EditorConfig core...
stevenlagadapati1012/app.py: Using EditorConfig core...
stevenlagadapati1012/app.py: Using EditorConfig core...
stevenlagadapati1012/app.py: {}
stevenlagadapati1012/app.py: Using EditorConfig core...
stevenlagadapati1012/app.py: {}
stevenlagadapati1012/app.py: {}
stevenlagadapati1012/main.py: {}
stevenlagadapati1012/main.py: Using EditorConfig core...
stevenlagadapati1012/main.py: Using EditorConfig core...
stevenlagadapati1012/main.py: {}
stevenlagadapati1012/tts/tts_20250127-010638AM.wav.txt: {}
stevenlagadapati1012/tts/tts_20250127-011250AM.wav.txt: {}
stevenlagadapati1012/tts/tts_20250127-010638AM.wav.txt: {}
stevenlagadapati1012/main.py: {}
stevenlagadapati1012/main.py: {}
stevenlagadapati1012/main.py: {}
stevenlagadapati1012/main.py: {}
stevenlagadapati1012/main.py: {}
stevenlagadapati1012/main.py: Using EditorConfig core...
stevenlagadapati1012/main.py: Using EditorConfig core...
stevenlagadapati1012/main.py: Using EditorConfig core...
stevenlagadapati1012/main.py: {}
stevenlagadapati1012/main.py: Using EditorConfig core...
stevenlagadapati1012/main.py: Using EditorConfig core...
stevenlagadapati1012/main.py: {}
stevenlagadapati1012/main.py: {}
stevenlagadapati1012/uploads/tts_20250127-012705AM.wav.txt: {}
stevenlagadapati1012/main.py: {}
stevenlagadapati1012/main.py: {}
stevenlagadapati1012/uploads/tts_20250127-012705AM.wav.txt: {}
stevenlagadapati1012/main.py: {}
stevenlagadapati1012/app.py: {}
stevenlagadapati1012/app.py: {}
stevenlagadapati1012/uploads/tts_20250127-012929AM.wav.txt: {}
stevenlagadapati1012/app.py: {}
stevenlagadapati1012/app.py: {}
stevenlagadapati1012/uploads/tts_20250127-013212AM.wav.txt: {}
stevenlagadapati1012/uploads/tts_20250127-013212AM.wav.txt: Using EditorConfig core...
stevenlagadapati1012/app.py: {}
stevenlagadapati1012/app.py: {}
stevenlagadapati1012/tts/tts_20250127-010638AM.wav.txt: {}
stevenlagadapati1012/app.py: {}
stevenlagadapati1012/app.py: {}
stevenlagadapati1012/tts/tts_20250127-011250AM.wav.txt: {}
stevenlagadapati1012/app.py: {}
stevenlagadapati1012/app.py: {}
stevenlagadapati1012/app.py: {}
stevenlagadapati1012/app.py: {}
stevenlagadapati1012/app.py: {}
stevenlagadapati1012/app.py: Using EditorConfig core...
stevenlagadapati1012/app.py: {}
stevenlagadapati1012/app.py: {}
stevenlagadapati1012/app.py: {}
stevenlagadapati1012/app.py: {}
stevenlagadapati1012/app.py: {}
stevenlagadapati1012/templates/index.html: {}
stevenlagadapati1012/templates/index.html: Using EditorConfig core...
stevenlagadapati1012/procfile: {}
stevenlagadapati1012/procfile: {}
stevenlagadapati1012/README-cloudshell.txt: {}
stevenlagadapati1012/requirements.txt: {}
stevenlagadapati1012/script.js: {}
stevenlagadapati1012/script.js: {}
stevenlagadapati1012/script.js: Using EditorConfig core...
stevenlagadapati1012/script.js: {}
stevenlagadapati1012/uploads/tts_20250127-013858AM.wav.txt: {}
stevenlagadapati1012/uploads/tts_20250127-013616AM.wav.txt: {}
stevenlagadapati1012/uploads/tts_20250127-013616AM.wav.txt: {}
stevenlagadapati1012/main.py: {}
stevenlagadapati1012/main.py: {}
stevenlagadapati1012/main.py: {}
stevenlagadapati1012/templates/index.html: {}
stevenlagadapati1012/app1.py: {}
stevenlagadapati1012/app.py: {}
stevenlagadapati1012/app1.py: {}
stevenlagadapati1012/main.py: {}
stevenlagadapati1012/app1.py: {}
stevenlagadapati1012/app.py: {}
stevenlagadapati1012/gpt.py: {}
stevenlagadapati1012/main.py: {}
stevenlagadapati1012/gpt.py: {}
stevenlagadapati1012/app1.py: {}
stevenlagadapati1012/app1.py: {}
stevenlagadapati1012/app1.py: {}
