Initializing document watcher...
Document watcher initialized
stevenlagadapati1012/app.py: {}
stevenlagadapati1012/app.py: Using EditorConfig core...
stevenlagadapati1012/app.py: {}
stevenlagadapati1012/app.py: {}
stevenlagadapati1012/app.py: {}
stevenlagadapati1012/app.py: {}
stevenlagadapati1012/app.py: {}
stevenlagadapati1012/app.py: {}
stevenlagadapati1012/app.py: {}
stevenlagadapati1012/app.py: {}
stevenlagadapati1012/README-cloudshell.txt: {}
stevenlagadapati1012/app.py: {}
stevenlagadapati1012/app.py: {}
stevenlagadapati1012/uploads/20250127-063611AM.wav.txt: {}
stevenlagadapati1012/app.py: {}
stevenlagadapati1012/app.py: {}
stevenlagadapati1012/app.py: {}
stevenlagadapati1012/app.py: {}
stevenlagadapati1012/app.py: {}
stevenlagadapati1012/app.py: {}
stevenlagadapati1012/app.py: {}
