Initializing document watcher...
Document watcher initialized
templates/app.py: {}
templates/app.py: {}
templates/app.py: {}
templates/app.py: Using EditorConfig core...
templates/app.py: Using EditorConfig core...
templates/app.py: {}
templates/procfile: {}
templates/app.py: {}
templates/app.py: {}
templates/app.py: {}
templates/app.py: {}
/home/stevenlagadapati1012/main.py: {}
templates/app.py: {}
templates/app.py: Using EditorConfig core...
templates/app.py: {}
templates/app.py: Using EditorConfig core...
templates/app.py: {}
templates/app.py: Using EditorConfig core...
templates/app.py: Using EditorConfig core...
templates/app.py: {}
/home/stevenlagadapati1012/main.py: {}
templates/app.py: {}
templates/templates/index.html: {}
templates/app.py: {}
templates/app.py: {}
templates/app.py: {}
templates/app.py: {}
templates/app.py: {}
templates/app.py: {}
templates/app.py: {}
templates/app.py: {}
templates/app.py: {}
templates/app.py: {}
templates/app.py: {}
templates/app.py: {}
templates/app.py: {}
templates/app.py: {}
templates/app.py: {}
templates/app.py: {}
templates/app.py: {}
