2025-01-27 06:43:37.425 [info] Extension host with pid 20312 started
2025-01-27 06:43:37.426 [error] Error: EEXIST: file already exists, open '/home/stevenlagadapati1012/.codeoss/data/User/workspaceStorage/3dace943/vscode.lock'
2025-01-27 06:43:37.430 [info] Lock '/home/stevenlagadapati1012/.codeoss/data/User/workspaceStorage/3dace943/vscode.lock': Could not acquire lock, checking if the file is stale.
2025-01-27 06:43:37.435 [info] Lock '/home/stevenlagadapati1012/.codeoss/data/User/workspaceStorage/3dace943/vscode.lock': The lock does not look stale, elapsed: 236 ms, giving up.
2025-01-27 06:43:37.447 [info] Lock '/home/stevenlagadapati1012/.codeoss/data/User/workspaceStorage/3dace943-1/vscode.lock': Lock acquired.
2025-01-27 06:43:37.502 [info] ExtensionService#_doActivateExtension vscode.git-base, startup: true, activationEvent: '*', root cause: vscode.git
2025-01-27 06:43:37.566 [info] ExtensionService#_doActivateExtension vscode.git, startup: true, activationEvent: '*'
2025-01-27 06:43:37.567 [info] ExtensionService#_doActivateExtension vscode.github, startup: true, activationEvent: '*'
2025-01-27 06:43:37.778 [info] Eager extensions activated
2025-01-27 06:43:37.778 [info] ExtensionService#_doActivateExtension EditorConfig.EditorConfig, startup: false, activationEvent: 'onStartupFinished'
2025-01-27 06:43:37.778 [info] ExtensionService#_doActivateExtension google.cloud-shell, startup: false, activationEvent: 'onStartupFinished'
2025-01-27 06:43:37.779 [info] ExtensionService#_doActivateExtension google.geminicodeassist, startup: false, activationEvent: 'onStartupFinished', root cause: googlecloudtools.cloudcode
2025-01-27 06:43:37.779 [info] ExtensionService#_doActivateExtension vscode.debug-auto-launch, startup: false, activationEvent: 'onStartupFinished'
2025-01-27 06:43:37.780 [info] ExtensionService#_doActivateExtension vscode.merge-conflict, startup: false, activationEvent: 'onStartupFinished'
2025-01-27 06:43:39.086 [info] ExtensionService#_doActivateExtension googlecloudtools.cloudcode, startup: false, activationEvent: 'onStartupFinished'
2025-01-27 06:43:40.999 [info] ExtensionService#_doActivateExtension vscode.configuration-editing, startup: false, activationEvent: 'onLanguage:jsonc'
2025-01-27 06:43:40.999 [info] ExtensionService#_doActivateExtension vscode.json-language-features, startup: false, activationEvent: 'onLanguage:jsonc'
2025-01-27 06:43:40.999 [info] ExtensionService#_doActivateExtension vscode.typescript-language-features, startup: false, activationEvent: 'onLanguage:jsonc'
2025-01-27 06:43:40.999 [info] ExtensionService#_doActivateExtension vscode.emmet, startup: false, activationEvent: 'onLanguage'
2025-01-27 06:43:46.367 [info] ExtensionService#_doActivateExtension vscode.html-language-features, startup: false, activationEvent: 'onLanguage:html'
2025-01-27 06:44:36.837 [info] ExtensionService#_doActivateExtension ms-python.python, startup: false, activationEvent: 'onLanguage:python'
2025-01-27 06:44:37.248 [error] Error: spawn /google/devshell/editor/code-oss-for-cloud-shell/extensions/ms-python.python/python-env-tools/bin/pet ENOENT
    at Process.ChildProcess._handle.onexit (node:internal/child_process:286:19)
    at onErrorNT (node:internal/child_process:484:16)
    at processTicksAndRejections (node:internal/process/task_queues:82:21)
2025-01-27 06:53:47.961 [info] Extension host terminating: renderer disconnected for too long (2)
2025-01-27 06:53:47.962 [info] Lock '/home/stevenlagadapati1012/.codeoss/data/User/workspaceStorage/3dace943-1/vscode.lock': Marking the lockfile as scheduled to be released in 6000 ms.
2025-01-27 06:53:48.048 [info] Extension host with pid 20312 exiting with code 0
