2025-01-27 06:50:39.063 [info] [main] Log level: Info
2025-01-27 06:50:39.063 [info] [main] Validating found git in: "git"
2025-01-27 06:50:39.063 [info] [main] Using git "2.43.0" from "git"
2025-01-27 06:50:39.063 [info] [Model][doInitialScan] Initial repository scan started
2025-01-27 06:50:39.063 [info] > git rev-parse --show-toplevel [262ms]
2025-01-27 06:50:39.063 [info] > git rev-parse --git-dir --git-common-dir [9ms]
2025-01-27 06:50:39.063 [info] [Model][openRepository] Opened repository: /home/stevenlagadapati1012
2025-01-27 06:50:39.063 [info] > git rev-parse --show-toplevel [1444ms]
2025-01-27 06:50:39.063 [info] > git config --get commit.template [1449ms]
2025-01-27 06:50:39.186 [info] > git for-each-ref --format=%(refname)%00%(upstream:short)%00%(objectname)%00%(upstream:track)%00%(upstream:remotename)%00%(upstream:remoteref) refs/heads/main refs/remotes/main [118ms]
2025-01-27 06:50:39.198 [info] > git rev-parse --show-toplevel [145ms]
2025-01-27 06:50:39.199 [info] [Model][doInitialScan] Initial repository scan completed - repositories (1), closed repositories (0), parent repositories (0), unsafe repositories (0)
2025-01-27 06:50:39.479 [info] > git status -z -uall [287ms]
2025-01-27 06:50:39.479 [info] > git show --textconv :templates/app.py [272ms]
2025-01-27 06:50:39.481 [info] > git for-each-ref --sort -committerdate --format %(refname) %(objectname) %(*objectname) [283ms]
2025-01-27 06:50:39.532 [info] > git ls-files --stage -- /home/stevenlagadapati1012/templates/app.py [317ms]
2025-01-27 06:50:41.568 [info] > git check-ignore -v -z --stdin [2030ms]
2025-01-27 06:50:41.576 [info] > git for-each-ref --format=%(refname)%00%(upstream:short)%00%(objectname)%00%(upstream:track)%00%(upstream:remotename)%00%(upstream:remoteref) refs/heads/main refs/remotes/main [2048ms]
2025-01-27 06:50:41.762 [info] > git config --local branch.main.vscode-merge-base [176ms]
2025-01-27 06:50:41.762 [warning] [Git][config] git config failed: Failed to execute git
2025-01-27 06:50:41.769 [info] > git config --get commit.template [2225ms]
2025-01-27 06:50:41.798 [info] > git reflog main --grep-reflog=branch: Created from *. [30ms]
2025-01-27 06:50:41.937 [info] > git for-each-ref --format=%(refname)%00%(upstream:short)%00%(objectname)%00%(upstream:track)%00%(upstream:remotename)%00%(upstream:remoteref) refs/heads/main refs/remotes/main [156ms]
2025-01-27 06:50:41.971 [info] > git status -z -uall [27ms]
2025-01-27 06:50:41.972 [info] > git symbolic-ref --short refs/remotes/origin/HEAD [167ms]
2025-01-27 06:50:41.972 [info] fatal: ref refs/remotes/origin/HEAD is not a symbolic ref
2025-01-27 06:50:41.972 [warning] [Repository][getDefaultBranch] Failed to get default branch details: Failed to execute git.
2025-01-27 06:50:41.989 [info] > git for-each-ref --sort -committerdate --format %(refname) %(objectname) %(*objectname) [37ms]
2025-01-27 06:50:47.189 [info] > git config --get commit.template [47ms]
2025-01-27 06:50:47.214 [info] > git for-each-ref --format=%(refname)%00%(upstream:short)%00%(objectname)%00%(upstream:track)%00%(upstream:remotename)%00%(upstream:remoteref) refs/heads/main refs/remotes/main [8ms]
2025-01-27 06:50:47.245 [info] > git for-each-ref --sort -committerdate --format %(refname) %(objectname) %(*objectname) [7ms]
2025-01-27 06:50:47.262 [info] > git status -z -uall [36ms]
2025-01-27 06:51:14.038 [info] > git config --get commit.template [10ms]
2025-01-27 06:51:14.039 [info] > git for-each-ref --format=%(refname)%00%(upstream:short)%00%(objectname)%00%(upstream:track)%00%(upstream:remotename)%00%(upstream:remoteref) refs/heads/main refs/remotes/main [3ms]
2025-01-27 06:51:14.057 [info] > git for-each-ref --sort -committerdate --format %(refname) %(objectname) %(*objectname) [4ms]
2025-01-27 06:51:14.065 [info] > git status -z -uall [19ms]
2025-01-27 06:51:19.093 [info] > git config --get commit.template [10ms]
2025-01-27 06:51:19.093 [info] > git for-each-ref --format=%(refname)%00%(upstream:short)%00%(objectname)%00%(upstream:track)%00%(upstream:remotename)%00%(upstream:remoteref) refs/heads/main refs/remotes/main [2ms]
2025-01-27 06:51:19.111 [info] > git for-each-ref --sort -committerdate --format %(refname) %(objectname) %(*objectname) [3ms]
2025-01-27 06:51:19.119 [info] > git status -z -uall [18ms]
2025-01-27 06:51:48.641 [info] > git show --textconv :templates/procfile [9ms]
2025-01-27 06:51:48.643 [info] > git ls-files --stage -- /home/stevenlagadapati1012/templates/procfile [4ms]
2025-01-27 06:51:50.332 [info] > git show --textconv :templates/app.py [11ms]
2025-01-27 06:51:50.334 [info] > git ls-files --stage -- /home/stevenlagadapati1012/templates/app.py [2ms]
2025-01-27 06:52:04.765 [info] > git log --format=%H%n%aN%n%aE%n%at%n%ct%n%P%n%D%n%B -z -n492 --follow -- /home/stevenlagadapati1012/templates/app.py [3ms]
2025-01-27 06:52:36.226 [info] > git log --format=%H%n%aN%n%aE%n%at%n%ct%n%P%n%D%n%B -z -n492 --follow -- /home/stevenlagadapati1012/main.py [4ms]
2025-01-27 06:52:36.664 [info] > git check-ignore -v -z --stdin [2ms]
2025-01-27 06:52:44.412 [info] > git log --format=%H%n%aN%n%aE%n%at%n%ct%n%P%n%D%n%B -z -n120 --follow -- /home/stevenlagadapati1012/templates/app.py [5ms]
2025-01-27 06:52:44.638 [info] > git show --textconv :templates/app.py [8ms]
2025-01-27 06:52:44.639 [info] > git ls-files --stage -- /home/stevenlagadapati1012/templates/app.py [2ms]
2025-01-27 06:53:55.538 [info] > git config --get commit.template [8ms]
2025-01-27 06:53:55.539 [info] > git for-each-ref --format=%(refname)%00%(upstream:short)%00%(objectname)%00%(upstream:track)%00%(upstream:remotename)%00%(upstream:remoteref) refs/heads/main refs/remotes/main [2ms]
2025-01-27 06:53:55.555 [info] > git for-each-ref --sort -committerdate --format %(refname) %(objectname) %(*objectname) [2ms]
2025-01-27 06:53:55.564 [info] > git status -z -uall [18ms]
2025-01-27 06:54:00.584 [info] > git config --get commit.template [2ms]
2025-01-27 06:54:00.594 [info] > git for-each-ref --format=%(refname)%00%(upstream:short)%00%(objectname)%00%(upstream:track)%00%(upstream:remotename)%00%(upstream:remoteref) refs/heads/main refs/remotes/main [1ms]
2025-01-27 06:54:00.611 [info] > git for-each-ref --sort -committerdate --format %(refname) %(objectname) %(*objectname) [2ms]
2025-01-27 06:54:00.622 [info] > git status -z -uall [21ms]
2025-01-27 06:54:23.316 [info] > git check-ignore -v -z --stdin [2ms]
2025-01-27 06:54:47.606 [info] > git config --get commit.template [8ms]
2025-01-27 06:54:47.607 [info] > git for-each-ref --format=%(refname)%00%(upstream:short)%00%(objectname)%00%(upstream:track)%00%(upstream:remotename)%00%(upstream:remoteref) refs/heads/main refs/remotes/main [2ms]
2025-01-27 06:54:47.623 [info] > git for-each-ref --sort -committerdate --format %(refname) %(objectname) %(*objectname) [2ms]
2025-01-27 06:54:47.632 [info] > git status -z -uall [18ms]
2025-01-27 06:54:52.656 [info] > git config --get commit.template [8ms]
2025-01-27 06:54:52.658 [info] > git for-each-ref --format=%(refname)%00%(upstream:short)%00%(objectname)%00%(upstream:track)%00%(upstream:remotename)%00%(upstream:remoteref) refs/heads/main refs/remotes/main [3ms]
2025-01-27 06:54:52.676 [info] > git for-each-ref --sort -committerdate --format %(refname) %(objectname) %(*objectname) [2ms]
2025-01-27 06:54:52.684 [info] > git status -z -uall [19ms]
2025-01-27 06:54:57.700 [info] > git config --get commit.template [2ms]
2025-01-27 06:54:57.709 [info] > git for-each-ref --format=%(refname)%00%(upstream:short)%00%(objectname)%00%(upstream:track)%00%(upstream:remotename)%00%(upstream:remoteref) refs/heads/main refs/remotes/main [2ms]
2025-01-27 06:54:57.726 [info] > git for-each-ref --sort -committerdate --format %(refname) %(objectname) %(*objectname) [2ms]
2025-01-27 06:54:57.736 [info] > git status -z -uall [19ms]
2025-01-27 06:55:30.160 [info] > git show --textconv :templates/app.py [8ms]
2025-01-27 06:55:30.163 [info] > git ls-files --stage -- /home/stevenlagadapati1012/templates/app.py [2ms]
2025-01-27 06:55:30.840 [info] > git show --textconv :templates/templates/index.html [13ms]
2025-01-27 06:55:30.841 [info] > git ls-files --stage -- /home/stevenlagadapati1012/templates/templates/index.html [5ms]
2025-01-27 06:55:35.319 [info] > git show --textconv :templates/app.py [9ms]
2025-01-27 06:55:35.322 [info] > git ls-files --stage -- /home/stevenlagadapati1012/templates/app.py [4ms]
2025-01-27 06:55:37.638 [info] > git config --get commit.template [9ms]
2025-01-27 06:55:37.639 [info] > git for-each-ref --format=%(refname)%00%(upstream:short)%00%(objectname)%00%(upstream:track)%00%(upstream:remotename)%00%(upstream:remoteref) refs/heads/main refs/remotes/main [2ms]
2025-01-27 06:55:37.656 [info] > git for-each-ref --sort -committerdate --format %(refname) %(objectname) %(*objectname) [2ms]
2025-01-27 06:55:37.665 [info] > git status -z -uall [19ms]
2025-01-27 06:55:42.690 [info] > git for-each-ref --format=%(refname)%00%(upstream:short)%00%(objectname)%00%(upstream:track)%00%(upstream:remotename)%00%(upstream:remoteref) refs/heads/main refs/remotes/main [3ms]
2025-01-27 06:55:42.690 [info] > git config --get commit.template [10ms]
2025-01-27 06:55:42.709 [info] > git for-each-ref --sort -committerdate --format %(refname) %(objectname) %(*objectname) [3ms]
2025-01-27 06:55:42.717 [info] > git status -z -uall [19ms]
2025-01-27 06:55:47.736 [info] > git config --get commit.template [3ms]
2025-01-27 06:55:47.745 [info] > git for-each-ref --format=%(refname)%00%(upstream:short)%00%(objectname)%00%(upstream:track)%00%(upstream:remotename)%00%(upstream:remoteref) refs/heads/main refs/remotes/main [2ms]
2025-01-27 06:55:47.762 [info] > git for-each-ref --sort -committerdate --format %(refname) %(objectname) %(*objectname) [2ms]
2025-01-27 06:55:47.771 [info] > git status -z -uall [19ms]
2025-01-27 06:55:52.796 [info] > git config --get commit.template [7ms]
2025-01-27 06:55:52.798 [info] > git for-each-ref --format=%(refname)%00%(upstream:short)%00%(objectname)%00%(upstream:track)%00%(upstream:remotename)%00%(upstream:remoteref) refs/heads/main refs/remotes/main [2ms]
2025-01-27 06:55:52.814 [info] > git for-each-ref --sort -committerdate --format %(refname) %(objectname) %(*objectname) [3ms]
2025-01-27 06:55:52.823 [info] > git status -z -uall [19ms]
2025-01-27 06:55:57.847 [info] > git config --get commit.template [10ms]
2025-01-27 06:55:57.847 [info] > git for-each-ref --format=%(refname)%00%(upstream:short)%00%(objectname)%00%(upstream:track)%00%(upstream:remotename)%00%(upstream:remoteref) refs/heads/main refs/remotes/main [3ms]
2025-01-27 06:55:57.863 [info] > git for-each-ref --sort -committerdate --format %(refname) %(objectname) %(*objectname) [2ms]
2025-01-27 06:55:57.874 [info] > git status -z -uall [20ms]
2025-01-27 06:56:02.893 [info] > git config --get commit.template [2ms]
2025-01-27 06:56:02.903 [info] > git for-each-ref --format=%(refname)%00%(upstream:short)%00%(objectname)%00%(upstream:track)%00%(upstream:remotename)%00%(upstream:remoteref) refs/heads/main refs/remotes/main [2ms]
2025-01-27 06:56:02.921 [info] > git for-each-ref --sort -committerdate --format %(refname) %(objectname) %(*objectname) [3ms]
2025-01-27 06:56:02.931 [info] > git status -z -uall [21ms]
2025-01-27 06:56:07.955 [info] > git config --get commit.template [8ms]
2025-01-27 06:56:07.957 [info] > git for-each-ref --format=%(refname)%00%(upstream:short)%00%(objectname)%00%(upstream:track)%00%(upstream:remotename)%00%(upstream:remoteref) refs/heads/main refs/remotes/main [3ms]
2025-01-27 06:56:07.974 [info] > git for-each-ref --sort -committerdate --format %(refname) %(objectname) %(*objectname) [2ms]
2025-01-27 06:56:07.982 [info] > git status -z -uall [18ms]
2025-01-27 06:56:13.006 [info] > git config --get commit.template [8ms]
2025-01-27 06:56:13.007 [info] > git for-each-ref --format=%(refname)%00%(upstream:short)%00%(objectname)%00%(upstream:track)%00%(upstream:remotename)%00%(upstream:remoteref) refs/heads/main refs/remotes/main [1ms]
2025-01-27 06:56:13.025 [info] > git for-each-ref --sort -committerdate --format %(refname) %(objectname) %(*objectname) [2ms]
2025-01-27 06:56:13.034 [info] > git status -z -uall [19ms]
2025-01-27 06:56:18.052 [info] > git config --get commit.template [2ms]
2025-01-27 06:56:18.061 [info] > git for-each-ref --format=%(refname)%00%(upstream:short)%00%(objectname)%00%(upstream:track)%00%(upstream:remotename)%00%(upstream:remoteref) refs/heads/main refs/remotes/main [2ms]
2025-01-27 06:56:18.077 [info] > git for-each-ref --sort -committerdate --format %(refname) %(objectname) %(*objectname) [2ms]
2025-01-27 06:56:18.086 [info] > git status -z -uall [18ms]
2025-01-27 06:56:22.849 [info] > git check-ignore -v -z --stdin [3ms]
2025-01-27 06:56:23.109 [info] > git config --get commit.template [8ms]
2025-01-27 06:56:23.111 [info] > git for-each-ref --format=%(refname)%00%(upstream:short)%00%(objectname)%00%(upstream:track)%00%(upstream:remotename)%00%(upstream:remoteref) refs/heads/main refs/remotes/main [2ms]
2025-01-27 06:56:23.129 [info] > git for-each-ref --sort -committerdate --format %(refname) %(objectname) %(*objectname) [2ms]
2025-01-27 06:56:23.138 [info] > git status -z -uall [19ms]
2025-01-27 06:56:48.548 [info] > git config --get commit.template [8ms]
2025-01-27 06:56:48.549 [info] > git for-each-ref --format=%(refname)%00%(upstream:short)%00%(objectname)%00%(upstream:track)%00%(upstream:remotename)%00%(upstream:remoteref) refs/heads/main refs/remotes/main [2ms]
2025-01-27 06:56:48.569 [info] > git for-each-ref --sort -committerdate --format %(refname) %(objectname) %(*objectname) [2ms]
2025-01-27 06:56:48.577 [info] > git status -z -uall [18ms]
2025-01-27 06:56:53.600 [info] > git config --get commit.template [8ms]
2025-01-27 06:56:53.601 [info] > git for-each-ref --format=%(refname)%00%(upstream:short)%00%(objectname)%00%(upstream:track)%00%(upstream:remotename)%00%(upstream:remoteref) refs/heads/main refs/remotes/main [2ms]
2025-01-27 06:56:53.617 [info] > git for-each-ref --sort -committerdate --format %(refname) %(objectname) %(*objectname) [2ms]
2025-01-27 06:56:53.627 [info] > git status -z -uall [18ms]
2025-01-27 06:56:58.650 [info] > git config --get commit.template [9ms]
2025-01-27 06:56:58.651 [info] > git for-each-ref --format=%(refname)%00%(upstream:short)%00%(objectname)%00%(upstream:track)%00%(upstream:remotename)%00%(upstream:remoteref) refs/heads/main refs/remotes/main [2ms]
2025-01-27 06:56:58.668 [info] > git for-each-ref --sort -committerdate --format %(refname) %(objectname) %(*objectname) [2ms]
2025-01-27 06:56:58.677 [info] > git status -z -uall [19ms]
2025-01-27 06:57:03.700 [info] > git config --get commit.template [8ms]
2025-01-27 06:57:03.701 [info] > git for-each-ref --format=%(refname)%00%(upstream:short)%00%(objectname)%00%(upstream:track)%00%(upstream:remotename)%00%(upstream:remoteref) refs/heads/main refs/remotes/main [2ms]
2025-01-27 06:57:03.719 [info] > git for-each-ref --sort -committerdate --format %(refname) %(objectname) %(*objectname) [2ms]
2025-01-27 06:57:03.727 [info] > git status -z -uall [18ms]
2025-01-27 06:57:24.801 [info] > git config --get commit.template [2ms]
2025-01-27 06:57:24.810 [info] > git for-each-ref --format=%(refname)%00%(upstream:short)%00%(objectname)%00%(upstream:track)%00%(upstream:remotename)%00%(upstream:remoteref) refs/heads/main refs/remotes/main [2ms]
2025-01-27 06:57:24.827 [info] > git for-each-ref --sort -committerdate --format %(refname) %(objectname) %(*objectname) [3ms]
2025-01-27 06:57:24.835 [info] > git status -z -uall [18ms]
2025-01-27 06:57:29.858 [info] > git config --get commit.template [8ms]
2025-01-27 06:57:29.859 [info] > git for-each-ref --format=%(refname)%00%(upstream:short)%00%(objectname)%00%(upstream:track)%00%(upstream:remotename)%00%(upstream:remoteref) refs/heads/main refs/remotes/main [2ms]
2025-01-27 06:57:29.877 [info] > git for-each-ref --sort -committerdate --format %(refname) %(objectname) %(*objectname) [3ms]
2025-01-27 06:57:29.884 [info] > git status -z -uall [18ms]
2025-01-27 06:57:34.904 [info] > git config --get commit.template [8ms]
2025-01-27 06:57:34.906 [info] > git for-each-ref --format=%(refname)%00%(upstream:short)%00%(objectname)%00%(upstream:track)%00%(upstream:remotename)%00%(upstream:remoteref) refs/heads/main refs/remotes/main [1ms]
2025-01-27 06:57:34.922 [info] > git for-each-ref --sort -committerdate --format %(refname) %(objectname) %(*objectname) [3ms]
2025-01-27 06:57:34.930 [info] > git status -z -uall [18ms]
2025-01-27 06:57:39.951 [info] > git config --get commit.template [8ms]
2025-01-27 06:57:39.953 [info] > git for-each-ref --format=%(refname)%00%(upstream:short)%00%(objectname)%00%(upstream:track)%00%(upstream:remotename)%00%(upstream:remoteref) refs/heads/main refs/remotes/main [3ms]
2025-01-27 06:57:39.969 [info] > git for-each-ref --sort -committerdate --format %(refname) %(objectname) %(*objectname) [3ms]
2025-01-27 06:57:39.978 [info] > git status -z -uall [18ms]
2025-01-27 06:57:48.610 [info] > git config --get commit.template [9ms]
2025-01-27 06:57:48.611 [info] > git for-each-ref --format=%(refname)%00%(upstream:short)%00%(objectname)%00%(upstream:track)%00%(upstream:remotename)%00%(upstream:remoteref) refs/heads/main refs/remotes/main [3ms]
2025-01-27 06:57:48.627 [info] > git for-each-ref --sort -committerdate --format %(refname) %(objectname) %(*objectname) [3ms]
2025-01-27 06:57:48.636 [info] > git status -z -uall [19ms]
2025-01-27 06:57:53.658 [info] > git config --get commit.template [8ms]
2025-01-27 06:57:53.660 [info] > git for-each-ref --format=%(refname)%00%(upstream:short)%00%(objectname)%00%(upstream:track)%00%(upstream:remotename)%00%(upstream:remoteref) refs/heads/main refs/remotes/main [3ms]
2025-01-27 06:57:53.677 [info] > git for-each-ref --sort -committerdate --format %(refname) %(objectname) %(*objectname) [2ms]
2025-01-27 06:57:53.685 [info] > git status -z -uall [18ms]
2025-01-27 06:57:58.705 [info] > git config --get commit.template [8ms]
2025-01-27 06:57:58.706 [info] > git for-each-ref --format=%(refname)%00%(upstream:short)%00%(objectname)%00%(upstream:track)%00%(upstream:remotename)%00%(upstream:remoteref) refs/heads/main refs/remotes/main [2ms]
2025-01-27 06:57:58.723 [info] > git for-each-ref --sort -committerdate --format %(refname) %(objectname) %(*objectname) [3ms]
2025-01-27 06:57:58.731 [info] > git status -z -uall [18ms]
2025-01-27 06:58:22.827 [info] > git config --get commit.template [10ms]
2025-01-27 06:58:22.827 [info] > git for-each-ref --format=%(refname)%00%(upstream:short)%00%(objectname)%00%(upstream:track)%00%(upstream:remotename)%00%(upstream:remoteref) refs/heads/main refs/remotes/main [3ms]
2025-01-27 06:58:22.843 [info] > git for-each-ref --sort -committerdate --format %(refname) %(objectname) %(*objectname) [2ms]
2025-01-27 06:58:22.852 [info] > git status -z -uall [18ms]
2025-01-27 06:58:38.607 [info] > git config --get commit.template [10ms]
2025-01-27 06:58:38.607 [info] > git for-each-ref --format=%(refname)%00%(upstream:short)%00%(objectname)%00%(upstream:track)%00%(upstream:remotename)%00%(upstream:remoteref) refs/heads/main refs/remotes/main [3ms]
2025-01-27 06:58:38.624 [info] > git for-each-ref --sort -committerdate --format %(refname) %(objectname) %(*objectname) [3ms]
2025-01-27 06:58:38.632 [info] > git status -z -uall [18ms]
2025-01-27 06:58:45.179 [info] > git config --get commit.template [2ms]
2025-01-27 06:58:45.188 [info] > git for-each-ref --format=%(refname)%00%(upstream:short)%00%(objectname)%00%(upstream:track)%00%(upstream:remotename)%00%(upstream:remoteref) refs/heads/main refs/remotes/main [2ms]
2025-01-27 06:58:45.204 [info] > git for-each-ref --sort -committerdate --format %(refname) %(objectname) %(*objectname) [2ms]
2025-01-27 06:58:45.212 [info] > git status -z -uall [17ms]
2025-01-27 06:58:50.239 [info] > git config --get commit.template [8ms]
2025-01-27 06:58:50.241 [info] > git for-each-ref --format=%(refname)%00%(upstream:short)%00%(objectname)%00%(upstream:track)%00%(upstream:remotename)%00%(upstream:remoteref) refs/heads/main refs/remotes/main [2ms]
2025-01-27 06:58:50.257 [info] > git for-each-ref --sort -committerdate --format %(refname) %(objectname) %(*objectname) [2ms]
2025-01-27 06:58:50.266 [info] > git status -z -uall [18ms]
2025-01-27 06:58:55.286 [info] > git config --get commit.template [8ms]
2025-01-27 06:58:55.288 [info] > git for-each-ref --format=%(refname)%00%(upstream:short)%00%(objectname)%00%(upstream:track)%00%(upstream:remotename)%00%(upstream:remoteref) refs/heads/main refs/remotes/main [3ms]
2025-01-27 06:58:55.307 [info] > git for-each-ref --sort -committerdate --format %(refname) %(objectname) %(*objectname) [3ms]
2025-01-27 06:58:55.317 [info] > git status -z -uall [23ms]
2025-01-27 06:59:32.213 [info] > git config --get commit.template [9ms]
2025-01-27 06:59:32.215 [info] > git for-each-ref --format=%(refname)%00%(upstream:short)%00%(objectname)%00%(upstream:track)%00%(upstream:remotename)%00%(upstream:remoteref) refs/heads/main refs/remotes/main [2ms]
2025-01-27 06:59:32.231 [info] > git for-each-ref --sort -committerdate --format %(refname) %(objectname) %(*objectname) [2ms]
2025-01-27 06:59:32.240 [info] > git status -z -uall [18ms]
2025-01-27 06:59:39.704 [info] > git config --get commit.template [2ms]
2025-01-27 06:59:39.713 [info] > git for-each-ref --format=%(refname)%00%(upstream:short)%00%(objectname)%00%(upstream:track)%00%(upstream:remotename)%00%(upstream:remoteref) refs/heads/main refs/remotes/main [2ms]
2025-01-27 06:59:39.731 [info] > git for-each-ref --sort -committerdate --format %(refname) %(objectname) %(*objectname) [2ms]
2025-01-27 06:59:39.738 [info] > git status -z -uall [18ms]
2025-01-27 06:59:45.259 [info] > git config --get commit.template [11ms]
2025-01-27 06:59:45.259 [info] > git for-each-ref --format=%(refname)%00%(upstream:short)%00%(objectname)%00%(upstream:track)%00%(upstream:remotename)%00%(upstream:remoteref) refs/heads/main refs/remotes/main [3ms]
2025-01-27 06:59:45.277 [info] > git for-each-ref --sort -committerdate --format %(refname) %(objectname) %(*objectname) [3ms]
2025-01-27 06:59:45.284 [info] > git status -z -uall [17ms]
2025-01-27 06:59:50.309 [info] > git config --get commit.template [10ms]
2025-01-27 06:59:50.309 [info] > git for-each-ref --format=%(refname)%00%(upstream:short)%00%(objectname)%00%(upstream:track)%00%(upstream:remotename)%00%(upstream:remoteref) refs/heads/main refs/remotes/main [2ms]
2025-01-27 06:59:50.326 [info] > git for-each-ref --sort -committerdate --format %(refname) %(objectname) %(*objectname) [2ms]
2025-01-27 06:59:50.334 [info] > git status -z -uall [17ms]
2025-01-27 06:59:57.787 [info] > git config --get commit.template [8ms]
2025-01-27 06:59:57.788 [info] > git for-each-ref --format=%(refname)%00%(upstream:short)%00%(objectname)%00%(upstream:track)%00%(upstream:remotename)%00%(upstream:remoteref) refs/heads/main refs/remotes/main [2ms]
2025-01-27 06:59:57.804 [info] > git for-each-ref --sort -committerdate --format %(refname) %(objectname) %(*objectname) [2ms]
2025-01-27 06:59:57.813 [info] > git status -z -uall [17ms]
2025-01-27 07:00:02.837 [info] > git config --get commit.template [8ms]
2025-01-27 07:00:02.838 [info] > git for-each-ref --format=%(refname)%00%(upstream:short)%00%(objectname)%00%(upstream:track)%00%(upstream:remotename)%00%(upstream:remoteref) refs/heads/main refs/remotes/main [2ms]
2025-01-27 07:00:02.855 [info] > git for-each-ref --sort -committerdate --format %(refname) %(objectname) %(*objectname) [3ms]
2025-01-27 07:00:02.863 [info] > git status -z -uall [18ms]
2025-01-27 07:00:07.893 [info] > git config --get commit.template [12ms]
2025-01-27 07:00:07.895 [info] > git for-each-ref --format=%(refname)%00%(upstream:short)%00%(objectname)%00%(upstream:track)%00%(upstream:remotename)%00%(upstream:remoteref) refs/heads/main refs/remotes/main [3ms]
2025-01-27 07:00:07.918 [info] > git for-each-ref --sort -committerdate --format %(refname) %(objectname) %(*objectname) [3ms]
2025-01-27 07:00:07.932 [info] > git status -z -uall [27ms]
2025-01-27 07:00:18.919 [info] > git config --get commit.template [8ms]
2025-01-27 07:00:18.921 [info] > git for-each-ref --format=%(refname)%00%(upstream:short)%00%(objectname)%00%(upstream:track)%00%(upstream:remotename)%00%(upstream:remoteref) refs/heads/main refs/remotes/main [2ms]
2025-01-27 07:00:18.938 [info] > git for-each-ref --sort -committerdate --format %(refname) %(objectname) %(*objectname) [2ms]
2025-01-27 07:00:18.946 [info] > git status -z -uall [18ms]
2025-01-27 07:00:44.309 [info] > git config --get commit.template [1ms]
2025-01-27 07:00:44.318 [info] > git for-each-ref --format=%(refname)%00%(upstream:short)%00%(objectname)%00%(upstream:track)%00%(upstream:remotename)%00%(upstream:remoteref) refs/heads/main refs/remotes/main [2ms]
2025-01-27 07:00:44.334 [info] > git for-each-ref --sort -committerdate --format %(refname) %(objectname) %(*objectname) [2ms]
2025-01-27 07:00:44.343 [info] > git status -z -uall [18ms]
2025-01-27 07:01:10.143 [info] > git config --get commit.template [8ms]
2025-01-27 07:01:10.144 [info] > git for-each-ref --format=%(refname)%00%(upstream:short)%00%(objectname)%00%(upstream:track)%00%(upstream:remotename)%00%(upstream:remoteref) refs/heads/main refs/remotes/main [2ms]
2025-01-27 07:01:10.161 [info] > git for-each-ref --sort -committerdate --format %(refname) %(objectname) %(*objectname) [2ms]
2025-01-27 07:01:10.170 [info] > git status -z -uall [19ms]
2025-01-27 07:01:15.188 [info] > git config --get commit.template [2ms]
2025-01-27 07:01:15.197 [info] > git for-each-ref --format=%(refname)%00%(upstream:short)%00%(objectname)%00%(upstream:track)%00%(upstream:remotename)%00%(upstream:remoteref) refs/heads/main refs/remotes/main [2ms]
2025-01-27 07:01:15.213 [info] > git for-each-ref --sort -committerdate --format %(refname) %(objectname) %(*objectname) [3ms]
2025-01-27 07:01:15.221 [info] > git status -z -uall [17ms]
