2025-01-27 06:35:04.173 [info] [main] Log level: Info
2025-01-27 06:35:04.173 [info] [main] Validating found git in: "git"
2025-01-27 06:35:04.173 [info] [main] Using git "2.43.0" from "git"
2025-01-27 06:35:04.173 [info] [Model][doInitialScan] Initial repository scan started
2025-01-27 06:35:04.173 [info] > git rev-parse --show-toplevel [11ms]
2025-01-27 06:35:04.173 [info] > git rev-parse --git-dir --git-common-dir [1410ms]
2025-01-27 06:35:04.174 [info] [Model][openRepository] Opened repository: /home/stevenlagadapati1012
2025-01-27 06:35:04.288 [info] > git config --get commit.template [107ms]
2025-01-27 06:35:06.677 [info] > git for-each-ref --format=%(refname)%00%(upstream:short)%00%(objectname)%00%(upstream:track)%00%(upstream:remotename)%00%(upstream:remoteref) refs/heads/main refs/remotes/main [2340ms]
2025-01-27 06:35:06.722 [info] > git status -z -uall [36ms]
2025-01-27 06:35:06.723 [info] > git check-ignore -v -z --stdin [19ms]
2025-01-27 06:35:06.729 [info] > git for-each-ref --sort -committerdate --format %(refname) %(objectname) %(*objectname) [35ms]
2025-01-27 06:35:06.759 [info] > git for-each-ref --format=%(refname)%00%(upstream:short)%00%(objectname)%00%(upstream:track)%00%(upstream:remotename)%00%(upstream:remoteref) refs/heads/main refs/remotes/main [14ms]
2025-01-27 06:35:06.839 [info] > git config --get commit.template [84ms]
2025-01-27 06:35:07.073 [info] > git rev-parse --show-toplevel [299ms]
2025-01-27 06:35:07.074 [info] > git config --local branch.main.vscode-merge-base [307ms]
2025-01-27 06:35:07.074 [warning] [Git][config] git config failed: Failed to execute git
2025-01-27 06:35:07.138 [info] > git rev-parse --show-toplevel [27ms]
2025-01-27 06:35:07.138 [info] > git for-each-ref --format=%(refname)%00%(upstream:short)%00%(objectname)%00%(upstream:track)%00%(upstream:remotename)%00%(upstream:remoteref) refs/heads/main refs/remotes/main [41ms]
2025-01-27 06:35:07.158 [info] > git reflog main --grep-reflog=branch: Created from *. [72ms]
2025-01-27 06:35:07.332 [info] > git status -z -uall [186ms]
2025-01-27 06:35:07.346 [info] > git symbolic-ref --short refs/remotes/origin/HEAD [177ms]
2025-01-27 06:35:07.347 [info] fatal: ref refs/remotes/origin/HEAD is not a symbolic ref
2025-01-27 06:35:07.347 [warning] [Repository][getDefaultBranch] Failed to get default branch details: Failed to execute git.
2025-01-27 06:35:07.350 [info] > git for-each-ref --sort -committerdate --format %(refname) %(objectname) %(*objectname) [192ms]
2025-01-27 06:35:07.433 [info] > git rev-parse --show-toplevel [117ms]
2025-01-27 06:35:07.575 [info] > git rev-parse --show-toplevel [115ms]
2025-01-27 06:35:07.664 [info] > git rev-parse --show-toplevel [30ms]
2025-01-27 06:35:07.793 [info] > git rev-parse --show-toplevel [116ms]
2025-01-27 06:35:07.828 [info] > git rev-parse --show-toplevel [21ms]
2025-01-27 06:35:07.909 [info] > git rev-parse --show-toplevel [40ms]
2025-01-27 06:35:07.973 [info] > git rev-parse --show-toplevel [47ms]
2025-01-27 06:35:08.132 [info] > git rev-parse --show-toplevel [145ms]
2025-01-27 06:35:08.199 [info] > git rev-parse --show-toplevel [37ms]
2025-01-27 06:35:08.224 [info] > git rev-parse --show-toplevel [13ms]
2025-01-27 06:35:08.225 [info] [Model][doInitialScan] Initial repository scan completed - repositories (1), closed repositories (0), parent repositories (0), unsafe repositories (0)
2025-01-27 06:35:08.272 [info] > git show --textconv :app.py [29ms]
2025-01-27 06:35:08.277 [info] > git ls-files --stage -- /home/stevenlagadapati1012/app.py [9ms]
2025-01-27 06:35:13.234 [info] > git cat-file -s 559c1f036a83aec4db2a5c43c237aacdd2a2adee [4928ms]
2025-01-27 06:35:13.239 [info] > git config --get commit.template [26ms]
2025-01-27 06:35:13.255 [info] > git for-each-ref --format=%(refname)%00%(upstream:short)%00%(objectname)%00%(upstream:track)%00%(upstream:remotename)%00%(upstream:remoteref) refs/heads/main refs/remotes/main [2ms]
2025-01-27 06:35:13.284 [info] > git for-each-ref --sort -committerdate --format %(refname) %(objectname) %(*objectname) [3ms]
2025-01-27 06:35:13.290 [info] > git status -z -uall [24ms]
2025-01-27 06:35:26.481 [info] > git config --get commit.template [16ms]
2025-01-27 06:35:26.482 [info] > git for-each-ref --format=%(refname)%00%(upstream:short)%00%(objectname)%00%(upstream:track)%00%(upstream:remotename)%00%(upstream:remoteref) refs/heads/main refs/remotes/main [3ms]
2025-01-27 06:35:26.515 [info] > git for-each-ref --sort -committerdate --format %(refname) %(objectname) %(*objectname) [2ms]
2025-01-27 06:35:26.517 [info] > git status -z -uall [19ms]
2025-01-27 06:36:36.467 [info] > git config --get commit.template [10ms]
2025-01-27 06:36:36.467 [info] > git for-each-ref --format=%(refname)%00%(upstream:short)%00%(objectname)%00%(upstream:track)%00%(upstream:remotename)%00%(upstream:remoteref) refs/heads/main refs/remotes/main [2ms]
2025-01-27 06:36:36.490 [info] > git for-each-ref --sort -committerdate --format %(refname) %(objectname) %(*objectname) [2ms]
2025-01-27 06:36:36.498 [info] > git status -z -uall [22ms]
2025-01-27 06:36:47.526 [info] > git config --get commit.template [2ms]
2025-01-27 06:36:47.537 [info] > git for-each-ref --format=%(refname)%00%(upstream:short)%00%(objectname)%00%(upstream:track)%00%(upstream:remotename)%00%(upstream:remoteref) refs/heads/main refs/remotes/main [2ms]
2025-01-27 06:36:47.557 [info] > git for-each-ref --sort -committerdate --format %(refname) %(objectname) %(*objectname) [2ms]
2025-01-27 06:36:47.566 [info] > git status -z -uall [21ms]
2025-01-27 06:37:04.123 [info] > git ls-files --stage -- /home/stevenlagadapati1012/app.py [2ms]
2025-01-27 06:37:04.134 [info] > git cat-file -s 559c1f036a83aec4db2a5c43c237aacdd2a2adee [2ms]
2025-01-27 06:37:04.196 [info] > git show --textconv :app.py [3ms]
