2025-01-27 04:36:52.994 [info] Reading sessions from keychain...
2025-01-27 04:36:52.994 [info] Getting sessions for all scopes...
2025-01-27 04:36:52.995 [info] Got 0 sessions for ...
2025-01-27 04:36:53.050 [info] Getting sessions for read:user,repo,user:email,workflow...
2025-01-27 04:36:53.050 [info] Got 0 sessions for read:user,repo,user:email,workflow...
2025-01-27 04:36:55.906 [info] Logging in with 'any' account...
2025-01-27 04:36:55.906 [info] Logging in for the following scopes: read:user repo user:email workflow
2025-01-27 04:36:56.034 [info] Trying device code flow... (read:user repo user:email workflow)
2025-01-27 04:37:45.687 [info] Getting user info...
2025-01-27 04:37:45.900 [info] Got account info!
2025-01-27 04:37:45.900 [info] Storing 1 sessions...
2025-01-27 04:37:45.955 [info] Reading sessions from keychain...
2025-01-27 04:37:45.955 [info] Stored 1 sessions!
2025-01-27 04:37:45.955 [info] Login success!
2025-01-27 04:37:46.037 [info] Got stored sessions!
2025-01-27 04:37:46.037 [info] Got 1 verified sessions.
2025-01-27 04:37:47.133 [info] Getting sessions for read:user,repo,user:email,workflow...
2025-01-27 04:37:47.133 [info] Got 1 sessions for read:user,repo,user:email,workflow...
2025-01-27 04:40:09.146 [info] Getting sessions for read:user,repo,user:email,workflow...
2025-01-27 04:40:09.146 [info] Got 1 sessions for read:user,repo,user:email,workflow...
2025-01-27 04:44:26.538 [info] Getting sessions for read:user,repo,user:email,workflow...
2025-01-27 04:44:26.538 [info] Got 1 sessions for read:user,repo,user:email,workflow...
