2025-01-27 19:45:17.509 [info] [main] Log level: Info
2025-01-27 19:45:17.511 [info] [main] Validating found git in: "git"
2025-01-27 19:45:17.511 [info] [main] Using git "2.43.0" from "git"
2025-01-27 19:45:17.511 [info] [Model][doInitialScan] Initial repository scan started
2025-01-27 19:45:17.511 [info] > git rev-parse --show-toplevel [3ms]
2025-01-27 19:45:17.511 [info] > git rev-parse --git-dir --git-common-dir [12ms]
2025-01-27 19:45:17.511 [info] [Model][openRepository] Opened repository: /home/stevenlagadapati1012
2025-01-27 19:45:17.511 [info] > git config --get commit.template [1730ms]
2025-01-27 19:45:17.511 [info] > git for-each-ref --format=%(refname)%00%(upstream:short)%00%(objectname)%00%(upstream:track)%00%(upstream:remotename)%00%(upstream:remoteref) refs/heads/master refs/remotes/master [32ms]
2025-01-27 19:45:17.772 [info] > git check-ignore -v -z --stdin [271ms]
2025-01-27 19:45:17.773 [info] > git status -z -uall [70ms]
2025-01-27 19:45:17.775 [info] > git rev-parse --show-toplevel [267ms]
2025-01-27 19:45:17.824 [info] > git for-each-ref --sort -committerdate --format %(refname) %(objectname) %(*objectname) [109ms]
2025-01-27 19:45:17.994 [info] > git for-each-ref --format=%(refname)%00%(upstream:short)%00%(objectname)%00%(upstream:track)%00%(upstream:remotename)%00%(upstream:remoteref) refs/heads/master refs/remotes/master [152ms]
2025-01-27 19:45:18.003 [info] > git rev-parse --show-toplevel [216ms]
2025-01-27 19:45:18.029 [info] > git config --local branch.master.vscode-merge-base [26ms]
2025-01-27 19:45:18.029 [warning] [Git][config] git config failed: Failed to execute git
2025-01-27 19:45:18.038 [info] > git config --get commit.template [45ms]
2025-01-27 19:45:18.041 [info] > git rev-parse --show-toplevel [14ms]
2025-01-27 19:45:18.111 [info] > git reflog master --grep-reflog=branch: Created from *. [74ms]
2025-01-27 19:45:18.316 [info] > git symbolic-ref --short refs/remotes/origin/HEAD [191ms]
2025-01-27 19:45:18.316 [info] fatal: ref refs/remotes/origin/HEAD is not a symbolic ref
2025-01-27 19:45:18.316 [warning] [Repository][getDefaultBranch] Failed to get default branch details: Failed to execute git.
2025-01-27 19:45:18.330 [info] > git for-each-ref --format=%(refname)%00%(upstream:short)%00%(objectname)%00%(upstream:track)%00%(upstream:remotename)%00%(upstream:remoteref) refs/heads/master refs/remotes/master [220ms]
2025-01-27 19:45:18.346 [info] > git merge-base refs/heads/master refs/remotes/origin/master [19ms]
2025-01-27 19:45:18.356 [info] > git rev-parse --show-toplevel [209ms]
2025-01-27 19:45:18.460 [info] > git rev-parse --show-toplevel [20ms]
2025-01-27 19:45:18.460 [info] > git diff --name-status -z --diff-filter=ADMR 271cf86ca150f482a31158953cd053692e2f3e87...refs/remotes/origin/master [105ms]
2025-01-27 19:45:18.513 [info] > git for-each-ref --sort -committerdate --format %(refname) %(objectname) %(*objectname) [24ms]
2025-01-27 19:45:18.516 [info] > git status -z -uall [44ms]
2025-01-27 19:45:18.524 [info] > git rev-parse --show-toplevel [20ms]
2025-01-27 19:45:18.629 [info] > git rev-parse --show-toplevel [34ms]
2025-01-27 19:45:18.658 [info] > git rev-parse --show-toplevel [4ms]
2025-01-27 19:45:18.680 [info] > git rev-parse --show-toplevel [12ms]
2025-01-27 19:45:18.727 [info] > git rev-parse --show-toplevel [35ms]
2025-01-27 19:45:18.728 [info] [Model][doInitialScan] Initial repository scan completed - repositories (1), closed repositories (0), parent repositories (0), unsafe repositories (0)
2025-01-27 19:45:18.754 [info] > git show --textconv :app.py [17ms]
2025-01-27 19:45:18.757 [info] > git ls-files --stage -- /home/stevenlagadapati1012/app.py [5ms]
2025-01-27 19:45:18.770 [info] > git cat-file -s 1b9bb5d6fe46dca03a9209273b554bce69928014 [3ms]
2025-01-27 19:45:24.650 [info] > git config --get commit.template [56ms]
2025-01-27 19:45:24.668 [info] > git for-each-ref --format=%(refname)%00%(upstream:short)%00%(objectname)%00%(upstream:track)%00%(upstream:remotename)%00%(upstream:remoteref) refs/heads/master refs/remotes/master [4ms]
2025-01-27 19:45:24.719 [info] > git status -z -uall [40ms]
2025-01-27 19:45:24.720 [info] > git for-each-ref --sort -committerdate --format %(refname) %(objectname) %(*objectname) [28ms]
2025-01-27 19:45:29.755 [info] > git config --get commit.template [16ms]
2025-01-27 19:45:29.756 [info] > git for-each-ref --format=%(refname)%00%(upstream:short)%00%(objectname)%00%(upstream:track)%00%(upstream:remotename)%00%(upstream:remoteref) refs/heads/master refs/remotes/master [3ms]
2025-01-27 19:45:29.789 [info] > git for-each-ref --sort -committerdate --format %(refname) %(objectname) %(*objectname) [3ms]
2025-01-27 19:45:29.792 [info] > git status -z -uall [21ms]
2025-01-27 19:45:36.885 [info] > git check-ignore -v -z --stdin [2ms]
2025-01-27 19:48:01.651 [info] > git config --get commit.template [10ms]
2025-01-27 19:48:01.652 [info] > git for-each-ref --format=%(refname)%00%(upstream:short)%00%(objectname)%00%(upstream:track)%00%(upstream:remotename)%00%(upstream:remoteref) refs/heads/master refs/remotes/master [3ms]
2025-01-27 19:48:01.676 [info] > git for-each-ref --sort -committerdate --format %(refname) %(objectname) %(*objectname) [3ms]
2025-01-27 19:48:01.683 [info] > git status -z -uall [22ms]
2025-01-27 19:48:06.711 [info] > git config --get commit.template [12ms]
2025-01-27 19:48:06.712 [info] > git for-each-ref --format=%(refname)%00%(upstream:short)%00%(objectname)%00%(upstream:track)%00%(upstream:remotename)%00%(upstream:remoteref) refs/heads/master refs/remotes/master [2ms]
2025-01-27 19:48:06.736 [info] > git for-each-ref --sort -committerdate --format %(refname) %(objectname) %(*objectname) [4ms]
2025-01-27 19:48:06.750 [info] > git status -z -uall [28ms]
2025-01-27 19:48:16.231 [info] > git config --get commit.template [11ms]
2025-01-27 19:48:16.232 [info] > git for-each-ref --format=%(refname)%00%(upstream:short)%00%(objectname)%00%(upstream:track)%00%(upstream:remotename)%00%(upstream:remoteref) refs/heads/master refs/remotes/master [2ms]
2025-01-27 19:48:16.255 [info] > git for-each-ref --sort -committerdate --format %(refname) %(objectname) %(*objectname) [2ms]
2025-01-27 19:48:16.263 [info] > git status -z -uall [21ms]
2025-01-27 19:48:25.489 [info] > git ls-files --stage -- /home/stevenlagadapati1012/app.py [3ms]
2025-01-27 19:48:25.500 [info] > git cat-file -s 1b9bb5d6fe46dca03a9209273b554bce69928014 [2ms]
2025-01-27 19:48:25.558 [info] > git show --textconv :app.py [3ms]
2025-01-27 19:48:50.617 [info] > git ls-files --stage -- /home/stevenlagadapati1012/app.py [3ms]
2025-01-27 19:48:50.629 [info] > git cat-file -s 1b9bb5d6fe46dca03a9209273b554bce69928014 [2ms]
2025-01-27 19:48:50.680 [info] > git show --textconv :app.py [3ms]
