2025-01-26 01:02:15.455 [info] [main] Log level: Info
2025-01-26 01:02:15.455 [info] [main] Validating found git in: "git"
2025-01-26 01:02:15.455 [info] [main] Using git "2.43.0" from "git"
2025-01-26 01:02:15.456 [info] [Model][doInitialScan] Initial repository scan started
2025-01-26 01:02:15.456 [info] > git rev-parse --show-toplevel [1326ms]
2025-01-26 01:02:15.456 [info] fatal: not a git repository (or any parent up to mount point /)
Stopping at filesystem boundary (GIT_DISCOVERY_ACROSS_FILESYSTEM not set).
2025-01-26 01:02:15.457 [info] > git rev-parse --show-toplevel [3ms]
2025-01-26 01:02:15.457 [info] fatal: not a git repository (or any parent up to mount point /)
Stopping at filesystem boundary (GIT_DISCOVERY_ACROSS_FILESYSTEM not set).
2025-01-26 01:02:15.463 [info] > git rev-parse --show-toplevel [1ms]
2025-01-26 01:02:15.463 [info] fatal: not a git repository (or any parent up to mount point /)
Stopping at filesystem boundary (GIT_DISCOVERY_ACROSS_FILESYSTEM not set).
2025-01-26 01:02:15.468 [info] > git rev-parse --show-toplevel [2ms]
2025-01-26 01:02:15.468 [info] fatal: not a git repository (or any parent up to mount point /)
Stopping at filesystem boundary (GIT_DISCOVERY_ACROSS_FILESYSTEM not set).
2025-01-26 01:02:15.474 [info] > git rev-parse --show-toplevel [1ms]
2025-01-26 01:02:15.474 [info] fatal: not a git repository (or any parent up to mount point /)
Stopping at filesystem boundary (GIT_DISCOVERY_ACROSS_FILESYSTEM not set).
2025-01-26 01:02:15.479 [info] > git rev-parse --show-toplevel [2ms]
2025-01-26 01:02:15.479 [info] fatal: not a git repository (or any parent up to mount point /)
Stopping at filesystem boundary (GIT_DISCOVERY_ACROSS_FILESYSTEM not set).
2025-01-26 01:02:15.484 [info] > git rev-parse --show-toplevel [2ms]
2025-01-26 01:02:15.484 [info] fatal: not a git repository (or any parent up to mount point /)
Stopping at filesystem boundary (GIT_DISCOVERY_ACROSS_FILESYSTEM not set).
2025-01-26 01:02:15.485 [info] [Model][doInitialScan] Initial repository scan completed - repositories (0), closed repositories (0), parent repositories (0), unsafe repositories (0)
2025-01-26 01:02:18.708 [info] > git rev-parse --show-toplevel [28ms]
2025-01-26 01:02:18.708 [info] fatal: not a git repository (or any parent up to mount point /)
Stopping at filesystem boundary (GIT_DISCOVERY_ACROSS_FILESYSTEM not set).
